<?xml version="1.0" encoding="UTF-8"?>
<coverage generated="1732631620920" clover="3.2.0">
  <project timestamp="1732631620921" name="All files">
    <metrics statements="630" coveredstatements="318" conditionals="108" coveredconditionals="56" methods="60" coveredmethods="27" elements="798" coveredelements="401" complexity="0" loc="630" ncloc="630" packages="8" files="29" classes="29"/>
    <package name="Nodemailer">
      <metrics statements="32" coveredstatements="32" conditionals="10" coveredconditionals="5" methods="4" coveredmethods="4"/>
      <file name="emailTemplates.js" path="C:\Users\dharm\Desktop\SEM 5\SE\G34_Project\IT314-G34---Healthcare-Provider-Comparison-Platform\HealNexus\Backend\Nodemailer\emailTemplates.js">
        <metrics statements="4" coveredstatements="4" conditionals="0" coveredconditionals="0" methods="0" coveredmethods="0"/>
        <line num="1" count="15" type="stmt"/>
        <line num="47" count="15" type="stmt"/>
        <line num="82" count="15" type="stmt"/>
        <line num="123" count="15" type="stmt"/>
      </file>
      <file name="sendPasswordResetEmail.js" path="C:\Users\dharm\Desktop\SEM 5\SE\G34_Project\IT314-G34---Healthcare-Provider-Comparison-Platform\HealNexus\Backend\Nodemailer\sendPasswordResetEmail.js">
        <metrics statements="7" coveredstatements="7" conditionals="2" coveredconditionals="1" methods="1" coveredmethods="1"/>
        <line num="5" count="15" type="stmt"/>
        <line num="6" count="1" type="stmt"/>
        <line num="7" count="1" type="stmt"/>
        <line num="17" count="1" type="stmt"/>
        <line num="23" count="1" type="stmt"/>
        <line num="25" count="1" type="stmt"/>
        <line num="26" count="1" type="stmt"/>
      </file>
      <file name="sendResetSuccessfulMail.js" path="C:\Users\dharm\Desktop\SEM 5\SE\G34_Project\IT314-G34---Healthcare-Provider-Comparison-Platform\HealNexus\Backend\Nodemailer\sendResetSuccessfulMail.js">
        <metrics statements="7" coveredstatements="7" conditionals="2" coveredconditionals="1" methods="1" coveredmethods="1"/>
        <line num="5" count="15" type="stmt"/>
        <line num="6" count="1" type="stmt"/>
        <line num="7" count="1" type="stmt"/>
        <line num="17" count="1" type="stmt"/>
        <line num="23" count="1" type="stmt"/>
        <line num="25" count="1" type="stmt"/>
        <line num="26" count="1" type="stmt"/>
      </file>
      <file name="sendVerificationCode.js" path="C:\Users\dharm\Desktop\SEM 5\SE\G34_Project\IT314-G34---Healthcare-Provider-Comparison-Platform\HealNexus\Backend\Nodemailer\sendVerificationCode.js">
        <metrics statements="7" coveredstatements="7" conditionals="4" coveredconditionals="2" methods="1" coveredmethods="1"/>
        <line num="5" count="15" type="stmt"/>
        <line num="6" count="3" type="stmt"/>
        <line num="7" count="3" type="stmt"/>
        <line num="17" count="3" type="stmt"/>
        <line num="23" count="3" type="stmt"/>
        <line num="25" count="3" type="stmt"/>
        <line num="26" count="3" type="stmt"/>
      </file>
      <file name="sendWelcomeMail.js" path="C:\Users\dharm\Desktop\SEM 5\SE\G34_Project\IT314-G34---Healthcare-Provider-Comparison-Platform\HealNexus\Backend\Nodemailer\sendWelcomeMail.js">
        <metrics statements="7" coveredstatements="7" conditionals="2" coveredconditionals="1" methods="1" coveredmethods="1"/>
        <line num="5" count="15" type="stmt"/>
        <line num="6" count="1" type="stmt"/>
        <line num="7" count="1" type="stmt"/>
        <line num="17" count="1" type="stmt"/>
        <line num="23" count="1" type="stmt"/>
        <line num="25" count="1" type="stmt"/>
        <line num="26" count="1" type="stmt"/>
      </file>
    </package>
    <package name="Utilites">
      <metrics statements="15" coveredstatements="13" conditionals="7" coveredconditionals="5" methods="3" coveredmethods="3"/>
      <file name="errorCodes.js" path="C:\Users\dharm\Desktop\SEM 5\SE\G34_Project\IT314-G34---Healthcare-Provider-Comparison-Platform\HealNexus\Backend\Utilites\errorCodes.js">
        <metrics statements="5" coveredstatements="4" conditionals="5" coveredconditionals="4" methods="1" coveredmethods="1"/>
        <line num="1" count="15" type="stmt"/>
        <line num="12" count="35" type="stmt"/>
        <line num="13" count="35" type="cond" truecount="1" falsecount="1"/>
        <line num="14" count="0" type="stmt"/>
        <line num="17" count="35" type="stmt"/>
      </file>
      <file name="generateJWTTokenAndCookie.js" path="C:\Users\dharm\Desktop\SEM 5\SE\G34_Project\IT314-G34---Healthcare-Provider-Comparison-Platform\HealNexus\Backend\Utilites\generateJWTTokenAndCookie.js">
        <metrics statements="6" coveredstatements="5" conditionals="2" coveredconditionals="1" methods="1" coveredmethods="1"/>
        <line num="3" count="15" type="stmt"/>
        <line num="4" count="4" type="stmt"/>
        <line num="5" count="4" type="cond" truecount="1" falsecount="1"/>
        <line num="6" count="0" type="stmt"/>
        <line num="9" count="4" type="stmt"/>
        <line num="10" count="4" type="stmt"/>
      </file>
      <file name="generateVerificationCode.js" path="C:\Users\dharm\Desktop\SEM 5\SE\G34_Project\IT314-G34---Healthcare-Provider-Comparison-Platform\HealNexus\Backend\Utilites\generateVerificationCode.js">
        <metrics statements="2" coveredstatements="2" conditionals="0" coveredconditionals="0" methods="1" coveredmethods="1"/>
        <line num="1" count="15" type="stmt"/>
        <line num="2" count="4" type="stmt"/>
      </file>
      <file name="options.js" path="C:\Users\dharm\Desktop\SEM 5\SE\G34_Project\IT314-G34---Healthcare-Provider-Comparison-Platform\HealNexus\Backend\Utilites\options.js">
        <metrics statements="2" coveredstatements="2" conditionals="0" coveredconditionals="0" methods="0" coveredmethods="0"/>
        <line num="1" count="15" type="stmt"/>
        <line num="9" count="15" type="stmt"/>
      </file>
    </package>
    <package name="api.controllers">
      <metrics statements="496" coveredstatements="191" conditionals="85" coveredconditionals="42" methods="49" coveredmethods="18"/>
      <file name="admin.controller.js" path="C:\Users\dharm\Desktop\SEM 5\SE\G34_Project\IT314-G34---Healthcare-Provider-Comparison-Platform\HealNexus\Backend\api\controllers\admin.controller.js">
        <metrics statements="78" coveredstatements="64" conditionals="12" coveredconditionals="10" methods="11" coveredmethods="11"/>
        <line num="12" count="15" type="stmt"/>
        <line num="13" count="2" type="stmt"/>
        <line num="14" count="2" type="stmt"/>
        <line num="15" count="2" type="cond" truecount="2" falsecount="0"/>
        <line num="16" count="1" type="stmt"/>
        <line num="18" count="1" type="stmt"/>
        <line num="23" count="1" type="stmt"/>
        <line num="24" count="1" type="stmt"/>
        <line num="29" count="0" type="stmt"/>
        <line num="30" count="0" type="stmt"/>
        <line num="34" count="15" type="stmt"/>
        <line num="35" count="2" type="stmt"/>
        <line num="36" count="2" type="stmt"/>
        <line num="37" count="2" type="stmt"/>
        <line num="42" count="2" type="stmt"/>
        <line num="48" count="2" type="cond" truecount="2" falsecount="0"/>
        <line num="49" count="1" type="stmt"/>
        <line num="52" count="1" type="stmt"/>
        <line num="53" count="1" type="stmt"/>
        <line num="58" count="0" type="stmt"/>
        <line num="59" count="0" type="stmt"/>
        <line num="63" count="15" type="stmt"/>
        <line num="64" count="3" type="stmt"/>
        <line num="65" count="3" type="stmt"/>
        <line num="67" count="3" type="cond" truecount="4" falsecount="0"/>
        <line num="68" count="2" type="stmt"/>
        <line num="69" count="1" type="stmt"/>
        <line num="71" count="1" type="stmt"/>
        <line num="74" count="1" type="stmt"/>
        <line num="75" count="1" type="stmt"/>
        <line num="79" count="15" type="stmt"/>
        <line num="80" count="2" type="stmt"/>
        <line num="81" count="2" type="stmt"/>
        <line num="82" count="2" type="stmt"/>
        <line num="84" count="2" type="stmt"/>
        <line num="85" count="2" type="stmt"/>
        <line num="92" count="2" type="stmt"/>
        <line num="94" count="0" type="stmt"/>
        <line num="95" count="0" type="stmt"/>
        <line num="99" count="15" type="stmt"/>
        <line num="100" count="2" type="stmt"/>
        <line num="101" count="2" type="stmt"/>
        <line num="102" count="2" type="stmt"/>
        <line num="104" count="1" type="stmt"/>
        <line num="105" count="1" type="stmt"/>
        <line num="112" count="2" type="stmt"/>
        <line num="114" count="0" type="stmt"/>
        <line num="115" count="0" type="stmt"/>
        <line num="119" count="15" type="stmt"/>
        <line num="120" count="1" type="stmt"/>
        <line num="121" count="1" type="stmt"/>
        <line num="122" count="1" type="stmt"/>
        <line num="124" count="1" type="stmt"/>
        <line num="126" count="0" type="stmt"/>
        <line num="127" count="0" type="stmt"/>
        <line num="131" count="15" type="stmt"/>
        <line num="132" count="2" type="stmt"/>
        <line num="133" count="2" type="stmt"/>
        <line num="134" count="2" type="stmt"/>
        <line num="137" count="0" type="stmt"/>
        <line num="138" count="0" type="stmt"/>
        <line num="143" count="15" type="stmt"/>
        <line num="144" count="1" type="stmt"/>
        <line num="145" count="1" type="stmt"/>
        <line num="146" count="1" type="stmt"/>
        <line num="147" count="1" type="stmt"/>
        <line num="148" count="1" type="stmt"/>
        <line num="149" count="1" type="stmt"/>
        <line num="151" count="1" type="stmt"/>
        <line num="153" count="1" type="stmt"/>
        <line num="154" count="1" type="stmt"/>
        <line num="155" count="1" type="stmt"/>
        <line num="156" count="1" type="stmt"/>
        <line num="158" count="1" type="stmt"/>
        <line num="171" count="1" type="stmt"/>
        <line num="180" count="1" type="stmt"/>
        <line num="183" count="0" type="stmt"/>
        <line num="184" count="0" type="stmt"/>
      </file>
      <file name="appointment.controller.js" path="C:\Users\dharm\Desktop\SEM 5\SE\G34_Project\IT314-G34---Healthcare-Provider-Comparison-Platform\HealNexus\Backend\api\controllers\appointment.controller.js">
        <metrics statements="75" coveredstatements="4" conditionals="12" coveredconditionals="0" methods="7" coveredmethods="0"/>
        <line num="7" count="15" type="stmt"/>
        <line num="8" count="0" type="stmt"/>
        <line num="9" count="0" type="stmt"/>
        <line num="11" count="0" type="stmt"/>
        <line num="12" count="0" type="stmt"/>
        <line num="13" count="0" type="stmt"/>
        <line num="15" count="0" type="stmt"/>
        <line num="16" count="0" type="stmt"/>
        <line num="18" count="0" type="cond" truecount="0" falsecount="4"/>
        <line num="19" count="0" type="stmt"/>
        <line num="20" count="0" type="stmt"/>
        <line num="23" count="0" type="stmt"/>
        <line num="24" count="0" type="cond" truecount="0" falsecount="2"/>
        <line num="25" count="0" type="cond" truecount="0" falsecount="2"/>
        <line num="26" count="0" type="stmt"/>
        <line num="27" count="0" type="stmt"/>
        <line num="29" count="0" type="stmt"/>
        <line num="32" count="0" type="stmt"/>
        <line num="35" count="0" type="stmt"/>
        <line num="43" count="0" type="stmt"/>
        <line num="44" count="0" type="stmt"/>
        <line num="46" count="0" type="stmt"/>
        <line num="47" count="0" type="stmt"/>
        <line num="49" count="0" type="stmt"/>
        <line num="51" count="0" type="stmt"/>
        <line num="52" count="0" type="stmt"/>
        <line num="53" count="0" type="stmt"/>
        <line num="54" count="0" type="stmt"/>
        <line num="58" count="15" type="stmt"/>
        <line num="59" count="0" type="stmt"/>
        <line num="60" count="0" type="stmt"/>
        <line num="62" count="0" type="stmt"/>
        <line num="63" count="0" type="stmt"/>
        <line num="65" count="0" type="stmt"/>
        <line num="66" count="0" type="stmt"/>
        <line num="67" count="0" type="stmt"/>
        <line num="69" count="0" type="stmt"/>
        <line num="91" count="0" type="stmt"/>
        <line num="92" count="0" type="stmt"/>
        <line num="95" count="0" type="stmt"/>
        <line num="96" count="0" type="stmt"/>
        <line num="100" count="15" type="stmt"/>
        <line num="101" count="0" type="stmt"/>
        <line num="102" count="0" type="stmt"/>
        <line num="103" count="0" type="stmt"/>
        <line num="104" count="0" type="stmt"/>
        <line num="105" count="0" type="stmt"/>
        <line num="107" count="0" type="cond" truecount="0" falsecount="2"/>
        <line num="108" count="0" type="stmt"/>
        <line num="111" count="0" type="stmt"/>
        <line num="113" count="0" type="stmt"/>
        <line num="114" count="0" type="stmt"/>
        <line num="116" count="0" type="stmt"/>
        <line num="117" count="0" type="stmt"/>
        <line num="119" count="0" type="stmt"/>
        <line num="120" count="0" type="stmt"/>
        <line num="123" count="0" type="stmt"/>
        <line num="124" count="0" type="stmt"/>
        <line num="128" count="15" type="stmt"/>
        <line num="129" count="0" type="stmt"/>
        <line num="130" count="0" type="stmt"/>
        <line num="131" count="0" type="stmt"/>
        <line num="132" count="0" type="stmt"/>
        <line num="133" count="0" type="stmt"/>
        <line num="135" count="0" type="cond" truecount="0" falsecount="2"/>
        <line num="136" count="0" type="stmt"/>
        <line num="139" count="0" type="stmt"/>
        <line num="141" count="0" type="stmt"/>
        <line num="142" count="0" type="stmt"/>
        <line num="144" count="0" type="stmt"/>
        <line num="145" count="0" type="stmt"/>
        <line num="147" count="0" type="stmt"/>
        <line num="148" count="0" type="stmt"/>
        <line num="151" count="0" type="stmt"/>
        <line num="152" count="0" type="stmt"/>
      </file>
      <file name="auth.controller.js" path="C:\Users\dharm\Desktop\SEM 5\SE\G34_Project\IT314-G34---Healthcare-Provider-Comparison-Platform\HealNexus\Backend\api\controllers\auth.controller.js">
        <metrics statements="136" coveredstatements="105" conditionals="41" coveredconditionals="32" methods="7" coveredmethods="7"/>
        <line num="16" count="15" type="stmt"/>
        <line num="22" count="15" type="stmt"/>
        <line num="23" count="8" type="stmt"/>
        <line num="24" count="8" type="stmt"/>
        <line num="25" count="8" type="cond" truecount="7" falsecount="0"/>
        <line num="26" count="1" type="stmt"/>
        <line num="27" count="1" type="stmt"/>
        <line num="30" count="7" type="stmt"/>
        <line num="31" count="7" type="cond" truecount="2" falsecount="0"/>
        <line num="32" count="1" type="stmt"/>
        <line num="33" count="1" type="stmt"/>
        <line num="36" count="6" type="cond" truecount="2" falsecount="0"/>
        <line num="37" count="1" type="stmt"/>
        <line num="38" count="1" type="stmt"/>
        <line num="41" count="5" type="cond" truecount="2" falsecount="0"/>
        <line num="42" count="1" type="stmt"/>
        <line num="43" count="1" type="stmt"/>
        <line num="46" count="4" type="stmt"/>
        <line num="47" count="4" type="stmt"/>
        <line num="48" count="4" type="stmt"/>
        <line num="50" count="4" type="stmt"/>
        <line num="58" count="4" type="stmt"/>
        <line num="59" count="3" type="stmt"/>
        <line num="61" count="3" type="stmt"/>
        <line num="62" count="3" type="stmt"/>
        <line num="65" count="3" type="stmt"/>
        <line num="68" count="1" type="stmt"/>
        <line num="69" count="1" type="stmt"/>
        <line num="70" count="1" type="stmt"/>
        <line num="74" count="15" type="stmt"/>
        <line num="75" count="5" type="stmt"/>
        <line num="76" count="5" type="stmt"/>
        <line num="77" count="5" type="stmt"/>
        <line num="82" count="5" type="cond" truecount="2" falsecount="0"/>
        <line num="83" count="4" type="stmt"/>
        <line num="84" count="4" type="stmt"/>
        <line num="87" count="1" type="cond" truecount="1" falsecount="1"/>
        <line num="88" count="0" type="stmt"/>
        <line num="89" count="0" type="stmt"/>
        <line num="92" count="1" type="stmt"/>
        <line num="93" count="1" type="stmt"/>
        <line num="94" count="1" type="stmt"/>
        <line num="95" count="1" type="stmt"/>
        <line num="97" count="1" type="stmt"/>
        <line num="98" count="1" type="stmt"/>
        <line num="99" count="1" type="stmt"/>
        <line num="106" count="0" type="stmt"/>
        <line num="107" count="0" type="stmt"/>
        <line num="111" count="15" type="stmt"/>
        <line num="112" count="3" type="stmt"/>
        <line num="113" count="3" type="stmt"/>
        <line num="115" count="3" type="stmt"/>
        <line num="116" count="3" type="cond" truecount="2" falsecount="0"/>
        <line num="117" count="2" type="stmt"/>
        <line num="118" count="2" type="stmt"/>
        <line num="121" count="1" type="stmt"/>
        <line num="122" count="1" type="stmt"/>
        <line num="123" count="1" type="stmt"/>
        <line num="124" count="1" type="stmt"/>
        <line num="126" count="1" type="stmt"/>
        <line num="127" count="1" type="stmt"/>
        <line num="128" count="1" type="stmt"/>
        <line num="130" count="1" type="stmt"/>
        <line num="133" count="0" type="stmt"/>
        <line num="134" count="0" type="stmt"/>
        <line num="138" count="15" type="stmt"/>
        <line num="139" count="5" type="stmt"/>
        <line num="140" count="5" type="stmt"/>
        <line num="141" count="5" type="stmt"/>
        <line num="143" count="5" type="stmt"/>
        <line num="148" count="5" type="cond" truecount="2" falsecount="0"/>
        <line num="149" count="4" type="stmt"/>
        <line num="150" count="4" type="stmt"/>
        <line num="153" count="1" type="stmt"/>
        <line num="154" count="1" type="stmt"/>
        <line num="156" count="1" type="stmt"/>
        <line num="157" count="1" type="stmt"/>
        <line num="158" count="1" type="stmt"/>
        <line num="159" count="1" type="stmt"/>
        <line num="161" count="1" type="stmt"/>
        <line num="162" count="1" type="stmt"/>
        <line num="163" count="1" type="stmt"/>
        <line num="166" count="0" type="stmt"/>
        <line num="167" count="0" type="stmt"/>
        <line num="171" count="15" type="stmt"/>
        <line num="172" count="3" type="stmt"/>
        <line num="173" count="3" type="stmt"/>
        <line num="175" count="3" type="cond" truecount="4" falsecount="0"/>
        <line num="176" count="1" type="stmt"/>
        <line num="177" count="1" type="stmt"/>
        <line num="178" count="1" type="stmt"/>
        <line num="183" count="2" type="stmt"/>
        <line num="184" count="2" type="cond" truecount="2" falsecount="0"/>
        <line num="186" count="2" type="cond" truecount="3" falsecount="1"/>
        <line num="187" count="2" type="stmt"/>
        <line num="188" count="2" type="stmt"/>
        <line num="191" count="0" type="stmt"/>
        <line num="192" count="0" type="cond" truecount="0" falsecount="2"/>
        <line num="193" count="0" type="stmt"/>
        <line num="194" count="0" type="stmt"/>
        <line num="197" count="0" type="stmt"/>
        <line num="199" count="0" type="cond" truecount="0" falsecount="2"/>
        <line num="200" count="0" type="stmt"/>
        <line num="201" count="0" type="stmt"/>
        <line num="204" count="0" type="cond" truecount="0" falsecount="2"/>
        <line num="205" count="0" type="stmt"/>
        <line num="206" count="0" type="stmt"/>
        <line num="209" count="0" type="stmt"/>
        <line num="210" count="0" type="stmt"/>
        <line num="211" count="0" type="stmt"/>
        <line num="216" count="0" type="stmt"/>
        <line num="217" count="0" type="stmt"/>
        <line num="218" count="0" type="stmt"/>
        <line num="222" count="15" type="stmt"/>
        <line num="223" count="1" type="stmt"/>
        <line num="224" count="1" type="stmt"/>
        <line num="225" count="1" type="stmt"/>
        <line num="226" count="1" type="stmt"/>
        <line num="227" count="1" type="stmt"/>
        <line num="230" count="0" type="stmt"/>
        <line num="231" count="0" type="stmt"/>
        <line num="235" count="15" type="stmt"/>
        <line num="236" count="2" type="stmt"/>
        <line num="237" count="2" type="stmt"/>
        <line num="239" count="2" type="cond" truecount="1" falsecount="1"/>
        <line num="240" count="0" type="stmt"/>
        <line num="241" count="0" type="stmt"/>
        <line num="244" count="2" type="stmt"/>
        <line num="246" count="2" type="cond" truecount="2" falsecount="0"/>
        <line num="247" count="1" type="stmt"/>
        <line num="248" count="1" type="stmt"/>
        <line num="251" count="1" type="stmt"/>
        <line num="257" count="1" type="stmt"/>
        <line num="258" count="1" type="stmt"/>
        <line num="261" count="0" type="stmt"/>
        <line num="265" count="0" type="stmt"/>
      </file>
      <file name="doctor.controller.js" path="C:\Users\dharm\Desktop\SEM 5\SE\G34_Project\IT314-G34---Healthcare-Provider-Comparison-Platform\HealNexus\Backend\api\controllers\doctor.controller.js">
        <metrics statements="72" coveredstatements="6" conditionals="18" coveredconditionals="0" methods="12" coveredmethods="0"/>
        <line num="6" count="15" type="stmt"/>
        <line num="7" count="0" type="stmt"/>
        <line num="8" count="0" type="stmt"/>
        <line num="9" count="0" type="stmt"/>
        <line num="10" count="0" type="cond" truecount="0" falsecount="2"/>
        <line num="11" count="0" type="stmt"/>
        <line num="14" count="0" type="stmt"/>
        <line num="17" count="0" type="stmt"/>
        <line num="18" count="0" type="stmt"/>
        <line num="22" count="15" type="stmt"/>
        <line num="23" count="0" type="stmt"/>
        <line num="24" count="0" type="stmt"/>
        <line num="26" count="0" type="stmt"/>
        <line num="27" count="0" type="cond" truecount="0" falsecount="2"/>
        <line num="28" count="0" type="stmt"/>
        <line num="31" count="0" type="stmt"/>
        <line num="32" count="0" type="stmt"/>
        <line num="35" count="0" type="stmt"/>
        <line num="36" count="0" type="stmt"/>
        <line num="40" count="15" type="stmt"/>
        <line num="41" count="0" type="stmt"/>
        <line num="42" count="0" type="stmt"/>
        <line num="43" count="0" type="stmt"/>
        <line num="45" count="0" type="stmt"/>
        <line num="46" count="0" type="stmt"/>
        <line num="47" count="0" type="stmt"/>
        <line num="50" count="0" type="stmt"/>
        <line num="56" count="0" type="stmt"/>
        <line num="59" count="0" type="stmt"/>
        <line num="60" count="0" type="stmt"/>
        <line num="64" count="15" type="stmt"/>
        <line num="65" count="0" type="stmt"/>
        <line num="66" count="0" type="stmt"/>
        <line num="67" count="0" type="stmt"/>
        <line num="68" count="0" type="stmt"/>
        <line num="69" count="0" type="stmt"/>
        <line num="71" count="0" type="stmt"/>
        <line num="72" count="0" type="stmt"/>
        <line num="73" count="0" type="stmt"/>
        <line num="74" count="0" type="stmt"/>
        <line num="92" count="0" type="stmt"/>
        <line num="93" count="0" type="cond" truecount="0" falsecount="2"/>
        <line num="96" count="0" type="stmt"/>
        <line num="97" count="0" type="stmt"/>
        <line num="100" count="0" type="stmt"/>
        <line num="101" count="0" type="stmt"/>
        <line num="105" count="15" type="stmt"/>
        <line num="106" count="0" type="stmt"/>
        <line num="107" count="0" type="stmt"/>
        <line num="108" count="0" type="stmt"/>
        <line num="110" count="0" type="cond" truecount="0" falsecount="4"/>
        <line num="111" count="0" type="stmt"/>
        <line num="112" count="0" type="stmt"/>
        <line num="114" count="0" type="stmt"/>
        <line num="118" count="0" type="stmt"/>
        <line num="119" count="0" type="stmt"/>
        <line num="123" count="15" type="stmt"/>
        <line num="124" count="0" type="stmt"/>
        <line num="125" count="0" type="stmt"/>
        <line num="126" count="0" type="stmt"/>
        <line num="128" count="0" type="stmt"/>
        <line num="129" count="0" type="stmt"/>
        <line num="130" count="0" type="cond" truecount="0" falsecount="4"/>
        <line num="131" count="0" type="stmt"/>
        <line num="135" count="0" type="stmt"/>
        <line num="136" count="0" type="stmt"/>
        <line num="137" count="0" type="cond" truecount="0" falsecount="2"/>
        <line num="138" count="0" type="stmt"/>
        <line num="141" count="0" type="stmt"/>
        <line num="148" count="0" type="stmt"/>
        <line num="151" count="0" type="stmt"/>
        <line num="152" count="0" type="stmt"/>
      </file>
      <file name="profile.controller.js" path="C:\Users\dharm\Desktop\SEM 5\SE\G34_Project\IT314-G34---Healthcare-Provider-Comparison-Platform\HealNexus\Backend\api\controllers\profile.controller.js">
        <metrics statements="135" coveredstatements="12" conditionals="2" coveredconditionals="0" methods="12" coveredmethods="0"/>
        <line num="9" count="15" type="stmt"/>
        <line num="10" count="0" type="stmt"/>
        <line num="11" count="0" type="stmt"/>
        <line num="12" count="0" type="stmt"/>
        <line num="13" count="0" type="stmt"/>
        <line num="15" count="0" type="stmt"/>
        <line num="18" count="0" type="stmt"/>
        <line num="20" count="0" type="stmt"/>
        <line num="31" count="0" type="stmt"/>
        <line num="32" count="0" type="stmt"/>
        <line num="33" count="0" type="stmt"/>
        <line num="38" count="0" type="stmt"/>
        <line num="39" count="0" type="stmt"/>
        <line num="40" count="0" type="stmt"/>
        <line num="44" count="15" type="stmt"/>
        <line num="45" count="0" type="stmt"/>
        <line num="46" count="0" type="stmt"/>
        <line num="47" count="0" type="stmt"/>
        <line num="48" count="0" type="stmt"/>
        <line num="49" count="0" type="stmt"/>
        <line num="60" count="0" type="stmt"/>
        <line num="61" count="0" type="stmt"/>
        <line num="66" count="0" type="stmt"/>
        <line num="67" count="0" type="stmt"/>
        <line num="71" count="15" type="stmt"/>
        <line num="72" count="0" type="stmt"/>
        <line num="73" count="0" type="stmt"/>
        <line num="74" count="0" type="stmt"/>
        <line num="75" count="0" type="stmt"/>
        <line num="84" count="0" type="cond" truecount="0" falsecount="2"/>
        <line num="85" count="0" type="stmt"/>
        <line num="86" count="0" type="stmt"/>
        <line num="89" count="0" type="stmt"/>
        <line num="90" count="0" type="stmt"/>
        <line num="92" count="0" type="stmt"/>
        <line num="93" count="0" type="stmt"/>
        <line num="97" count="0" type="stmt"/>
        <line num="98" count="0" type="stmt"/>
        <line num="99" count="0" type="stmt"/>
        <line num="104" count="0" type="stmt"/>
        <line num="105" count="0" type="stmt"/>
        <line num="109" count="15" type="stmt"/>
        <line num="110" count="0" type="stmt"/>
        <line num="111" count="0" type="stmt"/>
        <line num="112" count="0" type="stmt"/>
        <line num="113" count="0" type="stmt"/>
        <line num="115" count="0" type="stmt"/>
        <line num="118" count="0" type="stmt"/>
        <line num="120" count="0" type="stmt"/>
        <line num="133" count="0" type="stmt"/>
        <line num="134" count="0" type="stmt"/>
        <line num="135" count="0" type="stmt"/>
        <line num="140" count="0" type="stmt"/>
        <line num="141" count="0" type="stmt"/>
        <line num="142" count="0" type="stmt"/>
        <line num="146" count="15" type="stmt"/>
        <line num="147" count="0" type="stmt"/>
        <line num="148" count="0" type="stmt"/>
        <line num="149" count="0" type="stmt"/>
        <line num="151" count="0" type="stmt"/>
        <line num="165" count="0" type="stmt"/>
        <line num="166" count="0" type="stmt"/>
        <line num="171" count="0" type="stmt"/>
        <line num="172" count="0" type="stmt"/>
        <line num="176" count="15" type="stmt"/>
        <line num="177" count="0" type="stmt"/>
        <line num="178" count="0" type="stmt"/>
        <line num="179" count="0" type="stmt"/>
        <line num="190" count="0" type="stmt"/>
        <line num="196" count="0" type="stmt"/>
        <line num="197" count="0" type="stmt"/>
        <line num="202" count="0" type="stmt"/>
        <line num="203" count="0" type="stmt"/>
        <line num="207" count="15" type="stmt"/>
        <line num="208" count="0" type="stmt"/>
        <line num="209" count="0" type="stmt"/>
        <line num="210" count="0" type="stmt"/>
        <line num="211" count="0" type="stmt"/>
        <line num="213" count="0" type="stmt"/>
        <line num="216" count="0" type="stmt"/>
        <line num="218" count="0" type="stmt"/>
        <line num="228" count="0" type="stmt"/>
        <line num="229" count="0" type="stmt"/>
        <line num="230" count="0" type="stmt"/>
        <line num="235" count="0" type="stmt"/>
        <line num="236" count="0" type="stmt"/>
        <line num="240" count="15" type="stmt"/>
        <line num="241" count="0" type="stmt"/>
        <line num="242" count="0" type="stmt"/>
        <line num="243" count="0" type="stmt"/>
        <line num="251" count="0" type="stmt"/>
        <line num="252" count="0" type="stmt"/>
        <line num="257" count="0" type="stmt"/>
        <line num="258" count="0" type="stmt"/>
        <line num="262" count="15" type="stmt"/>
        <line num="263" count="0" type="stmt"/>
        <line num="264" count="0" type="stmt"/>
        <line num="265" count="0" type="stmt"/>
        <line num="273" count="0" type="stmt"/>
        <line num="279" count="0" type="stmt"/>
        <line num="280" count="0" type="stmt"/>
        <line num="285" count="0" type="stmt"/>
        <line num="286" count="0" type="stmt"/>
        <line num="287" count="0" type="stmt"/>
        <line num="291" count="15" type="stmt"/>
        <line num="292" count="0" type="stmt"/>
        <line num="293" count="0" type="stmt"/>
        <line num="294" count="0" type="stmt"/>
        <line num="295" count="0" type="stmt"/>
        <line num="297" count="0" type="stmt"/>
        <line num="300" count="0" type="stmt"/>
        <line num="302" count="0" type="stmt"/>
        <line num="314" count="0" type="stmt"/>
        <line num="315" count="0" type="stmt"/>
        <line num="316" count="0" type="stmt"/>
        <line num="321" count="0" type="stmt"/>
        <line num="322" count="0" type="stmt"/>
        <line num="326" count="15" type="stmt"/>
        <line num="327" count="0" type="stmt"/>
        <line num="328" count="0" type="stmt"/>
        <line num="329" count="0" type="stmt"/>
        <line num="339" count="0" type="stmt"/>
        <line num="340" count="0" type="stmt"/>
        <line num="345" count="0" type="stmt"/>
        <line num="346" count="0" type="stmt"/>
        <line num="350" count="15" type="stmt"/>
        <line num="351" count="0" type="stmt"/>
        <line num="352" count="0" type="stmt"/>
        <line num="353" count="0" type="stmt"/>
        <line num="355" count="0" type="stmt"/>
        <line num="366" count="0" type="stmt"/>
        <line num="372" count="0" type="stmt"/>
        <line num="373" count="0" type="stmt"/>
        <line num="378" count="0" type="stmt"/>
        <line num="379" count="0" type="stmt"/>
      </file>
    </package>
    <package name="api.routes">
      <metrics statements="42" coveredstatements="42" conditionals="0" coveredconditionals="0" methods="0" coveredmethods="0"/>
      <file name="admin.routes.js" path="C:\Users\dharm\Desktop\SEM 5\SE\G34_Project\IT314-G34---Healthcare-Provider-Comparison-Platform\HealNexus\Backend\api\routes\admin.routes.js">
        <metrics statements="9" coveredstatements="9" conditionals="0" coveredconditionals="0" methods="0" coveredmethods="0"/>
        <line num="5" count="15" type="stmt"/>
        <line num="6" count="15" type="stmt"/>
        <line num="7" count="15" type="stmt"/>
        <line num="8" count="15" type="stmt"/>
        <line num="9" count="15" type="stmt"/>
        <line num="10" count="15" type="stmt"/>
        <line num="11" count="15" type="stmt"/>
        <line num="12" count="15" type="stmt"/>
        <line num="13" count="15" type="stmt"/>
      </file>
      <file name="appointments.routes.js" path="C:\Users\dharm\Desktop\SEM 5\SE\G34_Project\IT314-G34---Healthcare-Provider-Comparison-Platform\HealNexus\Backend\api\routes\appointments.routes.js">
        <metrics statements="5" coveredstatements="5" conditionals="0" coveredconditionals="0" methods="0" coveredmethods="0"/>
        <line num="5" count="15" type="stmt"/>
        <line num="6" count="15" type="stmt"/>
        <line num="7" count="15" type="stmt"/>
        <line num="8" count="15" type="stmt"/>
        <line num="9" count="15" type="stmt"/>
      </file>
      <file name="auth.routes.js" path="C:\Users\dharm\Desktop\SEM 5\SE\G34_Project\IT314-G34---Healthcare-Provider-Comparison-Platform\HealNexus\Backend\api\routes\auth.routes.js">
        <metrics statements="8" coveredstatements="8" conditionals="0" coveredconditionals="0" methods="0" coveredmethods="0"/>
        <line num="5" count="15" type="stmt"/>
        <line num="6" count="15" type="stmt"/>
        <line num="7" count="15" type="stmt"/>
        <line num="8" count="15" type="stmt"/>
        <line num="9" count="15" type="stmt"/>
        <line num="10" count="15" type="stmt"/>
        <line num="11" count="15" type="stmt"/>
        <line num="12" count="15" type="stmt"/>
      </file>
      <file name="patient.routes.js" path="C:\Users\dharm\Desktop\SEM 5\SE\G34_Project\IT314-G34---Healthcare-Provider-Comparison-Platform\HealNexus\Backend\api\routes\patient.routes.js">
        <metrics statements="7" coveredstatements="7" conditionals="0" coveredconditionals="0" methods="0" coveredmethods="0"/>
        <line num="5" count="15" type="stmt"/>
        <line num="6" count="15" type="stmt"/>
        <line num="7" count="15" type="stmt"/>
        <line num="8" count="15" type="stmt"/>
        <line num="9" count="15" type="stmt"/>
        <line num="10" count="15" type="stmt"/>
        <line num="11" count="15" type="stmt"/>
      </file>
      <file name="profile.route.js" path="C:\Users\dharm\Desktop\SEM 5\SE\G34_Project\IT314-G34---Healthcare-Provider-Comparison-Platform\HealNexus\Backend\api\routes\profile.route.js">
        <metrics statements="13" coveredstatements="13" conditionals="0" coveredconditionals="0" methods="0" coveredmethods="0"/>
        <line num="19" count="15" type="stmt"/>
        <line num="21" count="15" type="stmt"/>
        <line num="22" count="15" type="stmt"/>
        <line num="23" count="15" type="stmt"/>
        <line num="25" count="15" type="stmt"/>
        <line num="26" count="15" type="stmt"/>
        <line num="27" count="15" type="stmt"/>
        <line num="29" count="15" type="stmt"/>
        <line num="30" count="15" type="stmt"/>
        <line num="31" count="15" type="stmt"/>
        <line num="33" count="15" type="stmt"/>
        <line num="34" count="15" type="stmt"/>
        <line num="35" count="15" type="stmt"/>
      </file>
    </package>
    <package name="data.models">
      <metrics statements="4" coveredstatements="4" conditionals="0" coveredconditionals="0" methods="0" coveredmethods="0"/>
      <file name="appointment.models.js" path="C:\Users\dharm\Desktop\SEM 5\SE\G34_Project\IT314-G34---Healthcare-Provider-Comparison-Platform\HealNexus\Backend\data\models\appointment.models.js">
        <metrics statements="2" coveredstatements="2" conditionals="0" coveredconditionals="0" methods="0" coveredmethods="0"/>
        <line num="3" count="15" type="stmt"/>
        <line num="16" count="15" type="stmt"/>
      </file>
      <file name="user.model.js" path="C:\Users\dharm\Desktop\SEM 5\SE\G34_Project\IT314-G34---Healthcare-Provider-Comparison-Platform\HealNexus\Backend\data\models\user.model.js">
        <metrics statements="2" coveredstatements="2" conditionals="0" coveredconditionals="0" methods="0" coveredmethods="0"/>
        <line num="4" count="15" type="stmt"/>
        <line num="19" count="15" type="stmt"/>
      </file>
    </package>
    <package name="data.models.profile">
      <metrics statements="10" coveredstatements="10" conditionals="0" coveredconditionals="0" methods="0" coveredmethods="0"/>
      <file name="profile.admin.js" path="C:\Users\dharm\Desktop\SEM 5\SE\G34_Project\IT314-G34---Healthcare-Provider-Comparison-Platform\HealNexus\Backend\data\models\profile\profile.admin.js">
        <metrics statements="2" coveredstatements="2" conditionals="0" coveredconditionals="0" methods="0" coveredmethods="0"/>
        <line num="3" count="15" type="stmt"/>
        <line num="16" count="15" type="stmt"/>
      </file>
      <file name="profile.doctor.js" path="C:\Users\dharm\Desktop\SEM 5\SE\G34_Project\IT314-G34---Healthcare-Provider-Comparison-Platform\HealNexus\Backend\data\models\profile\profile.doctor.js">
        <metrics statements="2" coveredstatements="2" conditionals="0" coveredconditionals="0" methods="0" coveredmethods="0"/>
        <line num="3" count="15" type="stmt"/>
        <line num="26" count="15" type="stmt"/>
      </file>
      <file name="profile.labTechnician.js" path="C:\Users\dharm\Desktop\SEM 5\SE\G34_Project\IT314-G34---Healthcare-Provider-Comparison-Platform\HealNexus\Backend\data\models\profile\profile.labTechnician.js">
        <metrics statements="2" coveredstatements="2" conditionals="0" coveredconditionals="0" methods="0" coveredmethods="0"/>
        <line num="3" count="15" type="stmt"/>
        <line num="22" count="15" type="stmt"/>
      </file>
      <file name="profile.patient.js" path="C:\Users\dharm\Desktop\SEM 5\SE\G34_Project\IT314-G34---Healthcare-Provider-Comparison-Platform\HealNexus\Backend\data\models\profile\profile.patient.js">
        <metrics statements="2" coveredstatements="2" conditionals="0" coveredconditionals="0" methods="0" coveredmethods="0"/>
        <line num="3" count="15" type="stmt"/>
        <line num="26" count="15" type="stmt"/>
      </file>
      <file name="profile.pharmacist.js" path="C:\Users\dharm\Desktop\SEM 5\SE\G34_Project\IT314-G34---Healthcare-Provider-Comparison-Platform\HealNexus\Backend\data\models\profile\profile.pharmacist.js">
        <metrics statements="2" coveredstatements="2" conditionals="0" coveredconditionals="0" methods="0" coveredmethods="0"/>
        <line num="3" count="15" type="stmt"/>
        <line num="20" count="15" type="stmt"/>
      </file>
    </package>
    <package name="middleware">
      <metrics statements="16" coveredstatements="11" conditionals="6" coveredconditionals="4" methods="3" coveredmethods="1"/>
      <file name="multer.js" path="C:\Users\dharm\Desktop\SEM 5\SE\G34_Project\IT314-G34---Healthcare-Provider-Comparison-Platform\HealNexus\Backend\middleware\multer.js">
        <metrics statements="4" coveredstatements="2" conditionals="0" coveredconditionals="0" methods="2" coveredmethods="0"/>
        <line num="3" count="15" type="stmt"/>
        <line num="5" count="0" type="stmt"/>
        <line num="9" count="0" type="stmt"/>
        <line num="13" count="15" type="stmt"/>
      </file>
      <file name="verifyToken.js" path="C:\Users\dharm\Desktop\SEM 5\SE\G34_Project\IT314-G34---Healthcare-Provider-Comparison-Platform\HealNexus\Backend\middleware\verifyToken.js">
        <metrics statements="12" coveredstatements="9" conditionals="6" coveredconditionals="4" methods="1" coveredmethods="1"/>
        <line num="3" count="15" type="stmt"/>
        <line num="4" count="11" type="stmt"/>
        <line num="5" count="11" type="stmt"/>
        <line num="6" count="11" type="cond" truecount="2" falsecount="0"/>
        <line num="7" count="1" type="stmt"/>
        <line num="10" count="10" type="cond" truecount="1" falsecount="1"/>
        <line num="11" count="10" type="cond" truecount="1" falsecount="1"/>
        <line num="12" count="0" type="stmt"/>
        <line num="15" count="10" type="stmt"/>
        <line num="16" count="10" type="stmt"/>
        <line num="18" count="0" type="stmt"/>
        <line num="19" count="0" type="stmt"/>
      </file>
    </package>
    <package name="src">
      <metrics statements="15" coveredstatements="15" conditionals="0" coveredconditionals="0" methods="1" coveredmethods="1"/>
      <file name="app.js" path="C:\Users\dharm\Desktop\SEM 5\SE\G34_Project\IT314-G34---Healthcare-Provider-Comparison-Platform\HealNexus\Backend\src\app.js">
        <metrics statements="15" coveredstatements="15" conditionals="0" coveredconditionals="0" methods="1" coveredmethods="1"/>
        <line num="11" count="15" type="stmt"/>
        <line num="12" count="15" type="stmt"/>
        <line num="14" count="15" type="stmt"/>
        <line num="15" count="15" type="stmt"/>
        <line num="16" count="15" type="stmt"/>
        <line num="21" count="15" type="stmt"/>
        <line num="22" count="43" type="stmt"/>
        <line num="23" count="43" type="stmt"/>
        <line num="24" count="43" type="stmt"/>
        <line num="25" count="43" type="stmt"/>
        <line num="28" count="15" type="stmt"/>
        <line num="29" count="15" type="stmt"/>
        <line num="30" count="15" type="stmt"/>
        <line num="31" count="15" type="stmt"/>
        <line num="32" count="15" type="stmt"/>
      </file>
    </package>
  </project>
</coverage>
