{"D:\\vs code\\Development\\Projects\\Heal-Nexus-HealthCare-Provider-Comparison-Platform\\HealNexus\\Backend\\Nodemailer\\emailTemplates.js": {"path":"D:\\vs code\\Development\\Projects\\Heal-Nexus-HealthCare-Provider-Comparison-Platform\\HealNexus\\Backend\\Nodemailer\\emailTemplates.js","statementMap":{"0":{"start":{"line":1,"column":33},"end":{"line":45,"column":1}},"1":{"start":{"line":47,"column":29},"end":{"line":80,"column":1}},"2":{"start":{"line":82,"column":35},"end":{"line":121,"column":1}},"3":{"start":{"line":123,"column":37},"end":{"line":161,"column":1}}},"fnMap":{},"branchMap":{},"s":{"0":2,"1":2,"2":2,"3":2},"f":{},"b":{},"inputSourceMap":null,"_coverageSchema":"1a1c01bbd47fc00a2c39e90264f33305004495a9","hash":"939ca43adc1ff68695da8f8c3a056280600eb77f"}
,"D:\\vs code\\Development\\Projects\\Heal-Nexus-HealthCare-Provider-Comparison-Platform\\HealNexus\\Backend\\Nodemailer\\sendPasswordResetEmail.js": {"path":"D:\\vs code\\Development\\Projects\\Heal-Nexus-HealthCare-Provider-Comparison-Platform\\HealNexus\\Backend\\Nodemailer\\sendPasswordResetEmail.js","statementMap":{"0":{"start":{"line":5,"column":31},"end":{"line":28,"column":1}},"1":{"start":{"line":6,"column":2},"end":{"line":27,"column":3}},"2":{"start":{"line":7,"column":24},"end":{"line":15,"column":6}},"3":{"start":{"line":17,"column":24},"end":{"line":21,"column":5}},"4":{"start":{"line":23,"column":4},"end":{"line":23,"column":44}},"5":{"start":{"line":25,"column":17},"end":{"line":25,"column":99}},"6":{"start":{"line":26,"column":4},"end":{"line":26,"column":24}}},"fnMap":{"0":{"name":"(anonymous_0)","decl":{"start":{"line":5,"column":31},"end":{"line":5,"column":32}},"loc":{"start":{"line":5,"column":69},"end":{"line":28,"column":1}},"line":5}},"branchMap":{"0":{"loc":{"start":{"line":20,"column":61},"end":{"line":20,"column":98}},"type":"binary-expr","locations":[{"start":{"line":20,"column":61},"end":{"line":20,"column":69}},{"start":{"line":20,"column":73},"end":{"line":20,"column":98}}],"line":20}},"s":{"0":2,"1":0,"2":0,"3":0,"4":0,"5":0,"6":0},"f":{"0":0},"b":{"0":[0,0]},"inputSourceMap":null,"_coverageSchema":"1a1c01bbd47fc00a2c39e90264f33305004495a9","hash":"9f9c0379361de10dd4f2e3616f0317422aab8e0d"}
,"D:\\vs code\\Development\\Projects\\Heal-Nexus-HealthCare-Provider-Comparison-Platform\\HealNexus\\Backend\\Nodemailer\\sendResetSuccessfulMail.js": {"path":"D:\\vs code\\Development\\Projects\\Heal-Nexus-HealthCare-Provider-Comparison-Platform\\HealNexus\\Backend\\Nodemailer\\sendResetSuccessfulMail.js","statementMap":{"0":{"start":{"line":5,"column":32},"end":{"line":28,"column":1}},"1":{"start":{"line":6,"column":2},"end":{"line":27,"column":3}},"2":{"start":{"line":7,"column":24},"end":{"line":15,"column":6}},"3":{"start":{"line":17,"column":24},"end":{"line":21,"column":5}},"4":{"start":{"line":23,"column":4},"end":{"line":23,"column":44}},"5":{"start":{"line":25,"column":17},"end":{"line":25,"column":90}},"6":{"start":{"line":26,"column":4},"end":{"line":26,"column":24}}},"fnMap":{"0":{"name":"(anonymous_0)","decl":{"start":{"line":5,"column":32},"end":{"line":5,"column":33}},"loc":{"start":{"line":5,"column":59},"end":{"line":28,"column":1}},"line":5}},"branchMap":{"0":{"loc":{"start":{"line":20,"column":63},"end":{"line":20,"column":100}},"type":"binary-expr","locations":[{"start":{"line":20,"column":63},"end":{"line":20,"column":71}},{"start":{"line":20,"column":75},"end":{"line":20,"column":100}}],"line":20}},"s":{"0":2,"1":0,"2":0,"3":0,"4":0,"5":0,"6":0},"f":{"0":0},"b":{"0":[0,0]},"inputSourceMap":null,"_coverageSchema":"1a1c01bbd47fc00a2c39e90264f33305004495a9","hash":"13985b16430d5d41c0a2bf7a13c36b7e8f46bf31"}
,"D:\\vs code\\Development\\Projects\\Heal-Nexus-HealthCare-Provider-Comparison-Platform\\HealNexus\\Backend\\Nodemailer\\sendVerificationCode.js": {"path":"D:\\vs code\\Development\\Projects\\Heal-Nexus-HealthCare-Provider-Comparison-Platform\\HealNexus\\Backend\\Nodemailer\\sendVerificationCode.js","statementMap":{"0":{"start":{"line":5,"column":29},"end":{"line":28,"column":1}},"1":{"start":{"line":6,"column":2},"end":{"line":27,"column":3}},"2":{"start":{"line":7,"column":24},"end":{"line":15,"column":6}},"3":{"start":{"line":17,"column":24},"end":{"line":21,"column":5}},"4":{"start":{"line":23,"column":4},"end":{"line":23,"column":44}},"5":{"start":{"line":25,"column":17},"end":{"line":25,"column":95}},"6":{"start":{"line":26,"column":4},"end":{"line":26,"column":24}}},"fnMap":{"0":{"name":"(anonymous_0)","decl":{"start":{"line":5,"column":29},"end":{"line":5,"column":30}},"loc":{"start":{"line":5,"column":74},"end":{"line":28,"column":1}},"line":5}},"branchMap":{"0":{"loc":{"start":{"line":20,"column":68},"end":{"line":20,"column":105}},"type":"binary-expr","locations":[{"start":{"line":20,"column":68},"end":{"line":20,"column":84}},{"start":{"line":20,"column":88},"end":{"line":20,"column":105}}],"line":20},"1":{"loc":{"start":{"line":20,"column":129},"end":{"line":20,"column":166}},"type":"binary-expr","locations":[{"start":{"line":20,"column":129},"end":{"line":20,"column":137}},{"start":{"line":20,"column":141},"end":{"line":20,"column":166}}],"line":20}},"s":{"0":2,"1":3,"2":3,"3":3,"4":3,"5":0,"6":0},"f":{"0":3},"b":{"0":[3,0],"1":[3,0]},"inputSourceMap":null,"_coverageSchema":"1a1c01bbd47fc00a2c39e90264f33305004495a9","hash":"ff5a3f77d6955166e7355d8d0a33bb547ddabad3"}
,"D:\\vs code\\Development\\Projects\\Heal-Nexus-HealthCare-Provider-Comparison-Platform\\HealNexus\\Backend\\Nodemailer\\sendWelcomeMail.js": {"path":"D:\\vs code\\Development\\Projects\\Heal-Nexus-HealthCare-Provider-Comparison-Platform\\HealNexus\\Backend\\Nodemailer\\sendWelcomeMail.js","statementMap":{"0":{"start":{"line":5,"column":24},"end":{"line":28,"column":1}},"1":{"start":{"line":6,"column":2},"end":{"line":27,"column":3}},"2":{"start":{"line":7,"column":24},"end":{"line":15,"column":6}},"3":{"start":{"line":17,"column":24},"end":{"line":21,"column":5}},"4":{"start":{"line":23,"column":4},"end":{"line":23,"column":44}},"5":{"start":{"line":25,"column":17},"end":{"line":25,"column":85}},"6":{"start":{"line":26,"column":4},"end":{"line":26,"column":24}}},"fnMap":{"0":{"name":"(anonymous_0)","decl":{"start":{"line":5,"column":24},"end":{"line":5,"column":25}},"loc":{"start":{"line":5,"column":51},"end":{"line":28,"column":1}},"line":5}},"branchMap":{"0":{"loc":{"start":{"line":20,"column":55},"end":{"line":20,"column":92}},"type":"binary-expr","locations":[{"start":{"line":20,"column":55},"end":{"line":20,"column":63}},{"start":{"line":20,"column":67},"end":{"line":20,"column":92}}],"line":20}},"s":{"0":2,"1":1,"2":1,"3":1,"4":1,"5":0,"6":0},"f":{"0":1},"b":{"0":[1,0]},"inputSourceMap":null,"_coverageSchema":"1a1c01bbd47fc00a2c39e90264f33305004495a9","hash":"f538b083e2e9e8490b5c91e9ecb6e731d4e0b28e"}
,"D:\\vs code\\Development\\Projects\\Heal-Nexus-HealthCare-Provider-Comparison-Platform\\HealNexus\\Backend\\Utilites\\errorCodes.js": {"path":"D:\\vs code\\Development\\Projects\\Heal-Nexus-HealthCare-Provider-Comparison-Platform\\HealNexus\\Backend\\Utilites\\errorCodes.js","statementMap":{"0":{"start":{"line":1,"column":19},"end":{"line":9,"column":1}},"1":{"start":{"line":12,"column":16},"end":{"line":12,"column":37}},"2":{"start":{"line":13,"column":2},"end":{"line":15,"column":3}},"3":{"start":{"line":14,"column":4},"end":{"line":14,"column":59}},"4":{"start":{"line":17,"column":2},"end":{"line":20,"column":4}}},"fnMap":{"0":{"name":"getErrorDetails","decl":{"start":{"line":11,"column":9},"end":{"line":11,"column":24}},"loc":{"start":{"line":11,"column":56},"end":{"line":21,"column":1}},"line":11}},"branchMap":{"0":{"loc":{"start":{"line":11,"column":36},"end":{"line":11,"column":54}},"type":"default-arg","locations":[{"start":{"line":11,"column":52},"end":{"line":11,"column":54}}],"line":11},"1":{"loc":{"start":{"line":13,"column":2},"end":{"line":15,"column":3}},"type":"if","locations":[{"start":{"line":13,"column":2},"end":{"line":15,"column":3}},{"start":{},"end":{}}],"line":13},"2":{"loc":{"start":{"line":19,"column":32},"end":{"line":19,"column":73}},"type":"cond-expr","locations":[{"start":{"line":19,"column":48},"end":{"line":19,"column":68}},{"start":{"line":19,"column":71},"end":{"line":19,"column":73}}],"line":19}},"s":{"0":2,"1":11,"2":11,"3":0,"4":11},"f":{"0":11},"b":{"0":[3],"1":[0,11],"2":[8,3]},"inputSourceMap":null,"_coverageSchema":"1a1c01bbd47fc00a2c39e90264f33305004495a9","hash":"1dcf5580ba90154dd1ea59b7782a4470ef18dc39"}
,"D:\\vs code\\Development\\Projects\\Heal-Nexus-HealthCare-Provider-Comparison-Platform\\HealNexus\\Backend\\Utilites\\generateJWTTokenAndCookie.js": {"path":"D:\\vs code\\Development\\Projects\\Heal-Nexus-HealthCare-Provider-Comparison-Platform\\HealNexus\\Backend\\Utilites\\generateJWTTokenAndCookie.js","statementMap":{"0":{"start":{"line":3,"column":34},"end":{"line":16,"column":1}},"1":{"start":{"line":4,"column":16},"end":{"line":4,"column":42}},"2":{"start":{"line":5,"column":4},"end":{"line":7,"column":5}},"3":{"start":{"line":6,"column":8},"end":{"line":6,"column":46}},"4":{"start":{"line":9,"column":18},"end":{"line":9,"column":61}},"5":{"start":{"line":10,"column":4},"end":{"line":15,"column":6}}},"fnMap":{"0":{"name":"(anonymous_0)","decl":{"start":{"line":3,"column":34},"end":{"line":3,"column":35}},"loc":{"start":{"line":3,"column":51},"end":{"line":16,"column":1}},"line":3}},"branchMap":{"0":{"loc":{"start":{"line":5,"column":4},"end":{"line":7,"column":5}},"type":"if","locations":[{"start":{"line":5,"column":4},"end":{"line":7,"column":5}},{"start":{},"end":{}}],"line":5}},"s":{"0":2,"1":3,"2":3,"3":0,"4":3,"5":3},"f":{"0":3},"b":{"0":[0,3]},"inputSourceMap":null,"_coverageSchema":"1a1c01bbd47fc00a2c39e90264f33305004495a9","hash":"3f0377531153ca38d41653c61dd8058325c51cb9"}
,"D:\\vs code\\Development\\Projects\\Heal-Nexus-HealthCare-Provider-Comparison-Platform\\HealNexus\\Backend\\Utilites\\generateVerificationCode.js": {"path":"D:\\vs code\\Development\\Projects\\Heal-Nexus-HealthCare-Provider-Comparison-Platform\\HealNexus\\Backend\\Utilites\\generateVerificationCode.js","statementMap":{"0":{"start":{"line":1,"column":33},"end":{"line":3,"column":1}},"1":{"start":{"line":2,"column":4},"end":{"line":2,"column":66}}},"fnMap":{"0":{"name":"(anonymous_0)","decl":{"start":{"line":1,"column":33},"end":{"line":1,"column":34}},"loc":{"start":{"line":1,"column":39},"end":{"line":3,"column":1}},"line":1}},"branchMap":{},"s":{"0":2,"1":4},"f":{"0":4},"b":{},"inputSourceMap":null,"_coverageSchema":"1a1c01bbd47fc00a2c39e90264f33305004495a9","hash":"d4e4bb9ce14d1715b648df1d5ca319f7614932ef"}
,"D:\\vs code\\Development\\Projects\\Heal-Nexus-HealthCare-Provider-Comparison-Platform\\HealNexus\\Backend\\Utilites\\options.js": {"path":"D:\\vs code\\Development\\Projects\\Heal-Nexus-HealthCare-Provider-Comparison-Platform\\HealNexus\\Backend\\Utilites\\options.js","statementMap":{"0":{"start":{"line":1,"column":17},"end":{"line":7,"column":1}},"1":{"start":{"line":9,"column":19},"end":{"line":13,"column":1}}},"fnMap":{},"branchMap":{},"s":{"0":2,"1":2},"f":{},"b":{},"inputSourceMap":null,"_coverageSchema":"1a1c01bbd47fc00a2c39e90264f33305004495a9","hash":"8f79b3d062695e78b68635cebcd0aa681d2d333d"}
,"D:\\vs code\\Development\\Projects\\Heal-Nexus-HealthCare-Provider-Comparison-Platform\\HealNexus\\Backend\\api\\controllers\\auth.controller.js": {"path":"D:\\vs code\\Development\\Projects\\Heal-Nexus-HealthCare-Provider-Comparison-Platform\\HealNexus\\Backend\\api\\controllers\\auth.controller.js","statementMap":{"0":{"start":{"line":13,"column":15},"end":{"line":63,"column":1}},"1":{"start":{"line":14,"column":2},"end":{"line":62,"column":3}},"2":{"start":{"line":15,"column":65},"end":{"line":15,"column":73}},"3":{"start":{"line":16,"column":4},"end":{"line":19,"column":5}},"4":{"start":{"line":17,"column":20},"end":{"line":17,"column":99}},"5":{"start":{"line":18,"column":6},"end":{"line":18,"column":69}},"6":{"start":{"line":21,"column":31},"end":{"line":21,"column":58}},"7":{"start":{"line":22,"column":4},"end":{"line":25,"column":5}},"8":{"start":{"line":23,"column":20},"end":{"line":23,"column":108}},"9":{"start":{"line":24,"column":6},"end":{"line":24,"column":69}},"10":{"start":{"line":27,"column":4},"end":{"line":30,"column":5}},"11":{"start":{"line":28,"column":20},"end":{"line":28,"column":77}},"12":{"start":{"line":29,"column":6},"end":{"line":29,"column":69}},"13":{"start":{"line":32,"column":4},"end":{"line":35,"column":5}},"14":{"start":{"line":33,"column":20},"end":{"line":33,"column":72}},"15":{"start":{"line":34,"column":6},"end":{"line":34,"column":69}},"16":{"start":{"line":37,"column":17},"end":{"line":37,"column":41}},"17":{"start":{"line":38,"column":27},"end":{"line":38,"column":60}},"18":{"start":{"line":39,"column":29},"end":{"line":39,"column":55}},"19":{"start":{"line":41,"column":20},"end":{"line":48,"column":6}},"20":{"start":{"line":49,"column":4},"end":{"line":49,"column":25}},"21":{"start":{"line":50,"column":4},"end":{"line":50,"column":48}},"22":{"start":{"line":52,"column":18},"end":{"line":52,"column":44}},"23":{"start":{"line":53,"column":4},"end":{"line":55,"column":7}},"24":{"start":{"line":56,"column":4},"end":{"line":56,"column":82}},"25":{"start":{"line":59,"column":27},"end":{"line":59,"column":86}},"26":{"start":{"line":60,"column":4},"end":{"line":60,"column":22}},"27":{"start":{"line":61,"column":4},"end":{"line":61,"column":84}},"28":{"start":{"line":65,"column":20},"end":{"line":100,"column":1}},"29":{"start":{"line":66,"column":2},"end":{"line":99,"column":3}},"30":{"start":{"line":67,"column":29},"end":{"line":67,"column":37}},"31":{"start":{"line":68,"column":17},"end":{"line":71,"column":6}},"32":{"start":{"line":73,"column":4},"end":{"line":76,"column":5}},"33":{"start":{"line":74,"column":20},"end":{"line":74,"column":90}},"34":{"start":{"line":75,"column":6},"end":{"line":75,"column":69}},"35":{"start":{"line":78,"column":4},"end":{"line":81,"column":5}},"36":{"start":{"line":79,"column":20},"end":{"line":79,"column":75}},"37":{"start":{"line":80,"column":6},"end":{"line":80,"column":69}},"38":{"start":{"line":83,"column":4},"end":{"line":83,"column":27}},"39":{"start":{"line":84,"column":4},"end":{"line":84,"column":38}},"40":{"start":{"line":85,"column":4},"end":{"line":85,"column":47}},"41":{"start":{"line":86,"column":4},"end":{"line":86,"column":22}},"42":{"start":{"line":88,"column":4},"end":{"line":88,"column":52}},"43":{"start":{"line":89,"column":18},"end":{"line":89,"column":44}},"44":{"start":{"line":90,"column":4},"end":{"line":94,"column":7}},"45":{"start":{"line":97,"column":27},"end":{"line":97,"column":103}},"46":{"start":{"line":98,"column":4},"end":{"line":98,"column":84}},"47":{"start":{"line":102,"column":23},"end":{"line":127,"column":1}},"48":{"start":{"line":103,"column":2},"end":{"line":126,"column":3}},"49":{"start":{"line":104,"column":22},"end":{"line":104,"column":30}},"50":{"start":{"line":106,"column":17},"end":{"line":106,"column":46}},"51":{"start":{"line":107,"column":4},"end":{"line":110,"column":5}},"52":{"start":{"line":108,"column":20},"end":{"line":108,"column":76}},"53":{"start":{"line":109,"column":6},"end":{"line":109,"column":69}},"54":{"start":{"line":112,"column":23},"end":{"line":112,"column":61}},"55":{"start":{"line":113,"column":32},"end":{"line":113,"column":73}},"56":{"start":{"line":114,"column":4},"end":{"line":114,"column":41}},"57":{"start":{"line":115,"column":4},"end":{"line":115,"column":54}},"58":{"start":{"line":117,"column":4},"end":{"line":117,"column":22}},"59":{"start":{"line":118,"column":18},"end":{"line":118,"column":86}},"60":{"start":{"line":119,"column":4},"end":{"line":119,"column":60}},"61":{"start":{"line":121,"column":4},"end":{"line":121,"column":118}},"62":{"start":{"line":124,"column":27},"end":{"line":124,"column":95}},"63":{"start":{"line":125,"column":4},"end":{"line":125,"column":84}},"64":{"start":{"line":129,"column":22},"end":{"line":160,"column":1}},"65":{"start":{"line":130,"column":2},"end":{"line":159,"column":3}},"66":{"start":{"line":131,"column":22},"end":{"line":131,"column":32}},"67":{"start":{"line":132,"column":25},"end":{"line":132,"column":33}},"68":{"start":{"line":134,"column":17},"end":{"line":137,"column":6}},"69":{"start":{"line":139,"column":4},"end":{"line":142,"column":5}},"70":{"start":{"line":140,"column":20},"end":{"line":140,"column":84}},"71":{"start":{"line":141,"column":6},"end":{"line":141,"column":69}},"72":{"start":{"line":144,"column":17},"end":{"line":144,"column":41}},"73":{"start":{"line":145,"column":27},"end":{"line":145,"column":60}},"74":{"start":{"line":147,"column":4},"end":{"line":147,"column":35}},"75":{"start":{"line":148,"column":4},"end":{"line":148,"column":40}},"76":{"start":{"line":149,"column":4},"end":{"line":149,"column":44}},"77":{"start":{"line":150,"column":4},"end":{"line":150,"column":22}},"78":{"start":{"line":152,"column":4},"end":{"line":152,"column":61}},"79":{"start":{"line":153,"column":18},"end":{"line":153,"column":75}},"80":{"start":{"line":154,"column":4},"end":{"line":154,"column":67}},"81":{"start":{"line":157,"column":27},"end":{"line":157,"column":94}},"82":{"start":{"line":158,"column":4},"end":{"line":158,"column":84}},"83":{"start":{"line":162,"column":14},"end":{"line":184,"column":1}},"84":{"start":{"line":163,"column":2},"end":{"line":183,"column":3}},"85":{"start":{"line":164,"column":32},"end":{"line":164,"column":40}},"86":{"start":{"line":165,"column":17},"end":{"line":165,"column":44}},"87":{"start":{"line":166,"column":26},"end":{"line":166,"column":78}},"88":{"start":{"line":168,"column":4},"end":{"line":171,"column":5}},"89":{"start":{"line":169,"column":20},"end":{"line":169,"column":74}},"90":{"start":{"line":170,"column":6},"end":{"line":170,"column":69}},"91":{"start":{"line":173,"column":4},"end":{"line":173,"column":44}},"92":{"start":{"line":174,"column":18},"end":{"line":174,"column":44}},"93":{"start":{"line":175,"column":4},"end":{"line":178,"column":7}},"94":{"start":{"line":181,"column":27},"end":{"line":181,"column":85}},"95":{"start":{"line":182,"column":4},"end":{"line":182,"column":84}},"96":{"start":{"line":186,"column":15},"end":{"line":196,"column":1}},"97":{"start":{"line":187,"column":2},"end":{"line":195,"column":3}},"98":{"start":{"line":188,"column":4},"end":{"line":188,"column":39}},"99":{"start":{"line":189,"column":18},"end":{"line":189,"column":72}},"100":{"start":{"line":190,"column":4},"end":{"line":190,"column":65}},"101":{"start":{"line":193,"column":27},"end":{"line":193,"column":85}},"102":{"start":{"line":194,"column":4},"end":{"line":194,"column":83}}},"fnMap":{"0":{"name":"(anonymous_0)","decl":{"start":{"line":13,"column":15},"end":{"line":13,"column":16}},"loc":{"start":{"line":13,"column":35},"end":{"line":63,"column":1}},"line":13},"1":{"name":"(anonymous_1)","decl":{"start":{"line":65,"column":20},"end":{"line":65,"column":21}},"loc":{"start":{"line":65,"column":40},"end":{"line":100,"column":1}},"line":65},"2":{"name":"(anonymous_2)","decl":{"start":{"line":102,"column":23},"end":{"line":102,"column":24}},"loc":{"start":{"line":102,"column":43},"end":{"line":127,"column":1}},"line":102},"3":{"name":"(anonymous_3)","decl":{"start":{"line":129,"column":22},"end":{"line":129,"column":23}},"loc":{"start":{"line":129,"column":42},"end":{"line":160,"column":1}},"line":129},"4":{"name":"(anonymous_4)","decl":{"start":{"line":162,"column":14},"end":{"line":162,"column":15}},"loc":{"start":{"line":162,"column":34},"end":{"line":184,"column":1}},"line":162},"5":{"name":"(anonymous_5)","decl":{"start":{"line":186,"column":15},"end":{"line":186,"column":16}},"loc":{"start":{"line":186,"column":29},"end":{"line":196,"column":1}},"line":186}},"branchMap":{"0":{"loc":{"start":{"line":16,"column":4},"end":{"line":19,"column":5}},"type":"if","locations":[{"start":{"line":16,"column":4},"end":{"line":19,"column":5}},{"start":{},"end":{}}],"line":16},"1":{"loc":{"start":{"line":16,"column":7},"end":{"line":16,"column":68}},"type":"binary-expr","locations":[{"start":{"line":16,"column":7},"end":{"line":16,"column":16}},{"start":{"line":16,"column":20},"end":{"line":16,"column":26}},{"start":{"line":16,"column":30},"end":{"line":16,"column":39}},{"start":{"line":16,"column":43},"end":{"line":16,"column":59}},{"start":{"line":16,"column":63},"end":{"line":16,"column":68}}],"line":16},"2":{"loc":{"start":{"line":22,"column":4},"end":{"line":25,"column":5}},"type":"if","locations":[{"start":{"line":22,"column":4},"end":{"line":25,"column":5}},{"start":{},"end":{}}],"line":22},"3":{"loc":{"start":{"line":27,"column":4},"end":{"line":30,"column":5}},"type":"if","locations":[{"start":{"line":27,"column":4},"end":{"line":30,"column":5}},{"start":{},"end":{}}],"line":27},"4":{"loc":{"start":{"line":32,"column":4},"end":{"line":35,"column":5}},"type":"if","locations":[{"start":{"line":32,"column":4},"end":{"line":35,"column":5}},{"start":{},"end":{}}],"line":32},"5":{"loc":{"start":{"line":73,"column":4},"end":{"line":76,"column":5}},"type":"if","locations":[{"start":{"line":73,"column":4},"end":{"line":76,"column":5}},{"start":{},"end":{}}],"line":73},"6":{"loc":{"start":{"line":78,"column":4},"end":{"line":81,"column":5}},"type":"if","locations":[{"start":{"line":78,"column":4},"end":{"line":81,"column":5}},{"start":{},"end":{}}],"line":78},"7":{"loc":{"start":{"line":107,"column":4},"end":{"line":110,"column":5}},"type":"if","locations":[{"start":{"line":107,"column":4},"end":{"line":110,"column":5}},{"start":{},"end":{}}],"line":107},"8":{"loc":{"start":{"line":139,"column":4},"end":{"line":142,"column":5}},"type":"if","locations":[{"start":{"line":139,"column":4},"end":{"line":142,"column":5}},{"start":{},"end":{}}],"line":139},"9":{"loc":{"start":{"line":166,"column":57},"end":{"line":166,"column":77}},"type":"binary-expr","locations":[{"start":{"line":166,"column":57},"end":{"line":166,"column":71}},{"start":{"line":166,"column":75},"end":{"line":166,"column":77}}],"line":166},"10":{"loc":{"start":{"line":168,"column":4},"end":{"line":171,"column":5}},"type":"if","locations":[{"start":{"line":168,"column":4},"end":{"line":171,"column":5}},{"start":{},"end":{}}],"line":168},"11":{"loc":{"start":{"line":168,"column":7},"end":{"line":168,"column":30}},"type":"binary-expr","locations":[{"start":{"line":168,"column":7},"end":{"line":168,"column":12}},{"start":{"line":168,"column":16},"end":{"line":168,"column":30}}],"line":168}},"s":{"0":2,"1":8,"2":8,"3":8,"4":1,"5":1,"6":7,"7":7,"8":1,"9":1,"10":6,"11":1,"12":1,"13":5,"14":1,"15":1,"16":4,"17":4,"18":4,"19":4,"20":4,"21":3,"22":3,"23":3,"24":3,"25":1,"26":1,"27":1,"28":2,"29":4,"30":4,"31":4,"32":4,"33":3,"34":3,"35":1,"36":0,"37":0,"38":1,"39":1,"40":1,"41":1,"42":1,"43":0,"44":0,"45":0,"46":0,"47":2,"48":0,"49":0,"50":0,"51":0,"52":0,"53":0,"54":0,"55":0,"56":0,"57":0,"58":0,"59":0,"60":0,"61":0,"62":0,"63":0,"64":2,"65":0,"66":0,"67":0,"68":0,"69":0,"70":0,"71":0,"72":0,"73":0,"74":0,"75":0,"76":0,"77":0,"78":0,"79":0,"80":0,"81":0,"82":0,"83":2,"84":0,"85":0,"86":0,"87":0,"88":0,"89":0,"90":0,"91":0,"92":0,"93":0,"94":0,"95":0,"96":2,"97":0,"98":0,"99":0,"100":0,"101":0,"102":0},"f":{"0":8,"1":4,"2":0,"3":0,"4":0,"5":0},"b":{"0":[1,7],"1":[8,7,7,7,7],"2":[1,6],"3":[1,5],"4":[1,4],"5":[3,1],"6":[0,1],"7":[0,0],"8":[0,0],"9":[0,0],"10":[0,0],"11":[0,0]},"inputSourceMap":null,"_coverageSchema":"1a1c01bbd47fc00a2c39e90264f33305004495a9","hash":"8efe7402835f29c194435a8e81e141097d130ea6"}
,"D:\\vs code\\Development\\Projects\\Heal-Nexus-HealthCare-Provider-Comparison-Platform\\HealNexus\\Backend\\api\\controllers\\profile.controller.js": {"path":"D:\\vs code\\Development\\Projects\\Heal-Nexus-HealthCare-Provider-Comparison-Platform\\HealNexus\\Backend\\api\\controllers\\profile.controller.js","statementMap":{"0":{"start":{"line":8,"column":34},"end":{"line":31,"column":1}},"1":{"start":{"line":9,"column":2},"end":{"line":30,"column":3}},"2":{"start":{"line":10,"column":70},"end":{"line":10,"column":78}},"3":{"start":{"line":11,"column":23},"end":{"line":11,"column":26}},"4":{"start":{"line":13,"column":25},"end":{"line":17,"column":6}},"5":{"start":{"line":19,"column":4},"end":{"line":19,"column":30}},"6":{"start":{"line":21,"column":28},"end":{"line":21,"column":54}},"7":{"start":{"line":22,"column":4},"end":{"line":24,"column":7}},"8":{"start":{"line":27,"column":26},"end":{"line":27,"column":109}},"9":{"start":{"line":28,"column":4},"end":{"line":28,"column":22}},"10":{"start":{"line":29,"column":4},"end":{"line":29,"column":83}},"11":{"start":{"line":33,"column":31},"end":{"line":50,"column":1}},"12":{"start":{"line":34,"column":2},"end":{"line":49,"column":3}},"13":{"start":{"line":35,"column":25},"end":{"line":35,"column":67}},"14":{"start":{"line":36,"column":21},"end":{"line":39,"column":5}},"15":{"start":{"line":41,"column":18},"end":{"line":41,"column":44}},"16":{"start":{"line":42,"column":4},"end":{"line":44,"column":7}},"17":{"start":{"line":47,"column":27},"end":{"line":47,"column":109}},"18":{"start":{"line":48,"column":4},"end":{"line":48,"column":84}},"19":{"start":{"line":52,"column":34},"end":{"line":75,"column":1}},"20":{"start":{"line":53,"column":2},"end":{"line":74,"column":3}},"21":{"start":{"line":54,"column":37},"end":{"line":54,"column":45}},"22":{"start":{"line":55,"column":28},"end":{"line":58,"column":5}},"23":{"start":{"line":60,"column":4},"end":{"line":64,"column":6}},"24":{"start":{"line":66,"column":18},"end":{"line":66,"column":44}},"25":{"start":{"line":67,"column":4},"end":{"line":69,"column":7}},"26":{"start":{"line":72,"column":27},"end":{"line":72,"column":110}},"27":{"start":{"line":73,"column":4},"end":{"line":73,"column":84}},"28":{"start":{"line":77,"column":36},"end":{"line":102,"column":1}},"29":{"start":{"line":78,"column":2},"end":{"line":101,"column":3}},"30":{"start":{"line":79,"column":86},"end":{"line":79,"column":94}},"31":{"start":{"line":80,"column":23},"end":{"line":80,"column":26}},"32":{"start":{"line":82,"column":27},"end":{"line":90,"column":6}},"33":{"start":{"line":92,"column":4},"end":{"line":92,"column":32}},"34":{"start":{"line":93,"column":18},"end":{"line":93,"column":44}},"35":{"start":{"line":94,"column":4},"end":{"line":96,"column":7}},"36":{"start":{"line":99,"column":27},"end":{"line":99,"column":112}},"37":{"start":{"line":100,"column":4},"end":{"line":100,"column":84}},"38":{"start":{"line":104,"column":33},"end":{"line":125,"column":1}},"39":{"start":{"line":105,"column":2},"end":{"line":124,"column":3}},"40":{"start":{"line":106,"column":27},"end":{"line":106,"column":71}},"41":{"start":{"line":107,"column":21},"end":{"line":114,"column":5}},"42":{"start":{"line":116,"column":18},"end":{"line":116,"column":44}},"43":{"start":{"line":117,"column":4},"end":{"line":119,"column":7}},"44":{"start":{"line":122,"column":27},"end":{"line":122,"column":111}},"45":{"start":{"line":123,"column":4},"end":{"line":123,"column":84}},"46":{"start":{"line":127,"column":36},"end":{"line":154,"column":1}},"47":{"start":{"line":128,"column":2},"end":{"line":153,"column":3}},"48":{"start":{"line":129,"column":86},"end":{"line":129,"column":94}},"49":{"start":{"line":130,"column":30},"end":{"line":137,"column":5}},"50":{"start":{"line":139,"column":4},"end":{"line":143,"column":6}},"51":{"start":{"line":145,"column":18},"end":{"line":145,"column":44}},"52":{"start":{"line":146,"column":4},"end":{"line":148,"column":7}},"53":{"start":{"line":151,"column":27},"end":{"line":151,"column":112}},"54":{"start":{"line":152,"column":4},"end":{"line":152,"column":84}},"55":{"start":{"line":156,"column":35},"end":{"line":183,"column":1}},"56":{"start":{"line":157,"column":2},"end":{"line":182,"column":3}},"57":{"start":{"line":158,"column":121},"end":{"line":158,"column":129}},"58":{"start":{"line":159,"column":23},"end":{"line":159,"column":26}},"59":{"start":{"line":161,"column":26},"end":{"line":171,"column":6}},"60":{"start":{"line":173,"column":4},"end":{"line":173,"column":31}},"61":{"start":{"line":174,"column":18},"end":{"line":174,"column":44}},"62":{"start":{"line":175,"column":4},"end":{"line":177,"column":7}},"63":{"start":{"line":180,"column":27},"end":{"line":180,"column":111}},"64":{"start":{"line":181,"column":4},"end":{"line":181,"column":84}},"65":{"start":{"line":185,"column":32},"end":{"line":208,"column":1}},"66":{"start":{"line":186,"column":2},"end":{"line":207,"column":3}},"67":{"start":{"line":187,"column":26},"end":{"line":187,"column":69}},"68":{"start":{"line":188,"column":21},"end":{"line":197,"column":5}},"69":{"start":{"line":199,"column":18},"end":{"line":199,"column":44}},"70":{"start":{"line":200,"column":4},"end":{"line":202,"column":7}},"71":{"start":{"line":205,"column":27},"end":{"line":205,"column":110}},"72":{"start":{"line":206,"column":4},"end":{"line":206,"column":84}},"73":{"start":{"line":210,"column":35},"end":{"line":239,"column":1}},"74":{"start":{"line":211,"column":2},"end":{"line":238,"column":3}},"75":{"start":{"line":212,"column":121},"end":{"line":212,"column":129}},"76":{"start":{"line":213,"column":29},"end":{"line":222,"column":5}},"77":{"start":{"line":224,"column":4},"end":{"line":228,"column":6}},"78":{"start":{"line":230,"column":18},"end":{"line":230,"column":44}},"79":{"start":{"line":231,"column":4},"end":{"line":233,"column":7}},"80":{"start":{"line":236,"column":27},"end":{"line":236,"column":111}},"81":{"start":{"line":237,"column":4},"end":{"line":237,"column":84}},"82":{"start":{"line":241,"column":39},"end":{"line":266,"column":1}},"83":{"start":{"line":242,"column":2},"end":{"line":265,"column":3}},"84":{"start":{"line":243,"column":96},"end":{"line":243,"column":104}},"85":{"start":{"line":244,"column":23},"end":{"line":244,"column":26}},"86":{"start":{"line":246,"column":30},"end":{"line":253,"column":6}},"87":{"start":{"line":255,"column":4},"end":{"line":255,"column":35}},"88":{"start":{"line":256,"column":18},"end":{"line":256,"column":44}},"89":{"start":{"line":257,"column":4},"end":{"line":259,"column":7}},"90":{"start":{"line":262,"column":27},"end":{"line":262,"column":115}},"91":{"start":{"line":263,"column":4},"end":{"line":263,"column":23}},"92":{"start":{"line":264,"column":4},"end":{"line":264,"column":84}},"93":{"start":{"line":268,"column":36},"end":{"line":288,"column":1}},"94":{"start":{"line":269,"column":2},"end":{"line":287,"column":3}},"95":{"start":{"line":270,"column":30},"end":{"line":270,"column":77}},"96":{"start":{"line":271,"column":21},"end":{"line":277,"column":5}},"97":{"start":{"line":279,"column":18},"end":{"line":279,"column":44}},"98":{"start":{"line":280,"column":4},"end":{"line":282,"column":7}},"99":{"start":{"line":285,"column":27},"end":{"line":285,"column":114}},"100":{"start":{"line":286,"column":4},"end":{"line":286,"column":84}},"101":{"start":{"line":290,"column":39},"end":{"line":317,"column":1}},"102":{"start":{"line":291,"column":2},"end":{"line":316,"column":3}},"103":{"start":{"line":292,"column":96},"end":{"line":292,"column":104}},"104":{"start":{"line":293,"column":33},"end":{"line":299,"column":5}},"105":{"start":{"line":301,"column":4},"end":{"line":305,"column":6}},"106":{"start":{"line":307,"column":18},"end":{"line":307,"column":44}},"107":{"start":{"line":308,"column":4},"end":{"line":310,"column":7}},"108":{"start":{"line":313,"column":27},"end":{"line":313,"column":115}},"109":{"start":{"line":314,"column":4},"end":{"line":314,"column":22}},"110":{"start":{"line":315,"column":4},"end":{"line":315,"column":84}},"111":{"start":{"line":319,"column":42},"end":{"line":345,"column":1}},"112":{"start":{"line":320,"column":2},"end":{"line":344,"column":3}},"113":{"start":{"line":321,"column":121},"end":{"line":321,"column":129}},"114":{"start":{"line":322,"column":23},"end":{"line":322,"column":26}},"115":{"start":{"line":324,"column":33},"end":{"line":333,"column":6}},"116":{"start":{"line":335,"column":4},"end":{"line":335,"column":38}},"117":{"start":{"line":336,"column":18},"end":{"line":336,"column":44}},"118":{"start":{"line":337,"column":4},"end":{"line":339,"column":7}},"119":{"start":{"line":342,"column":27},"end":{"line":342,"column":119}},"120":{"start":{"line":343,"column":4},"end":{"line":343,"column":84}},"121":{"start":{"line":347,"column":39},"end":{"line":369,"column":1}},"122":{"start":{"line":348,"column":2},"end":{"line":368,"column":3}},"123":{"start":{"line":349,"column":33},"end":{"line":349,"column":83}},"124":{"start":{"line":350,"column":21},"end":{"line":358,"column":5}},"125":{"start":{"line":360,"column":18},"end":{"line":360,"column":44}},"126":{"start":{"line":361,"column":4},"end":{"line":363,"column":7}},"127":{"start":{"line":366,"column":27},"end":{"line":366,"column":118}},"128":{"start":{"line":367,"column":4},"end":{"line":367,"column":84}},"129":{"start":{"line":372,"column":42},"end":{"line":403,"column":1}},"130":{"start":{"line":373,"column":2},"end":{"line":402,"column":3}},"131":{"start":{"line":374,"column":121},"end":{"line":374,"column":129}},"132":{"start":{"line":375,"column":23},"end":{"line":375,"column":26}},"133":{"start":{"line":377,"column":36},"end":{"line":386,"column":5}},"134":{"start":{"line":388,"column":40},"end":{"line":392,"column":5}},"135":{"start":{"line":394,"column":18},"end":{"line":394,"column":44}},"136":{"start":{"line":395,"column":4},"end":{"line":397,"column":7}},"137":{"start":{"line":400,"column":27},"end":{"line":400,"column":119}},"138":{"start":{"line":401,"column":4},"end":{"line":401,"column":84}}},"fnMap":{"0":{"name":"(anonymous_0)","decl":{"start":{"line":8,"column":34},"end":{"line":8,"column":35}},"loc":{"start":{"line":8,"column":54},"end":{"line":31,"column":1}},"line":8},"1":{"name":"(anonymous_1)","decl":{"start":{"line":33,"column":31},"end":{"line":33,"column":32}},"loc":{"start":{"line":33,"column":51},"end":{"line":50,"column":1}},"line":33},"2":{"name":"(anonymous_2)","decl":{"start":{"line":52,"column":34},"end":{"line":52,"column":35}},"loc":{"start":{"line":52,"column":54},"end":{"line":75,"column":1}},"line":52},"3":{"name":"(anonymous_3)","decl":{"start":{"line":77,"column":36},"end":{"line":77,"column":37}},"loc":{"start":{"line":77,"column":56},"end":{"line":102,"column":1}},"line":77},"4":{"name":"(anonymous_4)","decl":{"start":{"line":104,"column":33},"end":{"line":104,"column":34}},"loc":{"start":{"line":104,"column":53},"end":{"line":125,"column":1}},"line":104},"5":{"name":"(anonymous_5)","decl":{"start":{"line":127,"column":36},"end":{"line":127,"column":37}},"loc":{"start":{"line":127,"column":56},"end":{"line":154,"column":1}},"line":127},"6":{"name":"(anonymous_6)","decl":{"start":{"line":156,"column":35},"end":{"line":156,"column":36}},"loc":{"start":{"line":156,"column":55},"end":{"line":183,"column":1}},"line":156},"7":{"name":"(anonymous_7)","decl":{"start":{"line":185,"column":32},"end":{"line":185,"column":33}},"loc":{"start":{"line":185,"column":52},"end":{"line":208,"column":1}},"line":185},"8":{"name":"(anonymous_8)","decl":{"start":{"line":210,"column":35},"end":{"line":210,"column":36}},"loc":{"start":{"line":210,"column":55},"end":{"line":239,"column":1}},"line":210},"9":{"name":"(anonymous_9)","decl":{"start":{"line":241,"column":39},"end":{"line":241,"column":40}},"loc":{"start":{"line":241,"column":59},"end":{"line":266,"column":1}},"line":241},"10":{"name":"(anonymous_10)","decl":{"start":{"line":268,"column":36},"end":{"line":268,"column":37}},"loc":{"start":{"line":268,"column":56},"end":{"line":288,"column":1}},"line":268},"11":{"name":"(anonymous_11)","decl":{"start":{"line":290,"column":39},"end":{"line":290,"column":40}},"loc":{"start":{"line":290,"column":59},"end":{"line":317,"column":1}},"line":290},"12":{"name":"(anonymous_12)","decl":{"start":{"line":319,"column":42},"end":{"line":319,"column":43}},"loc":{"start":{"line":319,"column":62},"end":{"line":345,"column":1}},"line":319},"13":{"name":"(anonymous_13)","decl":{"start":{"line":347,"column":39},"end":{"line":347,"column":40}},"loc":{"start":{"line":347,"column":59},"end":{"line":369,"column":1}},"line":347},"14":{"name":"(anonymous_14)","decl":{"start":{"line":372,"column":42},"end":{"line":372,"column":43}},"loc":{"start":{"line":372,"column":62},"end":{"line":403,"column":1}},"line":372}},"branchMap":{"0":{"loc":{"start":{"line":10,"column":21},"end":{"line":10,"column":65}},"type":"default-arg","locations":[{"start":{"line":10,"column":35},"end":{"line":10,"column":65}}],"line":10}},"s":{"0":2,"1":0,"2":0,"3":0,"4":0,"5":0,"6":0,"7":0,"8":0,"9":0,"10":0,"11":2,"12":0,"13":0,"14":0,"15":0,"16":0,"17":0,"18":0,"19":2,"20":0,"21":0,"22":0,"23":0,"24":0,"25":0,"26":0,"27":0,"28":2,"29":0,"30":0,"31":0,"32":0,"33":0,"34":0,"35":0,"36":0,"37":0,"38":2,"39":0,"40":0,"41":0,"42":0,"43":0,"44":0,"45":0,"46":2,"47":0,"48":0,"49":0,"50":0,"51":0,"52":0,"53":0,"54":0,"55":2,"56":0,"57":0,"58":0,"59":0,"60":0,"61":0,"62":0,"63":0,"64":0,"65":2,"66":0,"67":0,"68":0,"69":0,"70":0,"71":0,"72":0,"73":2,"74":0,"75":0,"76":0,"77":0,"78":0,"79":0,"80":0,"81":0,"82":2,"83":0,"84":0,"85":0,"86":0,"87":0,"88":0,"89":0,"90":0,"91":0,"92":0,"93":2,"94":0,"95":0,"96":0,"97":0,"98":0,"99":0,"100":0,"101":2,"102":0,"103":0,"104":0,"105":0,"106":0,"107":0,"108":0,"109":0,"110":0,"111":2,"112":0,"113":0,"114":0,"115":0,"116":0,"117":0,"118":0,"119":0,"120":0,"121":2,"122":0,"123":0,"124":0,"125":0,"126":0,"127":0,"128":0,"129":2,"130":0,"131":0,"132":0,"133":0,"134":0,"135":0,"136":0,"137":0,"138":0},"f":{"0":0,"1":0,"2":0,"3":0,"4":0,"5":0,"6":0,"7":0,"8":0,"9":0,"10":0,"11":0,"12":0,"13":0,"14":0},"b":{"0":[0]},"inputSourceMap":null,"_coverageSchema":"1a1c01bbd47fc00a2c39e90264f33305004495a9","hash":"c0e9bebb46f5ea33a5b929f123eeda315227639d"}
,"D:\\vs code\\Development\\Projects\\Heal-Nexus-HealthCare-Provider-Comparison-Platform\\HealNexus\\Backend\\api\\routes\\auth.routes.js": {"path":"D:\\vs code\\Development\\Projects\\Heal-Nexus-HealthCare-Provider-Comparison-Platform\\HealNexus\\Backend\\api\\routes\\auth.routes.js","statementMap":{"0":{"start":{"line":4,"column":15},"end":{"line":4,"column":31}},"1":{"start":{"line":5,"column":0},"end":{"line":5,"column":31}},"2":{"start":{"line":6,"column":0},"end":{"line":6,"column":42}},"3":{"start":{"line":7,"column":0},"end":{"line":7,"column":48}},"4":{"start":{"line":8,"column":0},"end":{"line":8,"column":53}},"5":{"start":{"line":9,"column":0},"end":{"line":9,"column":29}},"6":{"start":{"line":10,"column":0},"end":{"line":10,"column":31}}},"fnMap":{},"branchMap":{},"s":{"0":2,"1":2,"2":2,"3":2,"4":2,"5":2,"6":2},"f":{},"b":{},"inputSourceMap":null,"_coverageSchema":"1a1c01bbd47fc00a2c39e90264f33305004495a9","hash":"6f3e3ac1de5b361ef7105e5e038d3e61ac24e6c7"}
,"D:\\vs code\\Development\\Projects\\Heal-Nexus-HealthCare-Provider-Comparison-Platform\\HealNexus\\Backend\\api\\routes\\profile.route.js": {"path":"D:\\vs code\\Development\\Projects\\Heal-Nexus-HealthCare-Provider-Comparison-Platform\\HealNexus\\Backend\\api\\routes\\profile.route.js","statementMap":{"0":{"start":{"line":21,"column":15},"end":{"line":21,"column":31}},"1":{"start":{"line":23,"column":0},"end":{"line":23,"column":62}},"2":{"start":{"line":24,"column":0},"end":{"line":24,"column":65}},"3":{"start":{"line":25,"column":0},"end":{"line":25,"column":59}},"4":{"start":{"line":27,"column":0},"end":{"line":27,"column":66}},"5":{"start":{"line":28,"column":0},"end":{"line":28,"column":69}},"6":{"start":{"line":29,"column":0},"end":{"line":29,"column":63}},"7":{"start":{"line":31,"column":0},"end":{"line":31,"column":64}},"8":{"start":{"line":32,"column":0},"end":{"line":32,"column":67}},"9":{"start":{"line":33,"column":0},"end":{"line":33,"column":61}},"10":{"start":{"line":35,"column":0},"end":{"line":35,"column":79}},"11":{"start":{"line":36,"column":0},"end":{"line":36,"column":82}},"12":{"start":{"line":37,"column":0},"end":{"line":37,"column":76}},"13":{"start":{"line":39,"column":0},"end":{"line":39,"column":72}},"14":{"start":{"line":40,"column":0},"end":{"line":40,"column":75}},"15":{"start":{"line":41,"column":0},"end":{"line":41,"column":69}}},"fnMap":{},"branchMap":{},"s":{"0":2,"1":2,"2":2,"3":2,"4":2,"5":2,"6":2,"7":2,"8":2,"9":2,"10":2,"11":2,"12":2,"13":2,"14":2,"15":2},"f":{},"b":{},"inputSourceMap":null,"_coverageSchema":"1a1c01bbd47fc00a2c39e90264f33305004495a9","hash":"a465d69936ff3b00a2a7e003043f4342b766a34c"}
,"D:\\vs code\\Development\\Projects\\Heal-Nexus-HealthCare-Provider-Comparison-Platform\\HealNexus\\Backend\\data\\models\\user.model.js": {"path":"D:\\vs code\\Development\\Projects\\Heal-Nexus-HealthCare-Provider-Comparison-Platform\\HealNexus\\Backend\\data\\models\\user.model.js","statementMap":{"0":{"start":{"line":4,"column":19},"end":{"line":17,"column":24}},"1":{"start":{"line":19,"column":13},"end":{"line":19,"column":38}}},"fnMap":{},"branchMap":{},"s":{"0":2,"1":2},"f":{},"b":{},"inputSourceMap":null,"_coverageSchema":"1a1c01bbd47fc00a2c39e90264f33305004495a9","hash":"1102ac7f9bed959427cd500b8338c9f904eb44bc"}
,"D:\\vs code\\Development\\Projects\\Heal-Nexus-HealthCare-Provider-Comparison-Platform\\HealNexus\\Backend\\data\\models\\profile\\profile.admin.js": {"path":"D:\\vs code\\Development\\Projects\\Heal-Nexus-HealthCare-Provider-Comparison-Platform\\HealNexus\\Backend\\data\\models\\profile\\profile.admin.js","statementMap":{"0":{"start":{"line":3,"column":20},"end":{"line":14,"column":24}},"1":{"start":{"line":16,"column":21},"end":{"line":16,"column":55}}},"fnMap":{},"branchMap":{},"s":{"0":2,"1":2},"f":{},"b":{},"inputSourceMap":null,"_coverageSchema":"1a1c01bbd47fc00a2c39e90264f33305004495a9","hash":"d61ae73b577a08627166c4a9fc10b0a80e0ed153"}
,"D:\\vs code\\Development\\Projects\\Heal-Nexus-HealthCare-Provider-Comparison-Platform\\HealNexus\\Backend\\data\\models\\profile\\profile.doctor.js": {"path":"D:\\vs code\\Development\\Projects\\Heal-Nexus-HealthCare-Provider-Comparison-Platform\\HealNexus\\Backend\\data\\models\\profile\\profile.doctor.js","statementMap":{"0":{"start":{"line":3,"column":21},"end":{"line":20,"column":24}},"1":{"start":{"line":22,"column":22},"end":{"line":22,"column":58}}},"fnMap":{},"branchMap":{},"s":{"0":2,"1":2},"f":{},"b":{},"inputSourceMap":null,"_coverageSchema":"1a1c01bbd47fc00a2c39e90264f33305004495a9","hash":"00025a3058731526992e79b894ab0fed140d22c4"}
,"D:\\vs code\\Development\\Projects\\Heal-Nexus-HealthCare-Provider-Comparison-Platform\\HealNexus\\Backend\\data\\models\\profile\\profile.labTechnician.js": {"path":"D:\\vs code\\Development\\Projects\\Heal-Nexus-HealthCare-Provider-Comparison-Platform\\HealNexus\\Backend\\data\\models\\profile\\profile.labTechnician.js","statementMap":{"0":{"start":{"line":3,"column":28},"end":{"line":19,"column":24}},"1":{"start":{"line":21,"column":29},"end":{"line":21,"column":79}}},"fnMap":{},"branchMap":{},"s":{"0":2,"1":2},"f":{},"b":{},"inputSourceMap":null,"_coverageSchema":"1a1c01bbd47fc00a2c39e90264f33305004495a9","hash":"95ed371c98dd3915b665c3b4f23b5fdb8b5500c2"}
,"D:\\vs code\\Development\\Projects\\Heal-Nexus-HealthCare-Provider-Comparison-Platform\\HealNexus\\Backend\\data\\models\\profile\\profile.patient.js": {"path":"D:\\vs code\\Development\\Projects\\Heal-Nexus-HealthCare-Provider-Comparison-Platform\\HealNexus\\Backend\\data\\models\\profile\\profile.patient.js","statementMap":{"0":{"start":{"line":3,"column":22},"end":{"line":22,"column":2}},"1":{"start":{"line":24,"column":23},"end":{"line":24,"column":61}}},"fnMap":{},"branchMap":{},"s":{"0":2,"1":2},"f":{},"b":{},"inputSourceMap":null,"_coverageSchema":"1a1c01bbd47fc00a2c39e90264f33305004495a9","hash":"afd4b12636cf373e35545c773965995d1c868b6d"}
,"D:\\vs code\\Development\\Projects\\Heal-Nexus-HealthCare-Provider-Comparison-Platform\\HealNexus\\Backend\\data\\models\\profile\\profile.pharmacist.js": {"path":"D:\\vs code\\Development\\Projects\\Heal-Nexus-HealthCare-Provider-Comparison-Platform\\HealNexus\\Backend\\data\\models\\profile\\profile.pharmacist.js","statementMap":{"0":{"start":{"line":3,"column":25},"end":{"line":17,"column":24}},"1":{"start":{"line":19,"column":26},"end":{"line":19,"column":70}}},"fnMap":{},"branchMap":{},"s":{"0":2,"1":2},"f":{},"b":{},"inputSourceMap":null,"_coverageSchema":"1a1c01bbd47fc00a2c39e90264f33305004495a9","hash":"956605f5916874c2d9ac7b8ddc925f61b5a92949"}
,"D:\\vs code\\Development\\Projects\\Heal-Nexus-HealthCare-Provider-Comparison-Platform\\HealNexus\\Backend\\middleware\\verifyToken.js": {"path":"D:\\vs code\\Development\\Projects\\Heal-Nexus-HealthCare-Provider-Comparison-Platform\\HealNexus\\Backend\\middleware\\verifyToken.js","statementMap":{"0":{"start":{"line":3,"column":20},"end":{"line":21,"column":1}},"1":{"start":{"line":4,"column":2},"end":{"line":20,"column":3}},"2":{"start":{"line":5,"column":18},"end":{"line":5,"column":33}},"3":{"start":{"line":6,"column":4},"end":{"line":8,"column":5}},"4":{"start":{"line":7,"column":6},"end":{"line":7,"column":82}},"5":{"start":{"line":10,"column":19},"end":{"line":10,"column":70}},"6":{"start":{"line":11,"column":4},"end":{"line":13,"column":5}},"7":{"start":{"line":12,"column":6},"end":{"line":12,"column":81}},"8":{"start":{"line":15,"column":4},"end":{"line":15,"column":31}},"9":{"start":{"line":16,"column":4},"end":{"line":16,"column":11}},"10":{"start":{"line":18,"column":4},"end":{"line":18,"column":40}},"11":{"start":{"line":19,"column":4},"end":{"line":19,"column":69}}},"fnMap":{"0":{"name":"(anonymous_0)","decl":{"start":{"line":3,"column":20},"end":{"line":3,"column":21}},"loc":{"start":{"line":3,"column":40},"end":{"line":21,"column":1}},"line":3}},"branchMap":{"0":{"loc":{"start":{"line":6,"column":4},"end":{"line":8,"column":5}},"type":"if","locations":[{"start":{"line":6,"column":4},"end":{"line":8,"column":5}},{"start":{},"end":{}}],"line":6},"1":{"loc":{"start":{"line":10,"column":37},"end":{"line":10,"column":69}},"type":"binary-expr","locations":[{"start":{"line":10,"column":37},"end":{"line":10,"column":63}},{"start":{"line":10,"column":67},"end":{"line":10,"column":69}}],"line":10},"2":{"loc":{"start":{"line":11,"column":4},"end":{"line":13,"column":5}},"type":"if","locations":[{"start":{"line":11,"column":4},"end":{"line":13,"column":5}},{"start":{},"end":{}}],"line":11}},"s":{"0":2,"1":0,"2":0,"3":0,"4":0,"5":0,"6":0,"7":0,"8":0,"9":0,"10":0,"11":0},"f":{"0":0},"b":{"0":[0,0],"1":[0,0],"2":[0,0]},"inputSourceMap":null,"_coverageSchema":"1a1c01bbd47fc00a2c39e90264f33305004495a9","hash":"9921d99e48ad04b79af42d3a129c809d15a11ce7"}
,"D:\\vs code\\Development\\Projects\\Heal-Nexus-HealthCare-Provider-Comparison-Platform\\HealNexus\\Backend\\src\\app.js": {"path":"D:\\vs code\\Development\\Projects\\Heal-Nexus-HealthCare-Provider-Comparison-Platform\\HealNexus\\Backend\\src\\app.js","statementMap":{"0":{"start":{"line":8,"column":0},"end":{"line":8,"column":16}},"1":{"start":{"line":9,"column":12},"end":{"line":9,"column":21}},"2":{"start":{"line":11,"column":0},"end":{"line":11,"column":24}},"3":{"start":{"line":12,"column":0},"end":{"line":12,"column":24}},"4":{"start":{"line":13,"column":0},"end":{"line":16,"column":4}},"5":{"start":{"line":18,"column":0},"end":{"line":23,"column":3}},"6":{"start":{"line":19,"column":2},"end":{"line":19,"column":68}},"7":{"start":{"line":20,"column":2},"end":{"line":20,"column":50}},"8":{"start":{"line":21,"column":2},"end":{"line":21,"column":57}},"9":{"start":{"line":22,"column":2},"end":{"line":22,"column":9}},"10":{"start":{"line":25,"column":0},"end":{"line":25,"column":29}},"11":{"start":{"line":26,"column":0},"end":{"line":26,"column":35}}},"fnMap":{"0":{"name":"(anonymous_0)","decl":{"start":{"line":18,"column":8},"end":{"line":18,"column":9}},"loc":{"start":{"line":18,"column":26},"end":{"line":23,"column":1}},"line":18}},"branchMap":{},"s":{"0":2,"1":2,"2":2,"3":2,"4":2,"5":2,"6":12,"7":12,"8":12,"9":12,"10":2,"11":2},"f":{"0":12},"b":{},"inputSourceMap":null,"_coverageSchema":"1a1c01bbd47fc00a2c39e90264f33305004495a9","hash":"7085790afb3fdf7673b47bf00d48039a12b5053b"}
}
