{"C:\\Users\\dharm\\Desktop\\SEM 5\\SE\\G34_Project\\IT314-G34---Healthcare-Provider-Comparison-Platform\\HealNexus\\Backend\\Nodemailer\\emailTemplates.js": {"path":"C:\\Users\\dharm\\Desktop\\SEM 5\\SE\\G34_Project\\IT314-G34---Healthcare-Provider-Comparison-Platform\\HealNexus\\Backend\\Nodemailer\\emailTemplates.js","statementMap":{"0":{"start":{"line":1,"column":33},"end":{"line":45,"column":1}},"1":{"start":{"line":47,"column":29},"end":{"line":80,"column":1}},"2":{"start":{"line":82,"column":35},"end":{"line":121,"column":1}},"3":{"start":{"line":123,"column":37},"end":{"line":161,"column":1}}},"fnMap":{},"branchMap":{},"s":{"0":15,"1":15,"2":15,"3":15},"f":{},"b":{},"_coverageSchema":"1a1c01bbd47fc00a2c39e90264f33305004495a9","hash":"f550ed2b5a3d04c82b2cc460e3fa17a409722573"}
,"C:\\Users\\dharm\\Desktop\\SEM 5\\SE\\G34_Project\\IT314-G34---Healthcare-Provider-Comparison-Platform\\HealNexus\\Backend\\Nodemailer\\sendPasswordResetEmail.js": {"path":"C:\\Users\\dharm\\Desktop\\SEM 5\\SE\\G34_Project\\IT314-G34---Healthcare-Provider-Comparison-Platform\\HealNexus\\Backend\\Nodemailer\\sendPasswordResetEmail.js","statementMap":{"0":{"start":{"line":5,"column":31},"end":{"line":28,"column":1}},"1":{"start":{"line":6,"column":2},"end":{"line":27,"column":3}},"2":{"start":{"line":7,"column":24},"end":{"line":15,"column":6}},"3":{"start":{"line":17,"column":24},"end":{"line":21,"column":5}},"4":{"start":{"line":23,"column":4},"end":{"line":23,"column":44}},"5":{"start":{"line":25,"column":17},"end":{"line":25,"column":99}},"6":{"start":{"line":26,"column":4},"end":{"line":26,"column":24}}},"fnMap":{"0":{"name":"(anonymous_0)","decl":{"start":{"line":5,"column":31},"end":{"line":5,"column":32}},"loc":{"start":{"line":5,"column":69},"end":{"line":28,"column":1}},"line":5}},"branchMap":{"0":{"loc":{"start":{"line":20,"column":61},"end":{"line":20,"column":98}},"type":"binary-expr","locations":[{"start":{"line":20,"column":61},"end":{"line":20,"column":69}},{"start":{"line":20,"column":73},"end":{"line":20,"column":98}}],"line":20}},"s":{"0":15,"1":1,"2":1,"3":1,"4":1,"5":1,"6":1},"f":{"0":1},"b":{"0":[1,0]},"_coverageSchema":"1a1c01bbd47fc00a2c39e90264f33305004495a9","hash":"5a5e85124f39ea0971ba74bd3f15a8cf368604fa"}
,"C:\\Users\\dharm\\Desktop\\SEM 5\\SE\\G34_Project\\IT314-G34---Healthcare-Provider-Comparison-Platform\\HealNexus\\Backend\\Nodemailer\\sendResetSuccessfulMail.js": {"path":"C:\\Users\\dharm\\Desktop\\SEM 5\\SE\\G34_Project\\IT314-G34---Healthcare-Provider-Comparison-Platform\\HealNexus\\Backend\\Nodemailer\\sendResetSuccessfulMail.js","statementMap":{"0":{"start":{"line":5,"column":32},"end":{"line":28,"column":1}},"1":{"start":{"line":6,"column":2},"end":{"line":27,"column":3}},"2":{"start":{"line":7,"column":24},"end":{"line":15,"column":6}},"3":{"start":{"line":17,"column":24},"end":{"line":21,"column":5}},"4":{"start":{"line":23,"column":4},"end":{"line":23,"column":44}},"5":{"start":{"line":25,"column":17},"end":{"line":25,"column":90}},"6":{"start":{"line":26,"column":4},"end":{"line":26,"column":24}}},"fnMap":{"0":{"name":"(anonymous_0)","decl":{"start":{"line":5,"column":32},"end":{"line":5,"column":33}},"loc":{"start":{"line":5,"column":59},"end":{"line":28,"column":1}},"line":5}},"branchMap":{"0":{"loc":{"start":{"line":20,"column":63},"end":{"line":20,"column":100}},"type":"binary-expr","locations":[{"start":{"line":20,"column":63},"end":{"line":20,"column":71}},{"start":{"line":20,"column":75},"end":{"line":20,"column":100}}],"line":20}},"s":{"0":15,"1":1,"2":1,"3":1,"4":1,"5":1,"6":1},"f":{"0":1},"b":{"0":[1,0]},"_coverageSchema":"1a1c01bbd47fc00a2c39e90264f33305004495a9","hash":"5d406b6d14b97c53a0221ae3a36814b9bfbd6757"}
,"C:\\Users\\dharm\\Desktop\\SEM 5\\SE\\G34_Project\\IT314-G34---Healthcare-Provider-Comparison-Platform\\HealNexus\\Backend\\Nodemailer\\sendVerificationCode.js": {"path":"C:\\Users\\dharm\\Desktop\\SEM 5\\SE\\G34_Project\\IT314-G34---Healthcare-Provider-Comparison-Platform\\HealNexus\\Backend\\Nodemailer\\sendVerificationCode.js","statementMap":{"0":{"start":{"line":5,"column":29},"end":{"line":28,"column":1}},"1":{"start":{"line":6,"column":2},"end":{"line":27,"column":3}},"2":{"start":{"line":7,"column":24},"end":{"line":15,"column":6}},"3":{"start":{"line":17,"column":24},"end":{"line":21,"column":5}},"4":{"start":{"line":23,"column":4},"end":{"line":23,"column":44}},"5":{"start":{"line":25,"column":17},"end":{"line":25,"column":95}},"6":{"start":{"line":26,"column":4},"end":{"line":26,"column":24}}},"fnMap":{"0":{"name":"(anonymous_0)","decl":{"start":{"line":5,"column":29},"end":{"line":5,"column":30}},"loc":{"start":{"line":5,"column":74},"end":{"line":28,"column":1}},"line":5}},"branchMap":{"0":{"loc":{"start":{"line":20,"column":68},"end":{"line":20,"column":105}},"type":"binary-expr","locations":[{"start":{"line":20,"column":68},"end":{"line":20,"column":84}},{"start":{"line":20,"column":88},"end":{"line":20,"column":105}}],"line":20},"1":{"loc":{"start":{"line":20,"column":129},"end":{"line":20,"column":166}},"type":"binary-expr","locations":[{"start":{"line":20,"column":129},"end":{"line":20,"column":137}},{"start":{"line":20,"column":141},"end":{"line":20,"column":166}}],"line":20}},"s":{"0":15,"1":3,"2":3,"3":3,"4":3,"5":3,"6":3},"f":{"0":3},"b":{"0":[3,0],"1":[3,0]},"_coverageSchema":"1a1c01bbd47fc00a2c39e90264f33305004495a9","hash":"d9b0a97e743cd7aafeacaca348162454350ac55f"}
,"C:\\Users\\dharm\\Desktop\\SEM 5\\SE\\G34_Project\\IT314-G34---Healthcare-Provider-Comparison-Platform\\HealNexus\\Backend\\Nodemailer\\sendWelcomeMail.js": {"path":"C:\\Users\\dharm\\Desktop\\SEM 5\\SE\\G34_Project\\IT314-G34---Healthcare-Provider-Comparison-Platform\\HealNexus\\Backend\\Nodemailer\\sendWelcomeMail.js","statementMap":{"0":{"start":{"line":5,"column":24},"end":{"line":28,"column":1}},"1":{"start":{"line":6,"column":2},"end":{"line":27,"column":3}},"2":{"start":{"line":7,"column":24},"end":{"line":15,"column":6}},"3":{"start":{"line":17,"column":24},"end":{"line":21,"column":5}},"4":{"start":{"line":23,"column":4},"end":{"line":23,"column":44}},"5":{"start":{"line":25,"column":17},"end":{"line":25,"column":85}},"6":{"start":{"line":26,"column":4},"end":{"line":26,"column":24}}},"fnMap":{"0":{"name":"(anonymous_0)","decl":{"start":{"line":5,"column":24},"end":{"line":5,"column":25}},"loc":{"start":{"line":5,"column":51},"end":{"line":28,"column":1}},"line":5}},"branchMap":{"0":{"loc":{"start":{"line":20,"column":55},"end":{"line":20,"column":92}},"type":"binary-expr","locations":[{"start":{"line":20,"column":55},"end":{"line":20,"column":63}},{"start":{"line":20,"column":67},"end":{"line":20,"column":92}}],"line":20}},"s":{"0":15,"1":1,"2":1,"3":1,"4":1,"5":1,"6":1},"f":{"0":1},"b":{"0":[1,0]},"_coverageSchema":"1a1c01bbd47fc00a2c39e90264f33305004495a9","hash":"ad91b908c64a203669016ea743fbc4ceca023c23"}
,"C:\\Users\\dharm\\Desktop\\SEM 5\\SE\\G34_Project\\IT314-G34---Healthcare-Provider-Comparison-Platform\\HealNexus\\Backend\\Utilites\\errorCodes.js": {"path":"C:\\Users\\dharm\\Desktop\\SEM 5\\SE\\G34_Project\\IT314-G34---Healthcare-Provider-Comparison-Platform\\HealNexus\\Backend\\Utilites\\errorCodes.js","statementMap":{"0":{"start":{"line":1,"column":19},"end":{"line":9,"column":1}},"1":{"start":{"line":12,"column":16},"end":{"line":12,"column":37}},"2":{"start":{"line":13,"column":2},"end":{"line":15,"column":3}},"3":{"start":{"line":14,"column":4},"end":{"line":14,"column":59}},"4":{"start":{"line":17,"column":2},"end":{"line":20,"column":4}}},"fnMap":{"0":{"name":"getErrorDetails","decl":{"start":{"line":11,"column":9},"end":{"line":11,"column":24}},"loc":{"start":{"line":11,"column":56},"end":{"line":21,"column":1}},"line":11}},"branchMap":{"0":{"loc":{"start":{"line":11,"column":36},"end":{"line":11,"column":54}},"type":"default-arg","locations":[{"start":{"line":11,"column":52},"end":{"line":11,"column":54}}],"line":11},"1":{"loc":{"start":{"line":13,"column":2},"end":{"line":15,"column":3}},"type":"if","locations":[{"start":{"line":13,"column":2},"end":{"line":15,"column":3}},{"start":{},"end":{}}],"line":13},"2":{"loc":{"start":{"line":19,"column":32},"end":{"line":19,"column":73}},"type":"cond-expr","locations":[{"start":{"line":19,"column":48},"end":{"line":19,"column":68}},{"start":{"line":19,"column":71},"end":{"line":19,"column":73}}],"line":19}},"s":{"0":15,"1":35,"2":35,"3":0,"4":35},"f":{"0":35},"b":{"0":[8],"1":[0,35],"2":[27,8]},"_coverageSchema":"1a1c01bbd47fc00a2c39e90264f33305004495a9","hash":"529589e0fc04b9420f0a4beb0732109a380d678f"}
,"C:\\Users\\dharm\\Desktop\\SEM 5\\SE\\G34_Project\\IT314-G34---Healthcare-Provider-Comparison-Platform\\HealNexus\\Backend\\Utilites\\generateJWTTokenAndCookie.js": {"path":"C:\\Users\\dharm\\Desktop\\SEM 5\\SE\\G34_Project\\IT314-G34---Healthcare-Provider-Comparison-Platform\\HealNexus\\Backend\\Utilites\\generateJWTTokenAndCookie.js","statementMap":{"0":{"start":{"line":3,"column":34},"end":{"line":16,"column":1}},"1":{"start":{"line":4,"column":16},"end":{"line":4,"column":42}},"2":{"start":{"line":5,"column":4},"end":{"line":7,"column":5}},"3":{"start":{"line":6,"column":8},"end":{"line":6,"column":46}},"4":{"start":{"line":9,"column":18},"end":{"line":9,"column":61}},"5":{"start":{"line":10,"column":4},"end":{"line":15,"column":6}}},"fnMap":{"0":{"name":"(anonymous_0)","decl":{"start":{"line":3,"column":34},"end":{"line":3,"column":35}},"loc":{"start":{"line":3,"column":51},"end":{"line":16,"column":1}},"line":3}},"branchMap":{"0":{"loc":{"start":{"line":5,"column":4},"end":{"line":7,"column":5}},"type":"if","locations":[{"start":{"line":5,"column":4},"end":{"line":7,"column":5}},{"start":{},"end":{}}],"line":5}},"s":{"0":15,"1":4,"2":4,"3":0,"4":4,"5":4},"f":{"0":4},"b":{"0":[0,4]},"_coverageSchema":"1a1c01bbd47fc00a2c39e90264f33305004495a9","hash":"ecfa3fc64d7598bd30a5fc4d71d6d213fb052545"}
,"C:\\Users\\dharm\\Desktop\\SEM 5\\SE\\G34_Project\\IT314-G34---Healthcare-Provider-Comparison-Platform\\HealNexus\\Backend\\Utilites\\generateVerificationCode.js": {"path":"C:\\Users\\dharm\\Desktop\\SEM 5\\SE\\G34_Project\\IT314-G34---Healthcare-Provider-Comparison-Platform\\HealNexus\\Backend\\Utilites\\generateVerificationCode.js","statementMap":{"0":{"start":{"line":1,"column":33},"end":{"line":3,"column":1}},"1":{"start":{"line":2,"column":4},"end":{"line":2,"column":66}}},"fnMap":{"0":{"name":"(anonymous_0)","decl":{"start":{"line":1,"column":33},"end":{"line":1,"column":34}},"loc":{"start":{"line":1,"column":39},"end":{"line":3,"column":1}},"line":1}},"branchMap":{},"s":{"0":15,"1":4},"f":{"0":4},"b":{},"_coverageSchema":"1a1c01bbd47fc00a2c39e90264f33305004495a9","hash":"19070656f319629095be61bc128efe60495fff95"}
,"C:\\Users\\dharm\\Desktop\\SEM 5\\SE\\G34_Project\\IT314-G34---Healthcare-Provider-Comparison-Platform\\HealNexus\\Backend\\Utilites\\options.js": {"path":"C:\\Users\\dharm\\Desktop\\SEM 5\\SE\\G34_Project\\IT314-G34---Healthcare-Provider-Comparison-Platform\\HealNexus\\Backend\\Utilites\\options.js","statementMap":{"0":{"start":{"line":1,"column":17},"end":{"line":7,"column":1}},"1":{"start":{"line":9,"column":19},"end":{"line":13,"column":1}}},"fnMap":{},"branchMap":{},"s":{"0":15,"1":15},"f":{},"b":{},"_coverageSchema":"1a1c01bbd47fc00a2c39e90264f33305004495a9","hash":"9f9420b461ee832d167122331d891e836e1500fb"}
,"C:\\Users\\dharm\\Desktop\\SEM 5\\SE\\G34_Project\\IT314-G34---Healthcare-Provider-Comparison-Platform\\HealNexus\\Backend\\api\\controllers\\admin.controller.js": {"path":"C:\\Users\\dharm\\Desktop\\SEM 5\\SE\\G34_Project\\IT314-G34---Healthcare-Provider-Comparison-Platform\\HealNexus\\Backend\\api\\controllers\\admin.controller.js","statementMap":{"0":{"start":{"line":12,"column":24},"end":{"line":32,"column":1}},"1":{"start":{"line":13,"column":2},"end":{"line":31,"column":3}},"2":{"start":{"line":14,"column":25},"end":{"line":14,"column":67}},"3":{"start":{"line":15,"column":4},"end":{"line":17,"column":5}},"4":{"start":{"line":16,"column":6},"end":{"line":16,"column":86}},"5":{"start":{"line":18,"column":21},"end":{"line":21,"column":5}},"6":{"start":{"line":23,"column":18},"end":{"line":23,"column":44}},"7":{"start":{"line":24,"column":4},"end":{"line":26,"column":7}},"8":{"start":{"line":29,"column":27},"end":{"line":29,"column":109}},"9":{"start":{"line":30,"column":4},"end":{"line":30,"column":84}},"10":{"start":{"line":34,"column":27},"end":{"line":61,"column":1}},"11":{"start":{"line":35,"column":2},"end":{"line":60,"column":3}},"12":{"start":{"line":36,"column":37},"end":{"line":36,"column":45}},"13":{"start":{"line":37,"column":28},"end":{"line":40,"column":5}},"14":{"start":{"line":42,"column":23},"end":{"line":46,"column":5}},"15":{"start":{"line":48,"column":4},"end":{"line":50,"column":5}},"16":{"start":{"line":49,"column":6},"end":{"line":49,"column":66}},"17":{"start":{"line":52,"column":18},"end":{"line":52,"column":44}},"18":{"start":{"line":53,"column":4},"end":{"line":55,"column":7}},"19":{"start":{"line":58,"column":27},"end":{"line":58,"column":110}},"20":{"start":{"line":59,"column":4},"end":{"line":59,"column":84}},"21":{"start":{"line":63,"column":19},"end":{"line":77,"column":1}},"22":{"start":{"line":64,"column":2},"end":{"line":76,"column":3}},"23":{"start":{"line":65,"column":32},"end":{"line":65,"column":40}},"24":{"start":{"line":67,"column":4},"end":{"line":72,"column":5}},"25":{"start":{"line":68,"column":20},"end":{"line":68,"column":70}},"26":{"start":{"line":69,"column":6},"end":{"line":69,"column":41}},"27":{"start":{"line":71,"column":6},"end":{"line":71,"column":73}},"28":{"start":{"line":74,"column":4},"end":{"line":74,"column":25}},"29":{"start":{"line":75,"column":4},"end":{"line":75,"column":70}},"30":{"start":{"line":79,"column":27},"end":{"line":97,"column":1}},"31":{"start":{"line":80,"column":2},"end":{"line":96,"column":3}},"32":{"start":{"line":81,"column":20},"end":{"line":81,"column":64}},"33":{"start":{"line":82,"column":23},"end":{"line":90,"column":5}},"34":{"start":{"line":84,"column":21},"end":{"line":84,"column":55}},"35":{"start":{"line":85,"column":8},"end":{"line":88,"column":10}},"36":{"start":{"line":92,"column":4},"end":{"line":92,"column":56}},"37":{"start":{"line":94,"column":4},"end":{"line":94,"column":25}},"38":{"start":{"line":95,"column":4},"end":{"line":95,"column":70}},"39":{"start":{"line":99,"column":29},"end":{"line":117,"column":1}},"40":{"start":{"line":100,"column":2},"end":{"line":116,"column":3}},"41":{"start":{"line":101,"column":20},"end":{"line":101,"column":65}},"42":{"start":{"line":102,"column":25},"end":{"line":110,"column":7}},"43":{"start":{"line":104,"column":23},"end":{"line":104,"column":57}},"44":{"start":{"line":105,"column":10},"end":{"line":108,"column":12}},"45":{"start":{"line":112,"column":4},"end":{"line":112,"column":44}},"46":{"start":{"line":114,"column":4},"end":{"line":114,"column":25}},"47":{"start":{"line":115,"column":4},"end":{"line":115,"column":70}},"48":{"start":{"line":119,"column":22},"end":{"line":129,"column":1}},"49":{"start":{"line":120,"column":2},"end":{"line":128,"column":3}},"50":{"start":{"line":121,"column":25},"end":{"line":121,"column":35}},"51":{"start":{"line":122,"column":4},"end":{"line":122,"column":74}},"52":{"start":{"line":124,"column":4},"end":{"line":124,"column":44}},"53":{"start":{"line":126,"column":4},"end":{"line":126,"column":25}},"54":{"start":{"line":127,"column":4},"end":{"line":127,"column":70}},"55":{"start":{"line":131,"column":26},"end":{"line":141,"column":1}},"56":{"start":{"line":132,"column":2},"end":{"line":140,"column":3}},"57":{"start":{"line":133,"column":25},"end":{"line":133,"column":51}},"58":{"start":{"line":134,"column":4},"end":{"line":134,"column":45}},"59":{"start":{"line":137,"column":4},"end":{"line":137,"column":25}},"60":{"start":{"line":138,"column":4},"end":{"line":138,"column":70}},"61":{"start":{"line":143,"column":23},"end":{"line":186,"column":1}},"62":{"start":{"line":144,"column":2},"end":{"line":185,"column":3}},"63":{"start":{"line":145,"column":18},"end":{"line":145,"column":47}},"64":{"start":{"line":146,"column":20},"end":{"line":146,"column":48}},"65":{"start":{"line":147,"column":25},"end":{"line":147,"column":69}},"66":{"start":{"line":148,"column":27},"end":{"line":148,"column":62}},"67":{"start":{"line":149,"column":24},"end":{"line":149,"column":56}},"68":{"start":{"line":151,"column":33},"end":{"line":169,"column":5}},"69":{"start":{"line":153,"column":24},"end":{"line":153,"column":76}},"70":{"start":{"line":154,"column":28},"end":{"line":154,"column":63}},"71":{"start":{"line":155,"column":23},"end":{"line":155,"column":73}},"72":{"start":{"line":156,"column":27},"end":{"line":156,"column":61}},"73":{"start":{"line":158,"column":8},"end":{"line":167,"column":10}},"74":{"start":{"line":171,"column":26},"end":{"line":178,"column":5}},"75":{"start":{"line":180,"column":4},"end":{"line":180,"column":80}},"76":{"start":{"line":183,"column":4},"end":{"line":183,"column":25}},"77":{"start":{"line":184,"column":4},"end":{"line":184,"column":70}}},"fnMap":{"0":{"name":"(anonymous_0)","decl":{"start":{"line":12,"column":24},"end":{"line":12,"column":25}},"loc":{"start":{"line":12,"column":44},"end":{"line":32,"column":1}},"line":12},"1":{"name":"(anonymous_1)","decl":{"start":{"line":34,"column":27},"end":{"line":34,"column":28}},"loc":{"start":{"line":34,"column":47},"end":{"line":61,"column":1}},"line":34},"2":{"name":"(anonymous_2)","decl":{"start":{"line":63,"column":19},"end":{"line":63,"column":20}},"loc":{"start":{"line":63,"column":39},"end":{"line":77,"column":1}},"line":63},"3":{"name":"(anonymous_3)","decl":{"start":{"line":79,"column":27},"end":{"line":79,"column":28}},"loc":{"start":{"line":79,"column":47},"end":{"line":97,"column":1}},"line":79},"4":{"name":"(anonymous_4)","decl":{"start":{"line":83,"column":18},"end":{"line":83,"column":19}},"loc":{"start":{"line":83,"column":36},"end":{"line":89,"column":7}},"line":83},"5":{"name":"(anonymous_5)","decl":{"start":{"line":99,"column":29},"end":{"line":99,"column":30}},"loc":{"start":{"line":99,"column":49},"end":{"line":117,"column":1}},"line":99},"6":{"name":"(anonymous_6)","decl":{"start":{"line":103,"column":20},"end":{"line":103,"column":21}},"loc":{"start":{"line":103,"column":38},"end":{"line":109,"column":9}},"line":103},"7":{"name":"(anonymous_7)","decl":{"start":{"line":119,"column":22},"end":{"line":119,"column":23}},"loc":{"start":{"line":119,"column":42},"end":{"line":129,"column":1}},"line":119},"8":{"name":"(anonymous_8)","decl":{"start":{"line":131,"column":26},"end":{"line":131,"column":27}},"loc":{"start":{"line":131,"column":46},"end":{"line":141,"column":1}},"line":131},"9":{"name":"(anonymous_9)","decl":{"start":{"line":143,"column":23},"end":{"line":143,"column":24}},"loc":{"start":{"line":143,"column":43},"end":{"line":186,"column":1}},"line":143},"10":{"name":"(anonymous_10)","decl":{"start":{"line":152,"column":23},"end":{"line":152,"column":24}},"loc":{"start":{"line":152,"column":46},"end":{"line":168,"column":7}},"line":152}},"branchMap":{"0":{"loc":{"start":{"line":15,"column":4},"end":{"line":17,"column":5}},"type":"if","locations":[{"start":{"line":15,"column":4},"end":{"line":17,"column":5}},{"start":{},"end":{}}],"line":15},"1":{"loc":{"start":{"line":48,"column":4},"end":{"line":50,"column":5}},"type":"if","locations":[{"start":{"line":48,"column":4},"end":{"line":50,"column":5}},{"start":{},"end":{}}],"line":48},"2":{"loc":{"start":{"line":67,"column":4},"end":{"line":72,"column":5}},"type":"if","locations":[{"start":{"line":67,"column":4},"end":{"line":72,"column":5}},{"start":{"line":70,"column":11},"end":{"line":72,"column":5}}],"line":67},"3":{"loc":{"start":{"line":67,"column":8},"end":{"line":67,"column":84}},"type":"binary-expr","locations":[{"start":{"line":67,"column":8},"end":{"line":67,"column":41}},{"start":{"line":67,"column":45},"end":{"line":67,"column":84}}],"line":67},"4":{"loc":{"start":{"line":87,"column":20},"end":{"line":87,"column":38}},"type":"cond-expr","locations":[{"start":{"line":87,"column":27},"end":{"line":87,"column":31}},{"start":{"line":87,"column":34},"end":{"line":87,"column":38}}],"line":87},"5":{"loc":{"start":{"line":107,"column":22},"end":{"line":107,"column":40}},"type":"cond-expr","locations":[{"start":{"line":107,"column":29},"end":{"line":107,"column":33}},{"start":{"line":107,"column":36},"end":{"line":107,"column":40}}],"line":107}},"s":{"0":15,"1":2,"2":2,"3":2,"4":1,"5":1,"6":1,"7":1,"8":0,"9":0,"10":15,"11":2,"12":2,"13":2,"14":2,"15":2,"16":1,"17":1,"18":1,"19":0,"20":0,"21":15,"22":3,"23":3,"24":3,"25":2,"26":1,"27":1,"28":1,"29":1,"30":15,"31":2,"32":2,"33":2,"34":2,"35":2,"36":2,"37":0,"38":0,"39":15,"40":2,"41":2,"42":2,"43":1,"44":1,"45":2,"46":0,"47":0,"48":15,"49":1,"50":1,"51":1,"52":1,"53":0,"54":0,"55":15,"56":2,"57":2,"58":2,"59":0,"60":0,"61":15,"62":1,"63":1,"64":1,"65":1,"66":1,"67":1,"68":1,"69":1,"70":1,"71":1,"72":1,"73":1,"74":1,"75":1,"76":0,"77":0},"f":{"0":2,"1":2,"2":3,"3":2,"4":2,"5":2,"6":1,"7":1,"8":2,"9":1,"10":1},"b":{"0":[1,1],"1":[1,1],"2":[2,1],"3":[3,2],"4":[2,0],"5":[1,0]},"_coverageSchema":"1a1c01bbd47fc00a2c39e90264f33305004495a9","hash":"4b1671dbcd594664e52d21149979aaa1fd7f6dd1"}
,"C:\\Users\\dharm\\Desktop\\SEM 5\\SE\\G34_Project\\IT314-G34---Healthcare-Provider-Comparison-Platform\\HealNexus\\Backend\\api\\controllers\\appointment.controller.js": {"path":"C:\\Users\\dharm\\Desktop\\SEM 5\\SE\\G34_Project\\IT314-G34---Healthcare-Provider-Comparison-Platform\\HealNexus\\Backend\\api\\controllers\\appointment.controller.js","statementMap":{"0":{"start":{"line":7,"column":24},"end":{"line":56,"column":1}},"1":{"start":{"line":8,"column":18},"end":{"line":8,"column":47}},"2":{"start":{"line":9,"column":2},"end":{"line":9,"column":29}},"3":{"start":{"line":11,"column":2},"end":{"line":55,"column":3}},"4":{"start":{"line":12,"column":45},"end":{"line":12,"column":53}},"5":{"start":{"line":13,"column":23},"end":{"line":13,"column":26}},"6":{"start":{"line":15,"column":24},"end":{"line":15,"column":89}},"7":{"start":{"line":16,"column":23},"end":{"line":16,"column":78}},"8":{"start":{"line":18,"column":4},"end":{"line":21,"column":5}},"9":{"start":{"line":19,"column":6},"end":{"line":19,"column":39}},"10":{"start":{"line":20,"column":6},"end":{"line":20,"column":78}},"11":{"start":{"line":23,"column":22},"end":{"line":23,"column":44}},"12":{"start":{"line":24,"column":4},"end":{"line":33,"column":5}},"13":{"start":{"line":25,"column":6},"end":{"line":30,"column":7}},"14":{"start":{"line":26,"column":8},"end":{"line":26,"column":41}},"15":{"start":{"line":27,"column":8},"end":{"line":27,"column":102}},"16":{"start":{"line":29,"column":8},"end":{"line":29,"column":45}},"17":{"start":{"line":32,"column":6},"end":{"line":32,"column":41}},"18":{"start":{"line":35,"column":27},"end":{"line":42,"column":6}},"19":{"start":{"line":43,"column":4},"end":{"line":43,"column":43}},"20":{"start":{"line":44,"column":4},"end":{"line":44,"column":69}},"21":{"start":{"line":46,"column":4},"end":{"line":46,"column":38}},"22":{"start":{"line":47,"column":4},"end":{"line":47,"column":25}},"23":{"start":{"line":49,"column":4},"end":{"line":49,"column":73}},"24":{"start":{"line":51,"column":4},"end":{"line":51,"column":37}},"25":{"start":{"line":52,"column":4},"end":{"line":52,"column":25}},"26":{"start":{"line":53,"column":4},"end":{"line":53,"column":55}},"27":{"start":{"line":54,"column":4},"end":{"line":54,"column":68}},"28":{"start":{"line":58,"column":31},"end":{"line":98,"column":1}},"29":{"start":{"line":59,"column":2},"end":{"line":97,"column":3}},"30":{"start":{"line":60,"column":23},"end":{"line":60,"column":26}},"31":{"start":{"line":62,"column":24},"end":{"line":62,"column":69}},"32":{"start":{"line":63,"column":25},"end":{"line":63,"column":82}},"33":{"start":{"line":65,"column":31},"end":{"line":89,"column":6}},"34":{"start":{"line":66,"column":25},"end":{"line":66,"column":75}},"35":{"start":{"line":67,"column":31},"end":{"line":67,"column":69}},"36":{"start":{"line":69,"column":6},"end":{"line":88,"column":8}},"37":{"start":{"line":91,"column":32},"end":{"line":91,"column":69}},"38":{"start":{"line":92,"column":4},"end":{"line":92,"column":65}},"39":{"start":{"line":95,"column":4},"end":{"line":95,"column":31}},"40":{"start":{"line":96,"column":4},"end":{"line":96,"column":64}},"41":{"start":{"line":100,"column":26},"end":{"line":126,"column":1}},"42":{"start":{"line":101,"column":2},"end":{"line":125,"column":3}},"43":{"start":{"line":102,"column":23},"end":{"line":102,"column":26}},"44":{"start":{"line":103,"column":30},"end":{"line":103,"column":40}},"45":{"start":{"line":104,"column":28},"end":{"line":104,"column":69}},"46":{"start":{"line":105,"column":24},"end":{"line":105,"column":67}},"47":{"start":{"line":107,"column":4},"end":{"line":109,"column":5}},"48":{"start":{"line":108,"column":6},"end":{"line":108,"column":85}},"49":{"start":{"line":111,"column":4},"end":{"line":111,"column":73}},"50":{"start":{"line":113,"column":45},"end":{"line":113,"column":60}},"51":{"start":{"line":114,"column":23},"end":{"line":114,"column":61}},"52":{"start":{"line":116,"column":22},"end":{"line":116,"column":44}},"53":{"start":{"line":117,"column":4},"end":{"line":117,"column":76}},"54":{"start":{"line":117,"column":62},"end":{"line":117,"column":75}},"55":{"start":{"line":119,"column":4},"end":{"line":119,"column":69}},"56":{"start":{"line":120,"column":4},"end":{"line":120,"column":77}},"57":{"start":{"line":123,"column":4},"end":{"line":123,"column":31}},"58":{"start":{"line":124,"column":4},"end":{"line":124,"column":76}},"59":{"start":{"line":128,"column":27},"end":{"line":154,"column":1}},"60":{"start":{"line":129,"column":2},"end":{"line":153,"column":3}},"61":{"start":{"line":130,"column":23},"end":{"line":130,"column":26}},"62":{"start":{"line":131,"column":30},"end":{"line":131,"column":40}},"63":{"start":{"line":132,"column":28},"end":{"line":132,"column":69}},"64":{"start":{"line":133,"column":24},"end":{"line":133,"column":67}},"65":{"start":{"line":135,"column":4},"end":{"line":137,"column":5}},"66":{"start":{"line":136,"column":6},"end":{"line":136,"column":85}},"67":{"start":{"line":139,"column":4},"end":{"line":139,"column":74}},"68":{"start":{"line":141,"column":45},"end":{"line":141,"column":60}},"69":{"start":{"line":142,"column":23},"end":{"line":142,"column":61}},"70":{"start":{"line":144,"column":22},"end":{"line":144,"column":44}},"71":{"start":{"line":145,"column":4},"end":{"line":145,"column":76}},"72":{"start":{"line":145,"column":62},"end":{"line":145,"column":75}},"73":{"start":{"line":147,"column":4},"end":{"line":147,"column":69}},"74":{"start":{"line":148,"column":4},"end":{"line":148,"column":87}},"75":{"start":{"line":151,"column":4},"end":{"line":151,"column":31}},"76":{"start":{"line":152,"column":4},"end":{"line":152,"column":76}}},"fnMap":{"0":{"name":"(anonymous_0)","decl":{"start":{"line":7,"column":24},"end":{"line":7,"column":25}},"loc":{"start":{"line":7,"column":44},"end":{"line":56,"column":1}},"line":7},"1":{"name":"(anonymous_1)","decl":{"start":{"line":58,"column":31},"end":{"line":58,"column":32}},"loc":{"start":{"line":58,"column":51},"end":{"line":98,"column":1}},"line":58},"2":{"name":"(anonymous_2)","decl":{"start":{"line":65,"column":48},"end":{"line":65,"column":49}},"loc":{"start":{"line":65,"column":71},"end":{"line":89,"column":5}},"line":65},"3":{"name":"(anonymous_3)","decl":{"start":{"line":100,"column":26},"end":{"line":100,"column":27}},"loc":{"start":{"line":100,"column":46},"end":{"line":126,"column":1}},"line":100},"4":{"name":"(anonymous_4)","decl":{"start":{"line":117,"column":57},"end":{"line":117,"column":58}},"loc":{"start":{"line":117,"column":62},"end":{"line":117,"column":75}},"line":117},"5":{"name":"(anonymous_5)","decl":{"start":{"line":128,"column":27},"end":{"line":128,"column":28}},"loc":{"start":{"line":128,"column":47},"end":{"line":154,"column":1}},"line":128},"6":{"name":"(anonymous_6)","decl":{"start":{"line":145,"column":57},"end":{"line":145,"column":58}},"loc":{"start":{"line":145,"column":62},"end":{"line":145,"column":75}},"line":145}},"branchMap":{"0":{"loc":{"start":{"line":18,"column":4},"end":{"line":21,"column":5}},"type":"if","locations":[{"start":{"line":18,"column":4},"end":{"line":21,"column":5}},{"start":{},"end":{}}],"line":18},"1":{"loc":{"start":{"line":18,"column":8},"end":{"line":18,"column":35}},"type":"binary-expr","locations":[{"start":{"line":18,"column":8},"end":{"line":18,"column":20}},{"start":{"line":18,"column":24},"end":{"line":18,"column":35}}],"line":18},"2":{"loc":{"start":{"line":24,"column":4},"end":{"line":33,"column":5}},"type":"if","locations":[{"start":{"line":24,"column":4},"end":{"line":33,"column":5}},{"start":{"line":31,"column":11},"end":{"line":33,"column":5}}],"line":24},"3":{"loc":{"start":{"line":25,"column":6},"end":{"line":30,"column":7}},"type":"if","locations":[{"start":{"line":25,"column":6},"end":{"line":30,"column":7}},{"start":{"line":28,"column":13},"end":{"line":30,"column":7}}],"line":25},"4":{"loc":{"start":{"line":107,"column":4},"end":{"line":109,"column":5}},"type":"if","locations":[{"start":{"line":107,"column":4},"end":{"line":109,"column":5}},{"start":{},"end":{}}],"line":107},"5":{"loc":{"start":{"line":135,"column":4},"end":{"line":137,"column":5}},"type":"if","locations":[{"start":{"line":135,"column":4},"end":{"line":137,"column":5}},{"start":{},"end":{}}],"line":135}},"s":{"0":15,"1":0,"2":0,"3":0,"4":0,"5":0,"6":0,"7":0,"8":0,"9":0,"10":0,"11":0,"12":0,"13":0,"14":0,"15":0,"16":0,"17":0,"18":0,"19":0,"20":0,"21":0,"22":0,"23":0,"24":0,"25":0,"26":0,"27":0,"28":15,"29":0,"30":0,"31":0,"32":0,"33":0,"34":0,"35":0,"36":0,"37":0,"38":0,"39":0,"40":0,"41":15,"42":0,"43":0,"44":0,"45":0,"46":0,"47":0,"48":0,"49":0,"50":0,"51":0,"52":0,"53":0,"54":0,"55":0,"56":0,"57":0,"58":0,"59":15,"60":0,"61":0,"62":0,"63":0,"64":0,"65":0,"66":0,"67":0,"68":0,"69":0,"70":0,"71":0,"72":0,"73":0,"74":0,"75":0,"76":0},"f":{"0":0,"1":0,"2":0,"3":0,"4":0,"5":0,"6":0},"b":{"0":[0,0],"1":[0,0],"2":[0,0],"3":[0,0],"4":[0,0],"5":[0,0]},"_coverageSchema":"1a1c01bbd47fc00a2c39e90264f33305004495a9","hash":"d21b99a3898c864181f2a20828af81d66c52f7df"}
,"C:\\Users\\dharm\\Desktop\\SEM 5\\SE\\G34_Project\\IT314-G34---Healthcare-Provider-Comparison-Platform\\HealNexus\\Backend\\api\\controllers\\auth.controller.js": {"path":"C:\\Users\\dharm\\Desktop\\SEM 5\\SE\\G34_Project\\IT314-G34---Healthcare-Provider-Comparison-Platform\\HealNexus\\Backend\\api\\controllers\\auth.controller.js","statementMap":{"0":{"start":{"line":16,"column":22},"end":{"line":20,"column":1}},"1":{"start":{"line":22,"column":15},"end":{"line":72,"column":1}},"2":{"start":{"line":23,"column":2},"end":{"line":71,"column":3}},"3":{"start":{"line":24,"column":65},"end":{"line":24,"column":73}},"4":{"start":{"line":25,"column":4},"end":{"line":28,"column":5}},"5":{"start":{"line":26,"column":20},"end":{"line":26,"column":99}},"6":{"start":{"line":27,"column":6},"end":{"line":27,"column":69}},"7":{"start":{"line":30,"column":31},"end":{"line":30,"column":58}},"8":{"start":{"line":31,"column":4},"end":{"line":34,"column":5}},"9":{"start":{"line":32,"column":20},"end":{"line":32,"column":108}},"10":{"start":{"line":33,"column":6},"end":{"line":33,"column":69}},"11":{"start":{"line":36,"column":4},"end":{"line":39,"column":5}},"12":{"start":{"line":37,"column":20},"end":{"line":37,"column":77}},"13":{"start":{"line":38,"column":6},"end":{"line":38,"column":69}},"14":{"start":{"line":41,"column":4},"end":{"line":44,"column":5}},"15":{"start":{"line":42,"column":20},"end":{"line":42,"column":72}},"16":{"start":{"line":43,"column":6},"end":{"line":43,"column":69}},"17":{"start":{"line":46,"column":17},"end":{"line":46,"column":41}},"18":{"start":{"line":47,"column":27},"end":{"line":47,"column":60}},"19":{"start":{"line":48,"column":29},"end":{"line":48,"column":55}},"20":{"start":{"line":50,"column":20},"end":{"line":57,"column":6}},"21":{"start":{"line":58,"column":4},"end":{"line":58,"column":25}},"22":{"start":{"line":59,"column":4},"end":{"line":59,"column":48}},"23":{"start":{"line":61,"column":18},"end":{"line":61,"column":44}},"24":{"start":{"line":62,"column":4},"end":{"line":64,"column":7}},"25":{"start":{"line":65,"column":4},"end":{"line":65,"column":82}},"26":{"start":{"line":68,"column":27},"end":{"line":68,"column":86}},"27":{"start":{"line":69,"column":4},"end":{"line":69,"column":22}},"28":{"start":{"line":70,"column":4},"end":{"line":70,"column":84}},"29":{"start":{"line":74,"column":20},"end":{"line":109,"column":1}},"30":{"start":{"line":75,"column":2},"end":{"line":108,"column":3}},"31":{"start":{"line":76,"column":29},"end":{"line":76,"column":37}},"32":{"start":{"line":77,"column":17},"end":{"line":80,"column":6}},"33":{"start":{"line":82,"column":4},"end":{"line":85,"column":5}},"34":{"start":{"line":83,"column":20},"end":{"line":83,"column":90}},"35":{"start":{"line":84,"column":6},"end":{"line":84,"column":69}},"36":{"start":{"line":87,"column":4},"end":{"line":90,"column":5}},"37":{"start":{"line":88,"column":20},"end":{"line":88,"column":75}},"38":{"start":{"line":89,"column":6},"end":{"line":89,"column":69}},"39":{"start":{"line":92,"column":4},"end":{"line":92,"column":27}},"40":{"start":{"line":93,"column":4},"end":{"line":93,"column":38}},"41":{"start":{"line":94,"column":4},"end":{"line":94,"column":47}},"42":{"start":{"line":95,"column":4},"end":{"line":95,"column":22}},"43":{"start":{"line":97,"column":4},"end":{"line":97,"column":52}},"44":{"start":{"line":98,"column":18},"end":{"line":98,"column":44}},"45":{"start":{"line":99,"column":4},"end":{"line":103,"column":7}},"46":{"start":{"line":106,"column":27},"end":{"line":106,"column":103}},"47":{"start":{"line":107,"column":4},"end":{"line":107,"column":84}},"48":{"start":{"line":111,"column":23},"end":{"line":136,"column":1}},"49":{"start":{"line":112,"column":2},"end":{"line":135,"column":3}},"50":{"start":{"line":113,"column":22},"end":{"line":113,"column":30}},"51":{"start":{"line":115,"column":17},"end":{"line":115,"column":46}},"52":{"start":{"line":116,"column":4},"end":{"line":119,"column":5}},"53":{"start":{"line":117,"column":20},"end":{"line":117,"column":76}},"54":{"start":{"line":118,"column":6},"end":{"line":118,"column":69}},"55":{"start":{"line":121,"column":23},"end":{"line":121,"column":61}},"56":{"start":{"line":122,"column":32},"end":{"line":122,"column":73}},"57":{"start":{"line":123,"column":4},"end":{"line":123,"column":41}},"58":{"start":{"line":124,"column":4},"end":{"line":124,"column":54}},"59":{"start":{"line":126,"column":4},"end":{"line":126,"column":22}},"60":{"start":{"line":127,"column":18},"end":{"line":127,"column":86}},"61":{"start":{"line":128,"column":4},"end":{"line":128,"column":60}},"62":{"start":{"line":130,"column":4},"end":{"line":130,"column":118}},"63":{"start":{"line":133,"column":27},"end":{"line":133,"column":95}},"64":{"start":{"line":134,"column":4},"end":{"line":134,"column":84}},"65":{"start":{"line":138,"column":22},"end":{"line":169,"column":1}},"66":{"start":{"line":139,"column":2},"end":{"line":168,"column":3}},"67":{"start":{"line":140,"column":22},"end":{"line":140,"column":32}},"68":{"start":{"line":141,"column":25},"end":{"line":141,"column":33}},"69":{"start":{"line":143,"column":17},"end":{"line":146,"column":6}},"70":{"start":{"line":148,"column":4},"end":{"line":151,"column":5}},"71":{"start":{"line":149,"column":20},"end":{"line":149,"column":84}},"72":{"start":{"line":150,"column":6},"end":{"line":150,"column":69}},"73":{"start":{"line":153,"column":17},"end":{"line":153,"column":41}},"74":{"start":{"line":154,"column":27},"end":{"line":154,"column":60}},"75":{"start":{"line":156,"column":4},"end":{"line":156,"column":35}},"76":{"start":{"line":157,"column":4},"end":{"line":157,"column":40}},"77":{"start":{"line":158,"column":4},"end":{"line":158,"column":44}},"78":{"start":{"line":159,"column":4},"end":{"line":159,"column":22}},"79":{"start":{"line":161,"column":4},"end":{"line":161,"column":61}},"80":{"start":{"line":162,"column":18},"end":{"line":162,"column":75}},"81":{"start":{"line":163,"column":4},"end":{"line":163,"column":67}},"82":{"start":{"line":166,"column":27},"end":{"line":166,"column":94}},"83":{"start":{"line":167,"column":4},"end":{"line":167,"column":84}},"84":{"start":{"line":171,"column":14},"end":{"line":220,"column":1}},"85":{"start":{"line":172,"column":2},"end":{"line":219,"column":3}},"86":{"start":{"line":173,"column":32},"end":{"line":173,"column":40}},"87":{"start":{"line":175,"column":4},"end":{"line":181,"column":5}},"88":{"start":{"line":176,"column":6},"end":{"line":176,"column":55}},"89":{"start":{"line":177,"column":22},"end":{"line":177,"column":48}},"90":{"start":{"line":178,"column":6},"end":{"line":180,"column":9}},"91":{"start":{"line":183,"column":17},"end":{"line":183,"column":46}},"92":{"start":{"line":184,"column":26},"end":{"line":184,"column":78}},"93":{"start":{"line":186,"column":4},"end":{"line":189,"column":5}},"94":{"start":{"line":187,"column":20},"end":{"line":187,"column":74}},"95":{"start":{"line":188,"column":6},"end":{"line":188,"column":69}},"96":{"start":{"line":191,"column":25},"end":{"line":191,"column":49}},"97":{"start":{"line":192,"column":4},"end":{"line":195,"column":5}},"98":{"start":{"line":193,"column":20},"end":{"line":193,"column":74}},"99":{"start":{"line":194,"column":6},"end":{"line":194,"column":69}},"100":{"start":{"line":197,"column":20},"end":{"line":197,"column":68}},"101":{"start":{"line":199,"column":4},"end":{"line":202,"column":5}},"102":{"start":{"line":200,"column":20},"end":{"line":200,"column":86}},"103":{"start":{"line":201,"column":6},"end":{"line":201,"column":69}},"104":{"start":{"line":204,"column":4},"end":{"line":207,"column":5}},"105":{"start":{"line":205,"column":20},"end":{"line":205,"column":94}},"106":{"start":{"line":206,"column":6},"end":{"line":206,"column":69}},"107":{"start":{"line":209,"column":4},"end":{"line":209,"column":45}},"108":{"start":{"line":210,"column":20},"end":{"line":210,"column":46}},"109":{"start":{"line":211,"column":4},"end":{"line":213,"column":7}},"110":{"start":{"line":216,"column":4},"end":{"line":216,"column":25}},"111":{"start":{"line":217,"column":27},"end":{"line":217,"column":85}},"112":{"start":{"line":218,"column":4},"end":{"line":218,"column":85}},"113":{"start":{"line":222,"column":15},"end":{"line":233,"column":1}},"114":{"start":{"line":223,"column":2},"end":{"line":232,"column":3}},"115":{"start":{"line":224,"column":4},"end":{"line":224,"column":39}},"116":{"start":{"line":225,"column":4},"end":{"line":225,"column":27}},"117":{"start":{"line":226,"column":18},"end":{"line":226,"column":72}},"118":{"start":{"line":227,"column":4},"end":{"line":227,"column":65}},"119":{"start":{"line":230,"column":27},"end":{"line":230,"column":85}},"120":{"start":{"line":231,"column":4},"end":{"line":231,"column":83}},"121":{"start":{"line":235,"column":23},"end":{"line":267,"column":1}},"122":{"start":{"line":236,"column":2},"end":{"line":266,"column":3}},"123":{"start":{"line":237,"column":23},"end":{"line":237,"column":26}},"124":{"start":{"line":239,"column":4},"end":{"line":242,"column":5}},"125":{"start":{"line":240,"column":29},"end":{"line":240,"column":96}},"126":{"start":{"line":241,"column":6},"end":{"line":241,"column":87}},"127":{"start":{"line":244,"column":24},"end":{"line":244,"column":51}},"128":{"start":{"line":246,"column":4},"end":{"line":249,"column":5}},"129":{"start":{"line":247,"column":29},"end":{"line":247,"column":75}},"130":{"start":{"line":248,"column":6},"end":{"line":248,"column":87}},"131":{"start":{"line":251,"column":21},"end":{"line":255,"column":5}},"132":{"start":{"line":257,"column":20},"end":{"line":257,"column":46}},"133":{"start":{"line":258,"column":4},"end":{"line":258,"column":51}},"134":{"start":{"line":261,"column":27},"end":{"line":264,"column":5}},"135":{"start":{"line":265,"column":4},"end":{"line":265,"column":85}}},"fnMap":{"0":{"name":"(anonymous_0)","decl":{"start":{"line":22,"column":15},"end":{"line":22,"column":16}},"loc":{"start":{"line":22,"column":35},"end":{"line":72,"column":1}},"line":22},"1":{"name":"(anonymous_1)","decl":{"start":{"line":74,"column":20},"end":{"line":74,"column":21}},"loc":{"start":{"line":74,"column":40},"end":{"line":109,"column":1}},"line":74},"2":{"name":"(anonymous_2)","decl":{"start":{"line":111,"column":23},"end":{"line":111,"column":24}},"loc":{"start":{"line":111,"column":43},"end":{"line":136,"column":1}},"line":111},"3":{"name":"(anonymous_3)","decl":{"start":{"line":138,"column":22},"end":{"line":138,"column":23}},"loc":{"start":{"line":138,"column":42},"end":{"line":169,"column":1}},"line":138},"4":{"name":"(anonymous_4)","decl":{"start":{"line":171,"column":14},"end":{"line":171,"column":15}},"loc":{"start":{"line":171,"column":34},"end":{"line":220,"column":1}},"line":171},"5":{"name":"(anonymous_5)","decl":{"start":{"line":222,"column":15},"end":{"line":222,"column":16}},"loc":{"start":{"line":222,"column":29},"end":{"line":233,"column":1}},"line":222},"6":{"name":"(anonymous_6)","decl":{"start":{"line":235,"column":23},"end":{"line":235,"column":24}},"loc":{"start":{"line":235,"column":43},"end":{"line":267,"column":1}},"line":235}},"branchMap":{"0":{"loc":{"start":{"line":25,"column":4},"end":{"line":28,"column":5}},"type":"if","locations":[{"start":{"line":25,"column":4},"end":{"line":28,"column":5}},{"start":{},"end":{}}],"line":25},"1":{"loc":{"start":{"line":25,"column":7},"end":{"line":25,"column":68}},"type":"binary-expr","locations":[{"start":{"line":25,"column":7},"end":{"line":25,"column":16}},{"start":{"line":25,"column":20},"end":{"line":25,"column":26}},{"start":{"line":25,"column":30},"end":{"line":25,"column":39}},{"start":{"line":25,"column":43},"end":{"line":25,"column":59}},{"start":{"line":25,"column":63},"end":{"line":25,"column":68}}],"line":25},"2":{"loc":{"start":{"line":31,"column":4},"end":{"line":34,"column":5}},"type":"if","locations":[{"start":{"line":31,"column":4},"end":{"line":34,"column":5}},{"start":{},"end":{}}],"line":31},"3":{"loc":{"start":{"line":36,"column":4},"end":{"line":39,"column":5}},"type":"if","locations":[{"start":{"line":36,"column":4},"end":{"line":39,"column":5}},{"start":{},"end":{}}],"line":36},"4":{"loc":{"start":{"line":41,"column":4},"end":{"line":44,"column":5}},"type":"if","locations":[{"start":{"line":41,"column":4},"end":{"line":44,"column":5}},{"start":{},"end":{}}],"line":41},"5":{"loc":{"start":{"line":82,"column":4},"end":{"line":85,"column":5}},"type":"if","locations":[{"start":{"line":82,"column":4},"end":{"line":85,"column":5}},{"start":{},"end":{}}],"line":82},"6":{"loc":{"start":{"line":87,"column":4},"end":{"line":90,"column":5}},"type":"if","locations":[{"start":{"line":87,"column":4},"end":{"line":90,"column":5}},{"start":{},"end":{}}],"line":87},"7":{"loc":{"start":{"line":116,"column":4},"end":{"line":119,"column":5}},"type":"if","locations":[{"start":{"line":116,"column":4},"end":{"line":119,"column":5}},{"start":{},"end":{}}],"line":116},"8":{"loc":{"start":{"line":148,"column":4},"end":{"line":151,"column":5}},"type":"if","locations":[{"start":{"line":148,"column":4},"end":{"line":151,"column":5}},{"start":{},"end":{}}],"line":148},"9":{"loc":{"start":{"line":175,"column":4},"end":{"line":181,"column":5}},"type":"if","locations":[{"start":{"line":175,"column":4},"end":{"line":181,"column":5}},{"start":{},"end":{}}],"line":175},"10":{"loc":{"start":{"line":175,"column":7},"end":{"line":175,"column":83}},"type":"binary-expr","locations":[{"start":{"line":175,"column":7},"end":{"line":175,"column":40}},{"start":{"line":175,"column":44},"end":{"line":175,"column":83}}],"line":175},"11":{"loc":{"start":{"line":184,"column":57},"end":{"line":184,"column":77}},"type":"binary-expr","locations":[{"start":{"line":184,"column":57},"end":{"line":184,"column":71}},{"start":{"line":184,"column":75},"end":{"line":184,"column":77}}],"line":184},"12":{"loc":{"start":{"line":186,"column":4},"end":{"line":189,"column":5}},"type":"if","locations":[{"start":{"line":186,"column":4},"end":{"line":189,"column":5}},{"start":{},"end":{}}],"line":186},"13":{"loc":{"start":{"line":186,"column":8},"end":{"line":186,"column":31}},"type":"binary-expr","locations":[{"start":{"line":186,"column":8},"end":{"line":186,"column":13}},{"start":{"line":186,"column":17},"end":{"line":186,"column":31}}],"line":186},"14":{"loc":{"start":{"line":192,"column":4},"end":{"line":195,"column":5}},"type":"if","locations":[{"start":{"line":192,"column":4},"end":{"line":195,"column":5}},{"start":{},"end":{}}],"line":192},"15":{"loc":{"start":{"line":199,"column":4},"end":{"line":202,"column":5}},"type":"if","locations":[{"start":{"line":199,"column":4},"end":{"line":202,"column":5}},{"start":{},"end":{}}],"line":199},"16":{"loc":{"start":{"line":204,"column":4},"end":{"line":207,"column":5}},"type":"if","locations":[{"start":{"line":204,"column":4},"end":{"line":207,"column":5}},{"start":{},"end":{}}],"line":204},"17":{"loc":{"start":{"line":239,"column":4},"end":{"line":242,"column":5}},"type":"if","locations":[{"start":{"line":239,"column":4},"end":{"line":242,"column":5}},{"start":{},"end":{}}],"line":239},"18":{"loc":{"start":{"line":246,"column":4},"end":{"line":249,"column":5}},"type":"if","locations":[{"start":{"line":246,"column":4},"end":{"line":249,"column":5}},{"start":{},"end":{}}],"line":246}},"s":{"0":15,"1":15,"2":8,"3":8,"4":8,"5":1,"6":1,"7":7,"8":7,"9":1,"10":1,"11":6,"12":1,"13":1,"14":5,"15":1,"16":1,"17":4,"18":4,"19":4,"20":4,"21":4,"22":3,"23":3,"24":3,"25":3,"26":1,"27":1,"28":1,"29":15,"30":5,"31":5,"32":5,"33":5,"34":4,"35":4,"36":1,"37":0,"38":0,"39":1,"40":1,"41":1,"42":1,"43":1,"44":1,"45":1,"46":0,"47":0,"48":15,"49":3,"50":3,"51":3,"52":3,"53":2,"54":2,"55":1,"56":1,"57":1,"58":1,"59":1,"60":1,"61":1,"62":1,"63":0,"64":0,"65":15,"66":5,"67":5,"68":5,"69":5,"70":5,"71":4,"72":4,"73":1,"74":1,"75":1,"76":1,"77":1,"78":1,"79":1,"80":1,"81":1,"82":0,"83":0,"84":15,"85":3,"86":3,"87":3,"88":1,"89":1,"90":1,"91":2,"92":2,"93":2,"94":2,"95":2,"96":0,"97":0,"98":0,"99":0,"100":0,"101":0,"102":0,"103":0,"104":0,"105":0,"106":0,"107":0,"108":0,"109":0,"110":0,"111":0,"112":0,"113":15,"114":1,"115":1,"116":1,"117":1,"118":1,"119":0,"120":0,"121":15,"122":2,"123":2,"124":2,"125":0,"126":0,"127":2,"128":2,"129":1,"130":1,"131":1,"132":1,"133":1,"134":0,"135":0},"f":{"0":8,"1":5,"2":3,"3":5,"4":3,"5":1,"6":2},"b":{"0":[1,7],"1":[8,7,7,7,7],"2":[1,6],"3":[1,5],"4":[1,4],"5":[4,1],"6":[0,1],"7":[2,1],"8":[4,1],"9":[1,2],"10":[3,1],"11":[2,1],"12":[2,0],"13":[2,1],"14":[0,0],"15":[0,0],"16":[0,0],"17":[0,2],"18":[1,1]},"_coverageSchema":"1a1c01bbd47fc00a2c39e90264f33305004495a9","hash":"5caf494eef02303e0dfc25c012c077a6fac60841"}
,"C:\\Users\\dharm\\Desktop\\SEM 5\\SE\\G34_Project\\IT314-G34---Healthcare-Provider-Comparison-Platform\\HealNexus\\Backend\\api\\controllers\\doctor.controller.js": {"path":"C:\\Users\\dharm\\Desktop\\SEM 5\\SE\\G34_Project\\IT314-G34---Healthcare-Provider-Comparison-Platform\\HealNexus\\Backend\\api\\controllers\\doctor.controller.js","statementMap":{"0":{"start":{"line":6,"column":22},"end":{"line":20,"column":1}},"1":{"start":{"line":7,"column":2},"end":{"line":19,"column":3}},"2":{"start":{"line":8,"column":23},"end":{"line":8,"column":26}},"3":{"start":{"line":9,"column":20},"end":{"line":9,"column":47}},"4":{"start":{"line":10,"column":4},"end":{"line":12,"column":5}},"5":{"start":{"line":11,"column":6},"end":{"line":11,"column":83}},"6":{"start":{"line":14,"column":4},"end":{"line":14,"column":72}},"7":{"start":{"line":17,"column":4},"end":{"line":17,"column":25}},"8":{"start":{"line":18,"column":4},"end":{"line":18,"column":84}},"9":{"start":{"line":22,"column":26},"end":{"line":38,"column":1}},"10":{"start":{"line":23,"column":2},"end":{"line":37,"column":3}},"11":{"start":{"line":24,"column":23},"end":{"line":24,"column":31}},"12":{"start":{"line":26,"column":20},"end":{"line":26,"column":56}},"13":{"start":{"line":27,"column":4},"end":{"line":29,"column":5}},"14":{"start":{"line":28,"column":6},"end":{"line":28,"column":83}},"15":{"start":{"line":31,"column":4},"end":{"line":31,"column":85}},"16":{"start":{"line":32,"column":4},"end":{"line":32,"column":78}},"17":{"start":{"line":35,"column":4},"end":{"line":35,"column":25}},"18":{"start":{"line":36,"column":4},"end":{"line":36,"column":70}},"19":{"start":{"line":40,"column":19},"end":{"line":62,"column":1}},"20":{"start":{"line":41,"column":2},"end":{"line":61,"column":3}},"21":{"start":{"line":42,"column":30},"end":{"line":42,"column":76}},"22":{"start":{"line":43,"column":27},"end":{"line":43,"column":46}},"23":{"start":{"line":45,"column":23},"end":{"line":54,"column":6}},"24":{"start":{"line":46,"column":32},"end":{"line":48,"column":7}},"25":{"start":{"line":47,"column":18},"end":{"line":47,"column":67}},"26":{"start":{"line":50,"column":6},"end":{"line":53,"column":8}},"27":{"start":{"line":56,"column":4},"end":{"line":56,"column":56}},"28":{"start":{"line":59,"column":4},"end":{"line":59,"column":25}},"29":{"start":{"line":60,"column":4},"end":{"line":60,"column":70}},"30":{"start":{"line":64,"column":27},"end":{"line":103,"column":1}},"31":{"start":{"line":65,"column":2},"end":{"line":102,"column":3}},"32":{"start":{"line":66,"column":23},"end":{"line":66,"column":26}},"33":{"start":{"line":67,"column":30},"end":{"line":67,"column":72}},"34":{"start":{"line":68,"column":25},"end":{"line":68,"column":107}},"35":{"start":{"line":69,"column":34},"end":{"line":69,"column":126}},"36":{"start":{"line":71,"column":32},"end":{"line":90,"column":6}},"37":{"start":{"line":72,"column":26},"end":{"line":72,"column":78}},"38":{"start":{"line":73,"column":32},"end":{"line":73,"column":71}},"39":{"start":{"line":74,"column":6},"end":{"line":89,"column":8}},"40":{"start":{"line":92,"column":24},"end":{"line":94,"column":9}},"41":{"start":{"line":93,"column":6},"end":{"line":93,"column":45}},"42":{"start":{"line":96,"column":32},"end":{"line":96,"column":70}},"43":{"start":{"line":97,"column":4},"end":{"line":97,"column":78}},"44":{"start":{"line":100,"column":4},"end":{"line":100,"column":25}},"45":{"start":{"line":101,"column":4},"end":{"line":101,"column":94}},"46":{"start":{"line":105,"column":28},"end":{"line":121,"column":1}},"47":{"start":{"line":106,"column":2},"end":{"line":120,"column":3}},"48":{"start":{"line":107,"column":38},"end":{"line":107,"column":46}},"49":{"start":{"line":108,"column":28},"end":{"line":108,"column":69}},"50":{"start":{"line":110,"column":4},"end":{"line":115,"column":5}},"51":{"start":{"line":111,"column":6},"end":{"line":111,"column":79}},"52":{"start":{"line":112,"column":6},"end":{"line":112,"column":74}},"53":{"start":{"line":114,"column":6},"end":{"line":114,"column":65}},"54":{"start":{"line":118,"column":4},"end":{"line":118,"column":25}},"55":{"start":{"line":119,"column":4},"end":{"line":119,"column":70}},"56":{"start":{"line":123,"column":24},"end":{"line":154,"column":1}},"57":{"start":{"line":124,"column":2},"end":{"line":153,"column":3}},"58":{"start":{"line":125,"column":23},"end":{"line":125,"column":31}},"59":{"start":{"line":126,"column":23},"end":{"line":126,"column":67}},"60":{"start":{"line":128,"column":18},"end":{"line":128,"column":19}},"61":{"start":{"line":129,"column":4},"end":{"line":133,"column":6}},"62":{"start":{"line":130,"column":6},"end":{"line":132,"column":7}},"63":{"start":{"line":131,"column":8},"end":{"line":131,"column":30}},"64":{"start":{"line":135,"column":18},"end":{"line":135,"column":20}},"65":{"start":{"line":136,"column":4},"end":{"line":139,"column":6}},"66":{"start":{"line":137,"column":6},"end":{"line":138,"column":36}},"67":{"start":{"line":138,"column":8},"end":{"line":138,"column":36}},"68":{"start":{"line":141,"column":32},"end":{"line":146,"column":5}},"69":{"start":{"line":148,"column":4},"end":{"line":148,"column":52}},"70":{"start":{"line":151,"column":4},"end":{"line":151,"column":25}},"71":{"start":{"line":152,"column":4},"end":{"line":152,"column":70}}},"fnMap":{"0":{"name":"(anonymous_0)","decl":{"start":{"line":6,"column":22},"end":{"line":6,"column":23}},"loc":{"start":{"line":6,"column":42},"end":{"line":20,"column":1}},"line":6},"1":{"name":"(anonymous_1)","decl":{"start":{"line":22,"column":26},"end":{"line":22,"column":27}},"loc":{"start":{"line":22,"column":46},"end":{"line":38,"column":1}},"line":22},"2":{"name":"(anonymous_2)","decl":{"start":{"line":40,"column":19},"end":{"line":40,"column":20}},"loc":{"start":{"line":40,"column":39},"end":{"line":62,"column":1}},"line":40},"3":{"name":"(anonymous_3)","decl":{"start":{"line":45,"column":45},"end":{"line":45,"column":46}},"loc":{"start":{"line":45,"column":58},"end":{"line":54,"column":5}},"line":45},"4":{"name":"(anonymous_4)","decl":{"start":{"line":47,"column":8},"end":{"line":47,"column":9}},"loc":{"start":{"line":47,"column":18},"end":{"line":47,"column":67}},"line":47},"5":{"name":"(anonymous_5)","decl":{"start":{"line":64,"column":27},"end":{"line":64,"column":28}},"loc":{"start":{"line":64,"column":47},"end":{"line":103,"column":1}},"line":64},"6":{"name":"(anonymous_6)","decl":{"start":{"line":71,"column":49},"end":{"line":71,"column":50}},"loc":{"start":{"line":71,"column":72},"end":{"line":90,"column":5}},"line":71},"7":{"name":"(anonymous_7)","decl":{"start":{"line":92,"column":53},"end":{"line":92,"column":54}},"loc":{"start":{"line":92,"column":75},"end":{"line":94,"column":5}},"line":92},"8":{"name":"(anonymous_8)","decl":{"start":{"line":105,"column":28},"end":{"line":105,"column":29}},"loc":{"start":{"line":105,"column":48},"end":{"line":121,"column":1}},"line":105},"9":{"name":"(anonymous_9)","decl":{"start":{"line":123,"column":24},"end":{"line":123,"column":25}},"loc":{"start":{"line":123,"column":44},"end":{"line":154,"column":1}},"line":123},"10":{"name":"(anonymous_10)","decl":{"start":{"line":129,"column":21},"end":{"line":129,"column":22}},"loc":{"start":{"line":129,"column":31},"end":{"line":133,"column":5}},"line":129},"11":{"name":"(anonymous_11)","decl":{"start":{"line":136,"column":21},"end":{"line":136,"column":22}},"loc":{"start":{"line":136,"column":31},"end":{"line":139,"column":5}},"line":136}},"branchMap":{"0":{"loc":{"start":{"line":10,"column":4},"end":{"line":12,"column":5}},"type":"if","locations":[{"start":{"line":10,"column":4},"end":{"line":12,"column":5}},{"start":{},"end":{}}],"line":10},"1":{"loc":{"start":{"line":27,"column":4},"end":{"line":29,"column":5}},"type":"if","locations":[{"start":{"line":27,"column":4},"end":{"line":29,"column":5}},{"start":{},"end":{}}],"line":27},"2":{"loc":{"start":{"line":52,"column":14},"end":{"line":52,"column":39}},"type":"binary-expr","locations":[{"start":{"line":52,"column":14},"end":{"line":52,"column":31}},{"start":{"line":52,"column":35},"end":{"line":52,"column":39}}],"line":52},"3":{"loc":{"start":{"line":93,"column":20},"end":{"line":93,"column":43}},"type":"binary-expr","locations":[{"start":{"line":93,"column":20},"end":{"line":93,"column":38}},{"start":{"line":93,"column":42},"end":{"line":93,"column":43}}],"line":93},"4":{"loc":{"start":{"line":110,"column":4},"end":{"line":115,"column":5}},"type":"if","locations":[{"start":{"line":110,"column":4},"end":{"line":115,"column":5}},{"start":{"line":113,"column":11},"end":{"line":115,"column":5}}],"line":110},"5":{"loc":{"start":{"line":110,"column":8},"end":{"line":110,"column":62}},"type":"binary-expr","locations":[{"start":{"line":110,"column":8},"end":{"line":110,"column":23}},{"start":{"line":110,"column":27},"end":{"line":110,"column":62}}],"line":110},"6":{"loc":{"start":{"line":130,"column":6},"end":{"line":132,"column":7}},"type":"if","locations":[{"start":{"line":130,"column":6},"end":{"line":132,"column":7}},{"start":{},"end":{}}],"line":130},"7":{"loc":{"start":{"line":130,"column":10},"end":{"line":130,"column":42}},"type":"binary-expr","locations":[{"start":{"line":130,"column":10},"end":{"line":130,"column":26}},{"start":{"line":130,"column":30},"end":{"line":130,"column":42}}],"line":130},"8":{"loc":{"start":{"line":137,"column":6},"end":{"line":138,"column":36}},"type":"if","locations":[{"start":{"line":137,"column":6},"end":{"line":138,"column":36}},{"start":{},"end":{}}],"line":137}},"s":{"0":15,"1":0,"2":0,"3":0,"4":0,"5":0,"6":0,"7":0,"8":0,"9":15,"10":0,"11":0,"12":0,"13":0,"14":0,"15":0,"16":0,"17":0,"18":0,"19":15,"20":0,"21":0,"22":0,"23":0,"24":0,"25":0,"26":0,"27":0,"28":0,"29":0,"30":15,"31":0,"32":0,"33":0,"34":0,"35":0,"36":0,"37":0,"38":0,"39":0,"40":0,"41":0,"42":0,"43":0,"44":0,"45":0,"46":15,"47":0,"48":0,"49":0,"50":0,"51":0,"52":0,"53":0,"54":0,"55":0,"56":15,"57":0,"58":0,"59":0,"60":0,"61":0,"62":0,"63":0,"64":0,"65":0,"66":0,"67":0,"68":0,"69":0,"70":0,"71":0},"f":{"0":0,"1":0,"2":0,"3":0,"4":0,"5":0,"6":0,"7":0,"8":0,"9":0,"10":0,"11":0},"b":{"0":[0,0],"1":[0,0],"2":[0,0],"3":[0,0],"4":[0,0],"5":[0,0],"6":[0,0],"7":[0,0],"8":[0,0]},"_coverageSchema":"1a1c01bbd47fc00a2c39e90264f33305004495a9","hash":"c7b0a0f93a50db2de7a332bce0f7a10a0abb68cb"}
,"C:\\Users\\dharm\\Desktop\\SEM 5\\SE\\G34_Project\\IT314-G34---Healthcare-Provider-Comparison-Platform\\HealNexus\\Backend\\api\\controllers\\profile.controller.js": {"path":"C:\\Users\\dharm\\Desktop\\SEM 5\\SE\\G34_Project\\IT314-G34---Healthcare-Provider-Comparison-Platform\\HealNexus\\Backend\\api\\controllers\\profile.controller.js","statementMap":{"0":{"start":{"line":9,"column":36},"end":{"line":42,"column":1}},"1":{"start":{"line":10,"column":2},"end":{"line":41,"column":3}},"2":{"start":{"line":11,"column":86},"end":{"line":11,"column":94}},"3":{"start":{"line":12,"column":23},"end":{"line":12,"column":26}},"4":{"start":{"line":13,"column":22},"end":{"line":13,"column":30}},"5":{"start":{"line":15,"column":32},"end":{"line":17,"column":6}},"6":{"start":{"line":18,"column":21},"end":{"line":18,"column":51}},"7":{"start":{"line":20,"column":27},"end":{"line":29,"column":6}},"8":{"start":{"line":31,"column":4},"end":{"line":31,"column":32}},"9":{"start":{"line":32,"column":18},"end":{"line":32,"column":44}},"10":{"start":{"line":33,"column":4},"end":{"line":35,"column":7}},"11":{"start":{"line":38,"column":27},"end":{"line":38,"column":112}},"12":{"start":{"line":39,"column":4},"end":{"line":39,"column":23}},"13":{"start":{"line":40,"column":4},"end":{"line":40,"column":84}},"14":{"start":{"line":44,"column":33},"end":{"line":69,"column":1}},"15":{"start":{"line":45,"column":2},"end":{"line":68,"column":3}},"16":{"start":{"line":46,"column":21},"end":{"line":46,"column":24}},"17":{"start":{"line":47,"column":30},"end":{"line":47,"column":57}},"18":{"start":{"line":48,"column":27},"end":{"line":48,"column":70}},"19":{"start":{"line":49,"column":21},"end":{"line":58,"column":5}},"20":{"start":{"line":60,"column":18},"end":{"line":60,"column":44}},"21":{"start":{"line":61,"column":4},"end":{"line":63,"column":6}},"22":{"start":{"line":66,"column":27},"end":{"line":66,"column":111}},"23":{"start":{"line":67,"column":4},"end":{"line":67,"column":84}},"24":{"start":{"line":71,"column":36},"end":{"line":107,"column":1}},"25":{"start":{"line":72,"column":2},"end":{"line":106,"column":3}},"26":{"start":{"line":73,"column":21},"end":{"line":73,"column":24}},"27":{"start":{"line":74,"column":86},"end":{"line":74,"column":94}},"28":{"start":{"line":75,"column":30},"end":{"line":82,"column":5}},"29":{"start":{"line":84,"column":4},"end":{"line":95,"column":5}},"30":{"start":{"line":85,"column":6},"end":{"line":94,"column":7}},"31":{"start":{"line":86,"column":36},"end":{"line":88,"column":10}},"32":{"start":{"line":89,"column":25},"end":{"line":89,"column":55}},"33":{"start":{"line":90,"column":8},"end":{"line":90,"column":43}},"34":{"start":{"line":92,"column":8},"end":{"line":92,"column":67}},"35":{"start":{"line":93,"column":8},"end":{"line":93,"column":66}},"36":{"start":{"line":97,"column":4},"end":{"line":97,"column":79}},"37":{"start":{"line":98,"column":18},"end":{"line":98,"column":44}},"38":{"start":{"line":99,"column":4},"end":{"line":101,"column":7}},"39":{"start":{"line":104,"column":27},"end":{"line":104,"column":112}},"40":{"start":{"line":105,"column":4},"end":{"line":105,"column":84}},"41":{"start":{"line":109,"column":35},"end":{"line":144,"column":1}},"42":{"start":{"line":110,"column":2},"end":{"line":143,"column":3}},"43":{"start":{"line":111,"column":121},"end":{"line":111,"column":129}},"44":{"start":{"line":112,"column":23},"end":{"line":112,"column":26}},"45":{"start":{"line":113,"column":22},"end":{"line":113,"column":30}},"46":{"start":{"line":115,"column":32},"end":{"line":117,"column":6}},"47":{"start":{"line":118,"column":21},"end":{"line":118,"column":51}},"48":{"start":{"line":120,"column":26},"end":{"line":131,"column":6}},"49":{"start":{"line":133,"column":4},"end":{"line":133,"column":31}},"50":{"start":{"line":134,"column":18},"end":{"line":134,"column":44}},"51":{"start":{"line":135,"column":4},"end":{"line":137,"column":7}},"52":{"start":{"line":140,"column":27},"end":{"line":140,"column":111}},"53":{"start":{"line":141,"column":4},"end":{"line":141,"column":23}},"54":{"start":{"line":142,"column":4},"end":{"line":142,"column":84}},"55":{"start":{"line":146,"column":32},"end":{"line":174,"column":1}},"56":{"start":{"line":147,"column":2},"end":{"line":173,"column":3}},"57":{"start":{"line":148,"column":26},"end":{"line":148,"column":69}},"58":{"start":{"line":149,"column":27},"end":{"line":149,"column":68}},"59":{"start":{"line":151,"column":21},"end":{"line":163,"column":5}},"60":{"start":{"line":165,"column":18},"end":{"line":165,"column":44}},"61":{"start":{"line":166,"column":4},"end":{"line":168,"column":7}},"62":{"start":{"line":171,"column":27},"end":{"line":171,"column":110}},"63":{"start":{"line":172,"column":4},"end":{"line":172,"column":84}},"64":{"start":{"line":176,"column":35},"end":{"line":205,"column":1}},"65":{"start":{"line":177,"column":2},"end":{"line":204,"column":3}},"66":{"start":{"line":178,"column":121},"end":{"line":178,"column":129}},"67":{"start":{"line":179,"column":29},"end":{"line":188,"column":5}},"68":{"start":{"line":190,"column":4},"end":{"line":194,"column":6}},"69":{"start":{"line":196,"column":18},"end":{"line":196,"column":44}},"70":{"start":{"line":197,"column":4},"end":{"line":199,"column":7}},"71":{"start":{"line":202,"column":27},"end":{"line":202,"column":111}},"72":{"start":{"line":203,"column":4},"end":{"line":203,"column":84}},"73":{"start":{"line":207,"column":39},"end":{"line":238,"column":1}},"74":{"start":{"line":208,"column":2},"end":{"line":237,"column":3}},"75":{"start":{"line":209,"column":96},"end":{"line":209,"column":104}},"76":{"start":{"line":210,"column":23},"end":{"line":210,"column":26}},"77":{"start":{"line":211,"column":22},"end":{"line":211,"column":30}},"78":{"start":{"line":213,"column":32},"end":{"line":215,"column":6}},"79":{"start":{"line":216,"column":21},"end":{"line":216,"column":51}},"80":{"start":{"line":218,"column":30},"end":{"line":226,"column":6}},"81":{"start":{"line":228,"column":4},"end":{"line":228,"column":35}},"82":{"start":{"line":229,"column":18},"end":{"line":229,"column":44}},"83":{"start":{"line":230,"column":4},"end":{"line":232,"column":7}},"84":{"start":{"line":235,"column":27},"end":{"line":235,"column":115}},"85":{"start":{"line":236,"column":4},"end":{"line":236,"column":84}},"86":{"start":{"line":240,"column":36},"end":{"line":260,"column":1}},"87":{"start":{"line":241,"column":2},"end":{"line":259,"column":3}},"88":{"start":{"line":242,"column":30},"end":{"line":242,"column":77}},"89":{"start":{"line":243,"column":21},"end":{"line":249,"column":5}},"90":{"start":{"line":251,"column":18},"end":{"line":251,"column":44}},"91":{"start":{"line":252,"column":4},"end":{"line":254,"column":7}},"92":{"start":{"line":257,"column":27},"end":{"line":257,"column":114}},"93":{"start":{"line":258,"column":4},"end":{"line":258,"column":84}},"94":{"start":{"line":262,"column":39},"end":{"line":289,"column":1}},"95":{"start":{"line":263,"column":2},"end":{"line":288,"column":3}},"96":{"start":{"line":264,"column":96},"end":{"line":264,"column":104}},"97":{"start":{"line":265,"column":33},"end":{"line":271,"column":5}},"98":{"start":{"line":273,"column":4},"end":{"line":277,"column":6}},"99":{"start":{"line":279,"column":18},"end":{"line":279,"column":44}},"100":{"start":{"line":280,"column":4},"end":{"line":282,"column":7}},"101":{"start":{"line":285,"column":27},"end":{"line":285,"column":115}},"102":{"start":{"line":286,"column":4},"end":{"line":286,"column":22}},"103":{"start":{"line":287,"column":4},"end":{"line":287,"column":84}},"104":{"start":{"line":291,"column":42},"end":{"line":324,"column":1}},"105":{"start":{"line":292,"column":2},"end":{"line":323,"column":3}},"106":{"start":{"line":293,"column":121},"end":{"line":293,"column":129}},"107":{"start":{"line":294,"column":23},"end":{"line":294,"column":26}},"108":{"start":{"line":295,"column":22},"end":{"line":295,"column":30}},"109":{"start":{"line":297,"column":32},"end":{"line":299,"column":6}},"110":{"start":{"line":300,"column":21},"end":{"line":300,"column":51}},"111":{"start":{"line":302,"column":33},"end":{"line":312,"column":6}},"112":{"start":{"line":314,"column":4},"end":{"line":314,"column":38}},"113":{"start":{"line":315,"column":18},"end":{"line":315,"column":44}},"114":{"start":{"line":316,"column":4},"end":{"line":318,"column":7}},"115":{"start":{"line":321,"column":27},"end":{"line":321,"column":119}},"116":{"start":{"line":322,"column":4},"end":{"line":322,"column":84}},"117":{"start":{"line":326,"column":39},"end":{"line":348,"column":1}},"118":{"start":{"line":327,"column":2},"end":{"line":347,"column":3}},"119":{"start":{"line":328,"column":33},"end":{"line":328,"column":83}},"120":{"start":{"line":329,"column":21},"end":{"line":337,"column":5}},"121":{"start":{"line":339,"column":18},"end":{"line":339,"column":44}},"122":{"start":{"line":340,"column":4},"end":{"line":342,"column":7}},"123":{"start":{"line":345,"column":27},"end":{"line":345,"column":118}},"124":{"start":{"line":346,"column":4},"end":{"line":346,"column":84}},"125":{"start":{"line":350,"column":42},"end":{"line":381,"column":1}},"126":{"start":{"line":351,"column":2},"end":{"line":380,"column":3}},"127":{"start":{"line":352,"column":121},"end":{"line":352,"column":129}},"128":{"start":{"line":353,"column":23},"end":{"line":353,"column":26}},"129":{"start":{"line":355,"column":36},"end":{"line":364,"column":5}},"130":{"start":{"line":366,"column":40},"end":{"line":370,"column":5}},"131":{"start":{"line":372,"column":18},"end":{"line":372,"column":44}},"132":{"start":{"line":373,"column":4},"end":{"line":375,"column":7}},"133":{"start":{"line":378,"column":27},"end":{"line":378,"column":119}},"134":{"start":{"line":379,"column":4},"end":{"line":379,"column":84}}},"fnMap":{"0":{"name":"(anonymous_0)","decl":{"start":{"line":9,"column":36},"end":{"line":9,"column":37}},"loc":{"start":{"line":9,"column":56},"end":{"line":42,"column":1}},"line":9},"1":{"name":"(anonymous_1)","decl":{"start":{"line":44,"column":33},"end":{"line":44,"column":34}},"loc":{"start":{"line":44,"column":53},"end":{"line":69,"column":1}},"line":44},"2":{"name":"(anonymous_2)","decl":{"start":{"line":71,"column":36},"end":{"line":71,"column":37}},"loc":{"start":{"line":71,"column":56},"end":{"line":107,"column":1}},"line":71},"3":{"name":"(anonymous_3)","decl":{"start":{"line":109,"column":35},"end":{"line":109,"column":36}},"loc":{"start":{"line":109,"column":55},"end":{"line":144,"column":1}},"line":109},"4":{"name":"(anonymous_4)","decl":{"start":{"line":146,"column":32},"end":{"line":146,"column":33}},"loc":{"start":{"line":146,"column":52},"end":{"line":174,"column":1}},"line":146},"5":{"name":"(anonymous_5)","decl":{"start":{"line":176,"column":35},"end":{"line":176,"column":36}},"loc":{"start":{"line":176,"column":55},"end":{"line":205,"column":1}},"line":176},"6":{"name":"(anonymous_6)","decl":{"start":{"line":207,"column":39},"end":{"line":207,"column":40}},"loc":{"start":{"line":207,"column":59},"end":{"line":238,"column":1}},"line":207},"7":{"name":"(anonymous_7)","decl":{"start":{"line":240,"column":36},"end":{"line":240,"column":37}},"loc":{"start":{"line":240,"column":56},"end":{"line":260,"column":1}},"line":240},"8":{"name":"(anonymous_8)","decl":{"start":{"line":262,"column":39},"end":{"line":262,"column":40}},"loc":{"start":{"line":262,"column":59},"end":{"line":289,"column":1}},"line":262},"9":{"name":"(anonymous_9)","decl":{"start":{"line":291,"column":42},"end":{"line":291,"column":43}},"loc":{"start":{"line":291,"column":62},"end":{"line":324,"column":1}},"line":291},"10":{"name":"(anonymous_10)","decl":{"start":{"line":326,"column":39},"end":{"line":326,"column":40}},"loc":{"start":{"line":326,"column":59},"end":{"line":348,"column":1}},"line":326},"11":{"name":"(anonymous_11)","decl":{"start":{"line":350,"column":42},"end":{"line":350,"column":43}},"loc":{"start":{"line":350,"column":62},"end":{"line":381,"column":1}},"line":350}},"branchMap":{"0":{"loc":{"start":{"line":84,"column":4},"end":{"line":95,"column":5}},"type":"if","locations":[{"start":{"line":84,"column":4},"end":{"line":95,"column":5}},{"start":{},"end":{}}],"line":84}},"s":{"0":15,"1":0,"2":0,"3":0,"4":0,"5":0,"6":0,"7":0,"8":0,"9":0,"10":0,"11":0,"12":0,"13":0,"14":15,"15":0,"16":0,"17":0,"18":0,"19":0,"20":0,"21":0,"22":0,"23":0,"24":15,"25":0,"26":0,"27":0,"28":0,"29":0,"30":0,"31":0,"32":0,"33":0,"34":0,"35":0,"36":0,"37":0,"38":0,"39":0,"40":0,"41":15,"42":0,"43":0,"44":0,"45":0,"46":0,"47":0,"48":0,"49":0,"50":0,"51":0,"52":0,"53":0,"54":0,"55":15,"56":0,"57":0,"58":0,"59":0,"60":0,"61":0,"62":0,"63":0,"64":15,"65":0,"66":0,"67":0,"68":0,"69":0,"70":0,"71":0,"72":0,"73":15,"74":0,"75":0,"76":0,"77":0,"78":0,"79":0,"80":0,"81":0,"82":0,"83":0,"84":0,"85":0,"86":15,"87":0,"88":0,"89":0,"90":0,"91":0,"92":0,"93":0,"94":15,"95":0,"96":0,"97":0,"98":0,"99":0,"100":0,"101":0,"102":0,"103":0,"104":15,"105":0,"106":0,"107":0,"108":0,"109":0,"110":0,"111":0,"112":0,"113":0,"114":0,"115":0,"116":0,"117":15,"118":0,"119":0,"120":0,"121":0,"122":0,"123":0,"124":0,"125":15,"126":0,"127":0,"128":0,"129":0,"130":0,"131":0,"132":0,"133":0,"134":0},"f":{"0":0,"1":0,"2":0,"3":0,"4":0,"5":0,"6":0,"7":0,"8":0,"9":0,"10":0,"11":0},"b":{"0":[0,0]},"_coverageSchema":"1a1c01bbd47fc00a2c39e90264f33305004495a9","hash":"9029083b781c96910c023842279a297609de97ac"}
,"C:\\Users\\dharm\\Desktop\\SEM 5\\SE\\G34_Project\\IT314-G34---Healthcare-Provider-Comparison-Platform\\HealNexus\\Backend\\api\\routes\\admin.routes.js": {"path":"C:\\Users\\dharm\\Desktop\\SEM 5\\SE\\G34_Project\\IT314-G34---Healthcare-Provider-Comparison-Platform\\HealNexus\\Backend\\api\\routes\\admin.routes.js","statementMap":{"0":{"start":{"line":5,"column":15},"end":{"line":5,"column":31}},"1":{"start":{"line":6,"column":0},"end":{"line":6,"column":35}},"2":{"start":{"line":7,"column":0},"end":{"line":7,"column":48}},"3":{"start":{"line":8,"column":0},"end":{"line":8,"column":54}},"4":{"start":{"line":9,"column":0},"end":{"line":9,"column":68}},"5":{"start":{"line":10,"column":0},"end":{"line":10,"column":73}},"6":{"start":{"line":11,"column":0},"end":{"line":11,"column":68}},"7":{"start":{"line":12,"column":0},"end":{"line":12,"column":60}},"8":{"start":{"line":13,"column":0},"end":{"line":13,"column":54}}},"fnMap":{},"branchMap":{},"s":{"0":15,"1":15,"2":15,"3":15,"4":15,"5":15,"6":15,"7":15,"8":15},"f":{},"b":{},"_coverageSchema":"1a1c01bbd47fc00a2c39e90264f33305004495a9","hash":"9b90b5d89532633250c9f8fd460f77268ecfb9ee"}
,"C:\\Users\\dharm\\Desktop\\SEM 5\\SE\\G34_Project\\IT314-G34---Healthcare-Provider-Comparison-Platform\\HealNexus\\Backend\\api\\routes\\appointments.routes.js": {"path":"C:\\Users\\dharm\\Desktop\\SEM 5\\SE\\G34_Project\\IT314-G34---Healthcare-Provider-Comparison-Platform\\HealNexus\\Backend\\api\\routes\\appointments.routes.js","statementMap":{"0":{"start":{"line":5,"column":15},"end":{"line":5,"column":31}},"1":{"start":{"line":6,"column":0},"end":{"line":6,"column":63}},"2":{"start":{"line":7,"column":0},"end":{"line":7,"column":77}},"3":{"start":{"line":8,"column":0},"end":{"line":8,"column":81}},"4":{"start":{"line":9,"column":0},"end":{"line":9,"column":84}}},"fnMap":{},"branchMap":{},"s":{"0":15,"1":15,"2":15,"3":15,"4":15},"f":{},"b":{},"_coverageSchema":"1a1c01bbd47fc00a2c39e90264f33305004495a9","hash":"41b0941d42a37517276cd18d8b6703752674fd08"}
,"C:\\Users\\dharm\\Desktop\\SEM 5\\SE\\G34_Project\\IT314-G34---Healthcare-Provider-Comparison-Platform\\HealNexus\\Backend\\api\\routes\\auth.routes.js": {"path":"C:\\Users\\dharm\\Desktop\\SEM 5\\SE\\G34_Project\\IT314-G34---Healthcare-Provider-Comparison-Platform\\HealNexus\\Backend\\api\\routes\\auth.routes.js","statementMap":{"0":{"start":{"line":5,"column":15},"end":{"line":5,"column":31}},"1":{"start":{"line":6,"column":0},"end":{"line":6,"column":31}},"2":{"start":{"line":7,"column":0},"end":{"line":7,"column":42}},"3":{"start":{"line":8,"column":0},"end":{"line":8,"column":48}},"4":{"start":{"line":9,"column":0},"end":{"line":9,"column":53}},"5":{"start":{"line":10,"column":0},"end":{"line":10,"column":29}},"6":{"start":{"line":11,"column":0},"end":{"line":11,"column":31}},"7":{"start":{"line":12,"column":0},"end":{"line":12,"column":61}}},"fnMap":{},"branchMap":{},"s":{"0":15,"1":15,"2":15,"3":15,"4":15,"5":15,"6":15,"7":15},"f":{},"b":{},"_coverageSchema":"1a1c01bbd47fc00a2c39e90264f33305004495a9","hash":"d2533a8aa83c83325da39d23433af6317ca7018d"}
,"C:\\Users\\dharm\\Desktop\\SEM 5\\SE\\G34_Project\\IT314-G34---Healthcare-Provider-Comparison-Platform\\HealNexus\\Backend\\api\\routes\\patient.routes.js": {"path":"C:\\Users\\dharm\\Desktop\\SEM 5\\SE\\G34_Project\\IT314-G34---Healthcare-Provider-Comparison-Platform\\HealNexus\\Backend\\api\\routes\\patient.routes.js","statementMap":{"0":{"start":{"line":5,"column":15},"end":{"line":5,"column":31}},"1":{"start":{"line":6,"column":0},"end":{"line":6,"column":58}},"2":{"start":{"line":7,"column":0},"end":{"line":7,"column":68}},"3":{"start":{"line":8,"column":0},"end":{"line":8,"column":52}},"4":{"start":{"line":9,"column":0},"end":{"line":9,"column":61}},"5":{"start":{"line":10,"column":0},"end":{"line":10,"column":71}},"6":{"start":{"line":11,"column":0},"end":{"line":11,"column":55}}},"fnMap":{},"branchMap":{},"s":{"0":15,"1":15,"2":15,"3":15,"4":15,"5":15,"6":15},"f":{},"b":{},"_coverageSchema":"1a1c01bbd47fc00a2c39e90264f33305004495a9","hash":"af455bac1cd8d6b939e7237947acf6e4afc7acf9"}
,"C:\\Users\\dharm\\Desktop\\SEM 5\\SE\\G34_Project\\IT314-G34---Healthcare-Provider-Comparison-Platform\\HealNexus\\Backend\\api\\routes\\profile.route.js": {"path":"C:\\Users\\dharm\\Desktop\\SEM 5\\SE\\G34_Project\\IT314-G34---Healthcare-Provider-Comparison-Platform\\HealNexus\\Backend\\api\\routes\\profile.route.js","statementMap":{"0":{"start":{"line":19,"column":15},"end":{"line":19,"column":31}},"1":{"start":{"line":21,"column":0},"end":{"line":21,"column":90}},"2":{"start":{"line":22,"column":0},"end":{"line":22,"column":89}},"3":{"start":{"line":23,"column":0},"end":{"line":23,"column":59}},"4":{"start":{"line":25,"column":0},"end":{"line":25,"column":88}},"5":{"start":{"line":26,"column":0},"end":{"line":26,"column":67}},"6":{"start":{"line":27,"column":0},"end":{"line":27,"column":61}},"7":{"start":{"line":29,"column":0},"end":{"line":29,"column":103}},"8":{"start":{"line":30,"column":0},"end":{"line":30,"column":82}},"9":{"start":{"line":31,"column":0},"end":{"line":31,"column":76}},"10":{"start":{"line":33,"column":0},"end":{"line":33,"column":96}},"11":{"start":{"line":34,"column":0},"end":{"line":34,"column":75}},"12":{"start":{"line":35,"column":0},"end":{"line":35,"column":69}}},"fnMap":{},"branchMap":{},"s":{"0":15,"1":15,"2":15,"3":15,"4":15,"5":15,"6":15,"7":15,"8":15,"9":15,"10":15,"11":15,"12":15},"f":{},"b":{},"_coverageSchema":"1a1c01bbd47fc00a2c39e90264f33305004495a9","hash":"8681963cab41893948897cff90376384b6c91e88"}
,"C:\\Users\\dharm\\Desktop\\SEM 5\\SE\\G34_Project\\IT314-G34---Healthcare-Provider-Comparison-Platform\\HealNexus\\Backend\\data\\models\\appointment.models.js": {"path":"C:\\Users\\dharm\\Desktop\\SEM 5\\SE\\G34_Project\\IT314-G34---Healthcare-Provider-Comparison-Platform\\HealNexus\\Backend\\data\\models\\appointment.models.js","statementMap":{"0":{"start":{"line":3,"column":26},"end":{"line":14,"column":24}},"1":{"start":{"line":16,"column":20},"end":{"line":16,"column":59}}},"fnMap":{},"branchMap":{},"s":{"0":15,"1":15},"f":{},"b":{},"_coverageSchema":"1a1c01bbd47fc00a2c39e90264f33305004495a9","hash":"51c045ca84263cc1985a9b23bf7d841750e93538"}
,"C:\\Users\\dharm\\Desktop\\SEM 5\\SE\\G34_Project\\IT314-G34---Healthcare-Provider-Comparison-Platform\\HealNexus\\Backend\\data\\models\\user.model.js": {"path":"C:\\Users\\dharm\\Desktop\\SEM 5\\SE\\G34_Project\\IT314-G34---Healthcare-Provider-Comparison-Platform\\HealNexus\\Backend\\data\\models\\user.model.js","statementMap":{"0":{"start":{"line":4,"column":19},"end":{"line":17,"column":24}},"1":{"start":{"line":19,"column":13},"end":{"line":19,"column":38}}},"fnMap":{},"branchMap":{},"s":{"0":15,"1":15},"f":{},"b":{},"_coverageSchema":"1a1c01bbd47fc00a2c39e90264f33305004495a9","hash":"90b94f16d672136a04ba2f6e7f102635c61efffa"}
,"C:\\Users\\dharm\\Desktop\\SEM 5\\SE\\G34_Project\\IT314-G34---Healthcare-Provider-Comparison-Platform\\HealNexus\\Backend\\data\\models\\profile\\profile.admin.js": {"path":"C:\\Users\\dharm\\Desktop\\SEM 5\\SE\\G34_Project\\IT314-G34---Healthcare-Provider-Comparison-Platform\\HealNexus\\Backend\\data\\models\\profile\\profile.admin.js","statementMap":{"0":{"start":{"line":3,"column":20},"end":{"line":14,"column":24}},"1":{"start":{"line":16,"column":21},"end":{"line":16,"column":55}}},"fnMap":{},"branchMap":{},"s":{"0":15,"1":15},"f":{},"b":{},"_coverageSchema":"1a1c01bbd47fc00a2c39e90264f33305004495a9","hash":"e9b09d6b098325d9c3ad0e5fba06ac434af9d40c"}
,"C:\\Users\\dharm\\Desktop\\SEM 5\\SE\\G34_Project\\IT314-G34---Healthcare-Provider-Comparison-Platform\\HealNexus\\Backend\\data\\models\\profile\\profile.doctor.js": {"path":"C:\\Users\\dharm\\Desktop\\SEM 5\\SE\\G34_Project\\IT314-G34---Healthcare-Provider-Comparison-Platform\\HealNexus\\Backend\\data\\models\\profile\\profile.doctor.js","statementMap":{"0":{"start":{"line":3,"column":21},"end":{"line":24,"column":24}},"1":{"start":{"line":26,"column":22},"end":{"line":26,"column":58}}},"fnMap":{},"branchMap":{},"s":{"0":15,"1":15},"f":{},"b":{},"_coverageSchema":"1a1c01bbd47fc00a2c39e90264f33305004495a9","hash":"c53157dd001503fd8a755fbcf1ab0bad01c9324e"}
,"C:\\Users\\dharm\\Desktop\\SEM 5\\SE\\G34_Project\\IT314-G34---Healthcare-Provider-Comparison-Platform\\HealNexus\\Backend\\data\\models\\profile\\profile.labTechnician.js": {"path":"C:\\Users\\dharm\\Desktop\\SEM 5\\SE\\G34_Project\\IT314-G34---Healthcare-Provider-Comparison-Platform\\HealNexus\\Backend\\data\\models\\profile\\profile.labTechnician.js","statementMap":{"0":{"start":{"line":3,"column":28},"end":{"line":20,"column":24}},"1":{"start":{"line":22,"column":29},"end":{"line":22,"column":79}}},"fnMap":{},"branchMap":{},"s":{"0":15,"1":15},"f":{},"b":{},"_coverageSchema":"1a1c01bbd47fc00a2c39e90264f33305004495a9","hash":"2c201da1ef1db7c87fa4a24d0827aaac32a8d5a8"}
,"C:\\Users\\dharm\\Desktop\\SEM 5\\SE\\G34_Project\\IT314-G34---Healthcare-Provider-Comparison-Platform\\HealNexus\\Backend\\data\\models\\profile\\profile.patient.js": {"path":"C:\\Users\\dharm\\Desktop\\SEM 5\\SE\\G34_Project\\IT314-G34---Healthcare-Provider-Comparison-Platform\\HealNexus\\Backend\\data\\models\\profile\\profile.patient.js","statementMap":{"0":{"start":{"line":3,"column":22},"end":{"line":24,"column":2}},"1":{"start":{"line":26,"column":23},"end":{"line":26,"column":61}}},"fnMap":{},"branchMap":{},"s":{"0":15,"1":15},"f":{},"b":{},"_coverageSchema":"1a1c01bbd47fc00a2c39e90264f33305004495a9","hash":"cbb1d50514b3f5077c92790353642ac091e4216a"}
,"C:\\Users\\dharm\\Desktop\\SEM 5\\SE\\G34_Project\\IT314-G34---Healthcare-Provider-Comparison-Platform\\HealNexus\\Backend\\data\\models\\profile\\profile.pharmacist.js": {"path":"C:\\Users\\dharm\\Desktop\\SEM 5\\SE\\G34_Project\\IT314-G34---Healthcare-Provider-Comparison-Platform\\HealNexus\\Backend\\data\\models\\profile\\profile.pharmacist.js","statementMap":{"0":{"start":{"line":3,"column":25},"end":{"line":18,"column":24}},"1":{"start":{"line":20,"column":26},"end":{"line":20,"column":70}}},"fnMap":{},"branchMap":{},"s":{"0":15,"1":15},"f":{},"b":{},"_coverageSchema":"1a1c01bbd47fc00a2c39e90264f33305004495a9","hash":"b22d6e612b90b54f7186c08642372b1809723b36"}
,"C:\\Users\\dharm\\Desktop\\SEM 5\\SE\\G34_Project\\IT314-G34---Healthcare-Provider-Comparison-Platform\\HealNexus\\Backend\\middleware\\multer.js": {"path":"C:\\Users\\dharm\\Desktop\\SEM 5\\SE\\G34_Project\\IT314-G34---Healthcare-Provider-Comparison-Platform\\HealNexus\\Backend\\middleware\\multer.js","statementMap":{"0":{"start":{"line":3,"column":16},"end":{"line":11,"column":2}},"1":{"start":{"line":5,"column":8},"end":{"line":5,"column":61}},"2":{"start":{"line":9,"column":8},"end":{"line":9,"column":44}},"3":{"start":{"line":13,"column":15},"end":{"line":13,"column":34}}},"fnMap":{"0":{"name":"(anonymous_0)","decl":{"start":{"line":4,"column":14},"end":{"line":4,"column":15}},"loc":{"start":{"line":4,"column":44},"end":{"line":6,"column":5}},"line":4},"1":{"name":"(anonymous_1)","decl":{"start":{"line":8,"column":17},"end":{"line":8,"column":18}},"loc":{"start":{"line":8,"column":47},"end":{"line":10,"column":5}},"line":8}},"branchMap":{},"s":{"0":15,"1":0,"2":0,"3":15},"f":{"0":0,"1":0},"b":{},"_coverageSchema":"1a1c01bbd47fc00a2c39e90264f33305004495a9","hash":"5fe616428836b96f68f37d9118faffc1a8435875"}
,"C:\\Users\\dharm\\Desktop\\SEM 5\\SE\\G34_Project\\IT314-G34---Healthcare-Provider-Comparison-Platform\\HealNexus\\Backend\\middleware\\verifyToken.js": {"path":"C:\\Users\\dharm\\Desktop\\SEM 5\\SE\\G34_Project\\IT314-G34---Healthcare-Provider-Comparison-Platform\\HealNexus\\Backend\\middleware\\verifyToken.js","statementMap":{"0":{"start":{"line":3,"column":20},"end":{"line":21,"column":1}},"1":{"start":{"line":4,"column":2},"end":{"line":20,"column":3}},"2":{"start":{"line":5,"column":18},"end":{"line":5,"column":33}},"3":{"start":{"line":6,"column":4},"end":{"line":8,"column":5}},"4":{"start":{"line":7,"column":6},"end":{"line":7,"column":82}},"5":{"start":{"line":10,"column":19},"end":{"line":10,"column":70}},"6":{"start":{"line":11,"column":4},"end":{"line":13,"column":5}},"7":{"start":{"line":12,"column":6},"end":{"line":12,"column":81}},"8":{"start":{"line":15,"column":4},"end":{"line":15,"column":31}},"9":{"start":{"line":16,"column":4},"end":{"line":16,"column":11}},"10":{"start":{"line":18,"column":4},"end":{"line":18,"column":40}},"11":{"start":{"line":19,"column":4},"end":{"line":19,"column":69}}},"fnMap":{"0":{"name":"(anonymous_0)","decl":{"start":{"line":3,"column":20},"end":{"line":3,"column":21}},"loc":{"start":{"line":3,"column":40},"end":{"line":21,"column":1}},"line":3}},"branchMap":{"0":{"loc":{"start":{"line":6,"column":4},"end":{"line":8,"column":5}},"type":"if","locations":[{"start":{"line":6,"column":4},"end":{"line":8,"column":5}},{"start":{},"end":{}}],"line":6},"1":{"loc":{"start":{"line":10,"column":37},"end":{"line":10,"column":69}},"type":"binary-expr","locations":[{"start":{"line":10,"column":37},"end":{"line":10,"column":63}},{"start":{"line":10,"column":67},"end":{"line":10,"column":69}}],"line":10},"2":{"loc":{"start":{"line":11,"column":4},"end":{"line":13,"column":5}},"type":"if","locations":[{"start":{"line":11,"column":4},"end":{"line":13,"column":5}},{"start":{},"end":{}}],"line":11}},"s":{"0":15,"1":11,"2":11,"3":11,"4":1,"5":10,"6":10,"7":0,"8":10,"9":10,"10":0,"11":0},"f":{"0":11},"b":{"0":[1,10],"1":[10,0],"2":[0,10]},"_coverageSchema":"1a1c01bbd47fc00a2c39e90264f33305004495a9","hash":"eed8367cac09a75f515d83b7671fbf77f6fdd119"}
,"C:\\Users\\dharm\\Desktop\\SEM 5\\SE\\G34_Project\\IT314-G34---Healthcare-Provider-Comparison-Platform\\HealNexus\\Backend\\src\\app.js": {"path":"C:\\Users\\dharm\\Desktop\\SEM 5\\SE\\G34_Project\\IT314-G34---Healthcare-Provider-Comparison-Platform\\HealNexus\\Backend\\src\\app.js","statementMap":{"0":{"start":{"line":11,"column":0},"end":{"line":11,"column":16}},"1":{"start":{"line":12,"column":12},"end":{"line":12,"column":21}},"2":{"start":{"line":14,"column":0},"end":{"line":14,"column":24}},"3":{"start":{"line":15,"column":0},"end":{"line":15,"column":24}},"4":{"start":{"line":16,"column":0},"end":{"line":19,"column":4}},"5":{"start":{"line":21,"column":0},"end":{"line":26,"column":3}},"6":{"start":{"line":22,"column":2},"end":{"line":22,"column":68}},"7":{"start":{"line":23,"column":2},"end":{"line":23,"column":50}},"8":{"start":{"line":24,"column":2},"end":{"line":24,"column":57}},"9":{"start":{"line":25,"column":2},"end":{"line":25,"column":9}},"10":{"start":{"line":28,"column":0},"end":{"line":28,"column":29}},"11":{"start":{"line":29,"column":0},"end":{"line":29,"column":35}},"12":{"start":{"line":30,"column":0},"end":{"line":30,"column":31}},"13":{"start":{"line":31,"column":0},"end":{"line":31,"column":43}},"14":{"start":{"line":32,"column":0},"end":{"line":32,"column":35}}},"fnMap":{"0":{"name":"(anonymous_0)","decl":{"start":{"line":21,"column":8},"end":{"line":21,"column":9}},"loc":{"start":{"line":21,"column":26},"end":{"line":26,"column":1}},"line":21}},"branchMap":{},"s":{"0":15,"1":15,"2":15,"3":15,"4":15,"5":15,"6":43,"7":43,"8":43,"9":43,"10":15,"11":15,"12":15,"13":15,"14":15},"f":{"0":43},"b":{},"_coverageSchema":"1a1c01bbd47fc00a2c39e90264f33305004495a9","hash":"3d0eab028ca958d07c89b77b989d1fb36af24566"}
}
