TN:
SF:Nodemailer\emailTemplates.js
FNF:0
FNH:0
DA:1,27
DA:47,27
DA:82,27
DA:123,27
LF:4
LH:4
BRF:0
BRH:0
end_of_record
TN:
SF:Nodemailer\sendPasswordResetEmail.js
FN:5,(anonymous_0)
FNF:1
FNH:1
FNDA:1,(anonymous_0)
DA:5,27
DA:6,1
DA:7,1
DA:17,1
DA:23,1
DA:25,1
DA:26,1
LF:7
LH:7
BRDA:20,0,0,1
BRDA:20,0,1,0
BRF:2
BRH:1
end_of_record
TN:
SF:Nodemailer\sendResetSuccessfulMail.js
FN:5,(anonymous_0)
FNF:1
FNH:1
FNDA:1,(anonymous_0)
DA:5,27
DA:6,1
DA:7,1
DA:17,1
DA:23,1
DA:25,1
DA:26,1
LF:7
LH:7
BRDA:20,0,0,1
BRDA:20,0,1,0
BRF:2
BRH:1
end_of_record
TN:
SF:Nodemailer\sendVerificationCode.js
FN:5,(anonymous_0)
FNF:1
FNH:1
FNDA:3,(anonymous_0)
DA:5,27
DA:6,3
DA:7,3
DA:17,3
DA:23,3
DA:25,3
DA:26,3
LF:7
LH:7
BRDA:20,0,0,3
BRDA:20,0,1,0
BRDA:20,1,0,3
BRDA:20,1,1,0
BRF:4
BRH:2
end_of_record
TN:
SF:Nodemailer\sendWelcomeMail.js
FN:5,(anonymous_0)
FNF:1
FNH:1
FNDA:1,(anonymous_0)
DA:5,27
DA:6,1
DA:7,1
DA:17,1
DA:23,1
DA:25,1
DA:26,1
LF:7
LH:7
BRDA:20,0,0,1
BRDA:20,0,1,0
BRF:2
BRH:1
end_of_record
TN:
SF:Utilites\errorCodes.js
FN:11,getErrorDetails
FNF:1
FNH:1
FNDA:35,getErrorDetails
DA:1,27
DA:12,35
DA:13,35
DA:14,0
DA:17,35
LF:5
LH:4
BRDA:11,0,0,8
BRDA:13,1,0,0
BRDA:13,1,1,35
BRDA:19,2,0,27
BRDA:19,2,1,8
BRF:5
BRH:4
end_of_record
TN:
SF:Utilites\generateJWTTokenAndCookie.js
FN:3,(anonymous_0)
FNF:1
FNH:1
FNDA:4,(anonymous_0)
DA:3,27
DA:4,4
DA:5,4
DA:6,0
DA:9,4
DA:10,4
LF:6
LH:5
BRDA:5,0,0,0
BRDA:5,0,1,4
BRF:2
BRH:1
end_of_record
TN:
SF:Utilites\generateVerificationCode.js
FN:1,(anonymous_0)
FNF:1
FNH:1
FNDA:4,(anonymous_0)
DA:1,27
DA:2,4
LF:2
LH:2
BRF:0
BRH:0
end_of_record
TN:
SF:Utilites\options.js
FNF:0
FNH:0
DA:1,27
DA:9,27
LF:2
LH:2
BRF:0
BRH:0
end_of_record
TN:
SF:api\controllers\admin.controller.js
FN:12,(anonymous_0)
FN:34,(anonymous_1)
FN:63,(anonymous_2)
FN:79,(anonymous_3)
FN:83,(anonymous_4)
FN:99,(anonymous_5)
FN:103,(anonymous_6)
FN:119,(anonymous_7)
FN:131,(anonymous_8)
FN:143,(anonymous_9)
FN:152,(anonymous_10)
FNF:11
FNH:11
FNDA:2,(anonymous_0)
FNDA:2,(anonymous_1)
FNDA:3,(anonymous_2)
FNDA:2,(anonymous_3)
FNDA:2,(anonymous_4)
FNDA:2,(anonymous_5)
FNDA:1,(anonymous_6)
FNDA:1,(anonymous_7)
FNDA:2,(anonymous_8)
FNDA:1,(anonymous_9)
FNDA:1,(anonymous_10)
DA:12,27
DA:13,2
DA:14,2
DA:15,2
DA:16,1
DA:18,1
DA:23,1
DA:24,1
DA:29,0
DA:30,0
DA:34,27
DA:35,2
DA:36,2
DA:37,2
DA:42,2
DA:48,2
DA:49,1
DA:52,1
DA:53,1
DA:58,0
DA:59,0
DA:63,27
DA:64,3
DA:65,3
DA:67,3
DA:68,2
DA:69,1
DA:71,1
DA:74,1
DA:75,1
DA:79,27
DA:80,2
DA:81,2
DA:82,2
DA:84,2
DA:85,2
DA:92,2
DA:94,0
DA:95,0
DA:99,27
DA:100,2
DA:101,2
DA:102,2
DA:104,1
DA:105,1
DA:112,2
DA:114,0
DA:115,0
DA:119,27
DA:120,1
DA:121,1
DA:122,1
DA:124,1
DA:126,0
DA:127,0
DA:131,27
DA:132,2
DA:133,2
DA:134,2
DA:137,0
DA:138,0
DA:143,27
DA:144,1
DA:145,1
DA:146,1
DA:147,1
DA:148,1
DA:149,1
DA:151,1
DA:153,1
DA:154,1
DA:155,1
DA:156,1
DA:158,1
DA:171,1
DA:180,1
DA:183,0
DA:184,0
LF:78
LH:64
BRDA:15,0,0,1
BRDA:15,0,1,1
BRDA:48,1,0,1
BRDA:48,1,1,1
BRDA:67,2,0,2
BRDA:67,2,1,1
BRDA:67,3,0,3
BRDA:67,3,1,2
BRDA:87,4,0,2
BRDA:87,4,1,0
BRDA:107,5,0,1
BRDA:107,5,1,0
BRF:12
BRH:10
end_of_record
TN:
SF:api\controllers\appointment.controller.js
FN:7,(anonymous_0)
FN:50,(anonymous_1)
FN:57,(anonymous_2)
FN:92,(anonymous_3)
FN:110,(anonymous_4)
FN:121,(anonymous_5)
FN:138,(anonymous_6)
FNF:7
FNH:6
FNDA:3,(anonymous_0)
FNDA:1,(anonymous_1)
FNDA:1,(anonymous_2)
FNDA:1,(anonymous_3)
FNDA:0,(anonymous_4)
FNDA:1,(anonymous_5)
FNDA:1,(anonymous_6)
DA:7,27
DA:8,3
DA:9,3
DA:11,3
DA:12,3
DA:14,3
DA:15,1
DA:18,2
DA:19,2
DA:20,1
DA:21,1
DA:23,0
DA:26,1
DA:29,1
DA:39,1
DA:40,1
DA:42,1
DA:44,0
DA:45,0
DA:50,27
DA:51,1
DA:52,1
DA:54,1
DA:55,1
DA:57,1
DA:58,1
DA:59,1
DA:61,1
DA:83,1
DA:84,1
DA:87,0
DA:88,0
DA:92,27
DA:93,1
DA:94,1
DA:95,1
DA:96,1
DA:97,1
DA:98,1
DA:100,1
DA:101,0
DA:104,1
DA:106,1
DA:107,1
DA:109,1
DA:110,1
DA:112,0
DA:113,0
DA:116,1
DA:117,1
DA:121,27
DA:122,1
DA:123,1
DA:124,1
DA:125,1
DA:126,1
DA:128,1
DA:129,0
DA:132,1
DA:134,1
DA:135,1
DA:137,1
DA:138,1
DA:140,1
DA:141,1
DA:144,0
DA:145,0
LF:67
LH:56
BRDA:14,0,0,1
BRDA:14,0,1,2
BRDA:14,1,0,3
BRDA:14,1,1,3
BRDA:19,2,0,1
BRDA:19,2,1,1
BRDA:20,3,0,1
BRDA:20,3,1,0
BRDA:100,4,0,0
BRDA:100,4,1,1
BRDA:128,5,0,0
BRDA:128,5,1,1
BRF:12
BRH:9
end_of_record
TN:
SF:api\controllers\auth.controller.js
FN:22,(anonymous_0)
FN:74,(anonymous_1)
FN:111,(anonymous_2)
FN:138,(anonymous_3)
FN:171,(anonymous_4)
FN:222,(anonymous_5)
FN:235,(anonymous_6)
FNF:7
FNH:7
FNDA:8,(anonymous_0)
FNDA:5,(anonymous_1)
FNDA:3,(anonymous_2)
FNDA:5,(anonymous_3)
FNDA:3,(anonymous_4)
FNDA:1,(anonymous_5)
FNDA:2,(anonymous_6)
DA:16,27
DA:22,27
DA:23,8
DA:24,8
DA:25,8
DA:26,1
DA:27,1
DA:30,7
DA:31,7
DA:32,1
DA:33,1
DA:36,6
DA:37,1
DA:38,1
DA:41,5
DA:42,1
DA:43,1
DA:46,4
DA:47,4
DA:48,4
DA:50,4
DA:58,4
DA:59,3
DA:61,3
DA:62,3
DA:65,3
DA:68,1
DA:69,1
DA:70,1
DA:74,27
DA:75,5
DA:76,5
DA:77,5
DA:82,5
DA:83,4
DA:84,4
DA:87,1
DA:88,0
DA:89,0
DA:92,1
DA:93,1
DA:94,1
DA:95,1
DA:97,1
DA:98,1
DA:99,1
DA:106,0
DA:107,0
DA:111,27
DA:112,3
DA:113,3
DA:115,3
DA:116,3
DA:117,2
DA:118,2
DA:121,1
DA:122,1
DA:123,1
DA:124,1
DA:126,1
DA:127,1
DA:128,1
DA:130,1
DA:133,0
DA:134,0
DA:138,27
DA:139,5
DA:140,5
DA:141,5
DA:143,5
DA:148,5
DA:149,4
DA:150,4
DA:153,1
DA:154,1
DA:156,1
DA:157,1
DA:158,1
DA:159,1
DA:161,1
DA:162,1
DA:163,1
DA:166,0
DA:167,0
DA:171,27
DA:172,3
DA:173,3
DA:175,3
DA:176,1
DA:177,1
DA:178,1
DA:183,2
DA:184,2
DA:186,2
DA:187,2
DA:188,2
DA:191,0
DA:192,0
DA:193,0
DA:194,0
DA:197,0
DA:199,0
DA:200,0
DA:201,0
DA:204,0
DA:205,0
DA:206,0
DA:209,0
DA:210,0
DA:211,0
DA:216,0
DA:217,0
DA:218,0
DA:222,27
DA:223,1
DA:224,1
DA:225,1
DA:226,1
DA:227,1
DA:230,0
DA:231,0
DA:235,27
DA:236,2
DA:237,2
DA:239,2
DA:240,0
DA:241,0
DA:244,2
DA:246,2
DA:247,1
DA:248,1
DA:251,1
DA:257,1
DA:258,1
DA:261,0
DA:265,0
LF:136
LH:105
BRDA:25,0,0,1
BRDA:25,0,1,7
BRDA:25,1,0,8
BRDA:25,1,1,7
BRDA:25,1,2,7
BRDA:25,1,3,7
BRDA:25,1,4,7
BRDA:31,2,0,1
BRDA:31,2,1,6
BRDA:36,3,0,1
BRDA:36,3,1,5
BRDA:41,4,0,1
BRDA:41,4,1,4
BRDA:82,5,0,4
BRDA:82,5,1,1
BRDA:87,6,0,0
BRDA:87,6,1,1
BRDA:116,7,0,2
BRDA:116,7,1,1
BRDA:148,8,0,4
BRDA:148,8,1,1
BRDA:175,9,0,1
BRDA:175,9,1,2
BRDA:175,10,0,3
BRDA:175,10,1,1
BRDA:184,11,0,2
BRDA:184,11,1,1
BRDA:186,12,0,2
BRDA:186,12,1,0
BRDA:186,13,0,2
BRDA:186,13,1,1
BRDA:192,14,0,0
BRDA:192,14,1,0
BRDA:199,15,0,0
BRDA:199,15,1,0
BRDA:204,16,0,0
BRDA:204,16,1,0
BRDA:239,17,0,0
BRDA:239,17,1,2
BRDA:246,18,0,1
BRDA:246,18,1,1
BRF:41
BRH:32
end_of_record
TN:
SF:api\controllers\dashboard.controller.js
FN:3,(anonymous_0)
FN:21,(anonymous_1)
FNF:2
FNH:2
FNDA:2,(anonymous_0)
FNDA:3,(anonymous_1)
DA:3,27
DA:4,2
DA:5,2
DA:6,2
DA:8,2
DA:9,1
DA:12,1
DA:13,1
DA:16,0
DA:17,0
DA:21,27
DA:22,3
DA:23,3
DA:24,3
DA:25,1
DA:28,2
DA:29,2
DA:30,1
DA:33,1
DA:34,1
DA:37,0
DA:38,0
LF:22
LH:18
BRDA:8,0,0,1
BRDA:8,0,1,1
BRDA:24,1,0,1
BRDA:24,1,1,2
BRDA:29,2,0,1
BRDA:29,2,1,1
BRF:6
BRH:6
end_of_record
TN:
SF:api\controllers\doctor.controller.js
FN:6,(anonymous_0)
FN:22,(anonymous_1)
FN:40,(anonymous_2)
FN:45,(anonymous_3)
FN:47,(anonymous_4)
FN:64,(anonymous_5)
FN:71,(anonymous_6)
FN:92,(anonymous_7)
FN:105,(anonymous_8)
FN:123,(anonymous_9)
FN:129,(anonymous_10)
FN:136,(anonymous_11)
FNF:12
FNH:12
FNDA:2,(anonymous_0)
FNDA:2,(anonymous_1)
FNDA:1,(anonymous_2)
FNDA:1,(anonymous_3)
FNDA:1,(anonymous_4)
FNDA:2,(anonymous_5)
FNDA:2,(anonymous_6)
FNDA:2,(anonymous_7)
FNDA:3,(anonymous_8)
FNDA:2,(anonymous_9)
FNDA:3,(anonymous_10)
FNDA:3,(anonymous_11)
DA:6,27
DA:7,2
DA:8,2
DA:9,2
DA:10,2
DA:11,1
DA:14,1
DA:17,0
DA:18,0
DA:22,27
DA:23,2
DA:24,2
DA:26,2
DA:27,2
DA:28,1
DA:31,1
DA:32,1
DA:35,0
DA:36,0
DA:40,27
DA:41,1
DA:42,1
DA:43,1
DA:45,1
DA:46,1
DA:47,1
DA:50,1
DA:56,1
DA:59,0
DA:60,0
DA:64,27
DA:65,2
DA:66,2
DA:67,2
DA:68,2
DA:69,2
DA:71,2
DA:72,2
DA:73,2
DA:74,2
DA:92,2
DA:93,2
DA:96,2
DA:97,2
DA:100,0
DA:101,0
DA:105,27
DA:106,3
DA:107,3
DA:108,3
DA:110,3
DA:111,1
DA:112,1
DA:114,2
DA:118,0
DA:119,0
DA:123,27
DA:124,2
DA:125,2
DA:126,2
DA:127,2
DA:128,2
DA:129,2
DA:130,3
DA:131,2
DA:135,2
DA:136,2
DA:137,3
DA:138,3
DA:141,2
DA:148,2
DA:151,0
DA:152,0
LF:73
LH:61
BRDA:10,0,0,1
BRDA:10,0,1,1
BRDA:27,1,0,1
BRDA:27,1,1,1
BRDA:52,2,0,1
BRDA:52,2,1,0
BRDA:93,3,0,2
BRDA:93,3,1,0
BRDA:110,4,0,1
BRDA:110,4,1,2
BRDA:110,5,0,3
BRDA:110,5,1,1
BRDA:130,6,0,2
BRDA:130,6,1,1
BRDA:130,7,0,3
BRDA:130,7,1,2
BRDA:137,8,0,3
BRDA:137,8,1,0
BRF:18
BRH:15
end_of_record
TN:
SF:api\controllers\profile.controller.js
FN:9,(anonymous_0)
FN:44,(anonymous_1)
FN:71,(anonymous_2)
FN:109,(anonymous_3)
FN:146,(anonymous_4)
FN:176,(anonymous_5)
FN:207,(anonymous_6)
FN:240,(anonymous_7)
FN:262,(anonymous_8)
FN:291,(anonymous_9)
FN:326,(anonymous_10)
FN:350,(anonymous_11)
FNF:12
FNH:0
FNDA:0,(anonymous_0)
FNDA:0,(anonymous_1)
FNDA:0,(anonymous_2)
FNDA:0,(anonymous_3)
FNDA:0,(anonymous_4)
FNDA:0,(anonymous_5)
FNDA:0,(anonymous_6)
FNDA:0,(anonymous_7)
FNDA:0,(anonymous_8)
FNDA:0,(anonymous_9)
FNDA:0,(anonymous_10)
FNDA:0,(anonymous_11)
DA:9,27
DA:10,0
DA:11,0
DA:12,0
DA:13,0
DA:15,0
DA:18,0
DA:20,0
DA:31,0
DA:32,0
DA:33,0
DA:38,0
DA:39,0
DA:40,0
DA:44,27
DA:45,0
DA:46,0
DA:47,0
DA:48,0
DA:49,0
DA:60,0
DA:61,0
DA:66,0
DA:67,0
DA:71,27
DA:72,0
DA:73,0
DA:74,0
DA:75,0
DA:84,0
DA:85,0
DA:86,0
DA:89,0
DA:90,0
DA:92,0
DA:93,0
DA:97,0
DA:98,0
DA:99,0
DA:104,0
DA:105,0
DA:109,27
DA:110,0
DA:111,0
DA:112,0
DA:113,0
DA:115,0
DA:118,0
DA:120,0
DA:133,0
DA:134,0
DA:135,0
DA:140,0
DA:141,0
DA:142,0
DA:146,27
DA:147,0
DA:148,0
DA:149,0
DA:151,0
DA:165,0
DA:166,0
DA:171,0
DA:172,0
DA:176,27
DA:177,0
DA:178,0
DA:179,0
DA:190,0
DA:196,0
DA:197,0
DA:202,0
DA:203,0
DA:207,27
DA:208,0
DA:209,0
DA:210,0
DA:211,0
DA:213,0
DA:216,0
DA:218,0
DA:228,0
DA:229,0
DA:230,0
DA:235,0
DA:236,0
DA:240,27
DA:241,0
DA:242,0
DA:243,0
DA:251,0
DA:252,0
DA:257,0
DA:258,0
DA:262,27
DA:263,0
DA:264,0
DA:265,0
DA:273,0
DA:279,0
DA:280,0
DA:285,0
DA:286,0
DA:287,0
DA:291,27
DA:292,0
DA:293,0
DA:294,0
DA:295,0
DA:297,0
DA:300,0
DA:302,0
DA:314,0
DA:315,0
DA:316,0
DA:321,0
DA:322,0
DA:326,27
DA:327,0
DA:328,0
DA:329,0
DA:339,0
DA:340,0
DA:345,0
DA:346,0
DA:350,27
DA:351,0
DA:352,0
DA:353,0
DA:355,0
DA:366,0
DA:372,0
DA:373,0
DA:378,0
DA:379,0
LF:135
LH:12
BRDA:84,0,0,0
BRDA:84,0,1,0
BRF:2
BRH:0
end_of_record
TN:
SF:api\routes\Filter.routes.js
FNF:0
FNH:0
DA:4,27
DA:5,27
DA:6,27
LF:3
LH:3
BRF:0
BRH:0
end_of_record
TN:
SF:api\routes\admin.routes.js
FNF:0
FNH:0
DA:5,27
DA:6,27
DA:7,27
DA:8,27
DA:9,27
DA:10,27
DA:11,27
DA:12,27
DA:13,27
LF:9
LH:9
BRF:0
BRH:0
end_of_record
TN:
SF:api\routes\appointments.routes.js
FNF:0
FNH:0
DA:5,27
DA:6,27
DA:7,27
DA:8,27
DA:9,27
LF:5
LH:5
BRF:0
BRH:0
end_of_record
TN:
SF:api\routes\auth.routes.js
FNF:0
FNH:0
DA:5,27
DA:6,27
DA:7,27
DA:8,27
DA:9,27
DA:10,27
DA:11,27
DA:12,27
LF:8
LH:8
BRF:0
BRH:0
end_of_record
TN:
SF:api\routes\patient.routes.js
FNF:0
FNH:0
DA:5,27
DA:6,27
DA:7,27
DA:8,27
DA:9,27
DA:10,27
DA:11,27
LF:7
LH:7
BRF:0
BRH:0
end_of_record
TN:
SF:api\routes\profile.route.js
FNF:0
FNH:0
DA:19,27
DA:21,27
DA:22,27
DA:23,27
DA:25,27
DA:26,27
DA:27,27
DA:29,27
DA:30,27
DA:31,27
DA:33,27
DA:34,27
DA:35,27
LF:13
LH:13
BRF:0
BRH:0
end_of_record
TN:
SF:data\models\appointment.models.js
FNF:0
FNH:0
DA:3,27
DA:16,27
LF:2
LH:2
BRF:0
BRH:0
end_of_record
TN:
SF:data\models\user.model.js
FNF:0
FNH:0
DA:4,27
DA:19,27
LF:2
LH:2
BRF:0
BRH:0
end_of_record
TN:
SF:data\models\profile\profile.admin.js
FNF:0
FNH:0
DA:3,27
DA:16,27
LF:2
LH:2
BRF:0
BRH:0
end_of_record
TN:
SF:data\models\profile\profile.doctor.js
FNF:0
FNH:0
DA:3,27
DA:26,27
LF:2
LH:2
BRF:0
BRH:0
end_of_record
TN:
SF:data\models\profile\profile.labTechnician.js
FNF:0
FNH:0
DA:3,27
DA:22,27
LF:2
LH:2
BRF:0
BRH:0
end_of_record
TN:
SF:data\models\profile\profile.patient.js
FNF:0
FNH:0
DA:3,27
DA:26,27
LF:2
LH:2
BRF:0
BRH:0
end_of_record
TN:
SF:data\models\profile\profile.pharmacist.js
FNF:0
FNH:0
DA:3,27
DA:20,27
LF:2
LH:2
BRF:0
BRH:0
end_of_record
TN:
SF:middleware\multer.js
FN:4,(anonymous_0)
FN:8,(anonymous_1)
FNF:2
FNH:0
FNDA:0,(anonymous_0)
FNDA:0,(anonymous_1)
DA:3,27
DA:5,0
DA:9,0
DA:13,27
LF:4
LH:2
BRF:0
BRH:0
end_of_record
TN:
SF:middleware\verifyToken.js
FN:3,(anonymous_0)
FNF:1
FNH:1
FNDA:30,(anonymous_0)
DA:3,27
DA:4,30
DA:5,30
DA:6,30
DA:7,2
DA:10,28
DA:11,28
DA:12,0
DA:15,28
DA:16,28
DA:18,0
DA:19,0
LF:12
LH:9
BRDA:6,0,0,2
BRDA:6,0,1,28
BRDA:10,1,0,28
BRDA:10,1,1,0
BRDA:11,2,0,0
BRDA:11,2,1,28
BRF:6
BRH:4
end_of_record
TN:
SF:src\app.js
FN:22,(anonymous_0)
FNF:1
FNH:1
FNDA:67,(anonymous_0)
DA:12,27
DA:13,27
DA:15,27
DA:16,27
DA:17,27
DA:22,27
DA:23,67
DA:24,67
DA:25,67
DA:26,67
DA:29,27
DA:30,27
DA:31,27
DA:32,27
DA:33,27
DA:34,27
LF:16
LH:16
BRF:0
BRH:0
end_of_record
