TN:
SF:pages\admin\context\DoctorContext.jsx
FN:9,(anonymous_0)
FN:17,(anonymous_1)
FN:33,(anonymous_2)
FN:50,(anonymous_3)
FN:67,(anonymous_4)
FNF:5
FNH:5
FNDA:8,(anonymous_0)
FNDA:3,(anonymous_1)
FNDA:1,(anonymous_2)
FNDA:1,(anonymous_3)
FNDA:1,(anonymous_4)
DA:7,1
DA:9,1
DA:10,8
DA:11,8
DA:12,8
DA:13,8
DA:14,8
DA:17,8
DA:18,3
DA:19,3
DA:20,2
DA:22,2
DA:23,2
DA:26,0
DA:29,1
DA:30,1
DA:33,8
DA:34,1
DA:35,1
DA:37,1
DA:39,1
DA:40,1
DA:42,0
DA:45,0
DA:46,0
DA:50,8
DA:51,1
DA:52,1
DA:54,1
DA:56,1
DA:57,1
DA:59,0
DA:62,0
DA:63,0
DA:67,8
DA:68,1
DA:69,1
DA:70,1
DA:72,1
DA:73,1
DA:79,8
DA:85,8
LF:42
LH:35
BRDA:11,0,0,8
BRDA:11,0,1,8
BRDA:20,1,0,2
BRDA:20,1,1,0
BRDA:37,2,0,1
BRDA:37,2,1,0
BRDA:54,3,0,1
BRDA:54,3,1,0
BRDA:70,4,0,1
BRDA:70,4,1,0
BRF:10
BRH:6
end_of_record
TN:
SF:pages\doctor\context\DoctorContext.jsx
FN:9,(anonymous_0)
FN:17,(anonymous_1)
FN:33,(anonymous_2)
FN:50,(anonymous_3)
FN:67,(anonymous_4)
FNF:5
FNH:4
FNDA:5,(anonymous_0)
FNDA:5,(anonymous_1)
FNDA:0,(anonymous_2)
FNDA:5,(anonymous_3)
FNDA:5,(anonymous_4)
DA:7,1
DA:9,1
DA:10,5
DA:11,5
DA:12,5
DA:13,5
DA:14,5
DA:17,5
DA:18,5
DA:19,5
DA:20,4
DA:22,3
DA:23,1
DA:26,1
DA:29,3
DA:30,3
DA:33,5
DA:34,0
DA:35,0
DA:37,0
DA:39,0
DA:40,0
DA:42,0
DA:45,0
DA:46,0
DA:50,5
DA:51,5
DA:52,5
DA:54,0
DA:56,0
DA:57,0
DA:59,0
DA:62,5
DA:63,5
DA:67,5
DA:68,5
DA:69,5
DA:70,0
DA:72,0
DA:73,0
DA:79,5
DA:85,5
LF:42
LH:27
BRDA:11,0,0,5
BRDA:11,0,1,5
BRDA:20,1,0,3
BRDA:20,1,1,1
BRDA:37,2,0,0
BRDA:37,2,1,0
BRDA:54,3,0,0
BRDA:54,3,1,0
BRDA:70,4,0,0
BRDA:70,4,1,0
BRF:10
BRH:4
end_of_record
